This file contains any messages produced by compilers while
running configure, to aid debugging if configure makes a mistake.

It was created by LRDE Tiger Compiler configure 1.55, which was
generated by GNU Autoconf 2.69.  Invocation command line was

  $ ./configure --no-create --no-recursion

## --------- ##
## Platform. ##
## --------- ##

hostname = henri-pc
uname -m = x86_64
uname -r = 4.4.33-1-MANJARO
uname -s = Linux
uname -v = #1 SMP PREEMPT Fri Nov 18 18:06:44 UTC 2016

/usr/bin/uname -p = unknown
/bin/uname -X     = unknown

/bin/arch              = unknown
/usr/bin/arch -k       = unknown
/usr/convex/getsysinfo = unknown
/usr/bin/hostinfo      = unknown
/bin/machine           = unknown
/usr/bin/oslevel       = unknown
/bin/universe          = unknown

PATH: /usr/local/sbin
PATH: /usr/local/bin
PATH: /usr/bin
PATH: /usr/lib/jvm/default/bin
PATH: /usr/bin/site_perl
PATH: /usr/bin/vendor_perl
PATH: /usr/bin/core_perl


## ----------- ##
## Core tests. ##
## ----------- ##

configure:2532: checking for a BSD-compatible install
configure:2600: result: /usr/bin/install -c
configure:2611: checking whether build environment is sane
configure:2666: result: yes
configure:2817: checking for a thread-safe mkdir -p
configure:2856: result: /usr/bin/mkdir -p
configure:2863: checking for gawk
configure:2879: found /usr/bin/gawk
configure:2890: result: gawk
configure:2901: checking whether make sets $(MAKE)
configure:2923: result: yes
configure:2952: checking whether make supports nested variables
configure:2969: result: yes
configure:3108: checking whether make supports nested variables
configure:3125: result: yes
configure:3207: checking for g++
configure:3223: found /usr/bin/g++
configure:3234: result: g++
configure:3261: checking for C++ compiler version
configure:3270: g++ --version >&5
g++ (GCC) 6.2.1 20160830
Copyright (C) 2016 Free Software Foundation, Inc.
This is free software; see the source for copying conditions.  There is NO
warranty; not even for MERCHANTABILITY or FITNESS FOR A PARTICULAR PURPOSE.

configure:3281: $? = 0
configure:3270: g++ -v >&5
Using built-in specs.
COLLECT_GCC=g++
COLLECT_LTO_WRAPPER=/usr/lib/gcc/x86_64-pc-linux-gnu/6.2.1/lto-wrapper
Target: x86_64-pc-linux-gnu
Configured with: /build/gcc-multilib/src/gcc/configure --prefix=/usr --libdir=/usr/lib --libexecdir=/usr/lib --mandir=/usr/share/man --infodir=/usr/share/info --with-bugurl=https://bugs.archlinux.org/ --enable-languages=c,c++,ada,fortran,go,lto,objc,obj-c++ --enable-shared --enable-threads=posix --enable-libmpx --with-system-zlib --with-isl --enable-__cxa_atexit --disable-libunwind-exceptions --enable-clocale=gnu --disable-libstdcxx-pch --disable-libssp --enable-gnu-unique-object --enable-linker-build-id --enable-lto --enable-plugin --enable-install-libiberty --with-linker-hash-style=gnu --enable-gnu-indirect-function --enable-multilib --disable-werror --enable-checking=release
Thread model: posix
gcc version 6.2.1 20160830 (GCC) 
configure:3281: $? = 0
configure:3270: g++ -V >&5
g++: error: unrecognized command line option '-V'
g++: fatal error: no input files
compilation terminated.
configure:3281: $? = 1
configure:3270: g++ -qversion >&5
g++: error: unrecognized command line option '-qversion'; did you mean '--version'?
g++: fatal error: no input files
compilation terminated.
configure:3281: $? = 1
configure:3301: checking whether the C++ compiler works
configure:3323: g++    conftest.cpp  >&5
configure:3327: $? = 0
configure:3375: result: yes
configure:3378: checking for C++ compiler default output file name
configure:3380: result: a.out
configure:3386: checking for suffix of executables
configure:3393: g++ -o conftest    conftest.cpp  >&5
configure:3397: $? = 0
configure:3419: result: 
configure:3441: checking whether we are cross compiling
configure:3449: g++ -o conftest    conftest.cpp  >&5
configure:3453: $? = 0
configure:3460: ./conftest
configure:3464: $? = 0
configure:3479: result: no
configure:3484: checking for suffix of object files
configure:3506: g++ -c   conftest.cpp >&5
configure:3510: $? = 0
configure:3531: result: o
configure:3535: checking whether we are using the GNU C++ compiler
configure:3554: g++ -c   conftest.cpp >&5
configure:3554: $? = 0
configure:3563: result: yes
configure:3572: checking whether g++ accepts -g
configure:3592: g++ -c -g  conftest.cpp >&5
configure:3592: $? = 0
configure:3633: result: yes
configure:3667: checking for style of include used by make
configure:3715: result: GNU
configure:3741: checking dependency style of g++
configure:3852: result: gcc3
configure:3917: checking build system type
configure:3931: result: x86_64-unknown-linux-gnu
configure:3951: checking host system type
configure:3964: result: x86_64-unknown-linux-gnu
configure:4031: checking whether C++ compiler accepts -std=c++14
configure:4050: g++ -c -g -O2  -std=c++14  conftest.cpp >&5
configure:4050: $? = 0
configure:4058: result: yes
configure:4074: checking whether C++ compiler accepts -pipe
configure:4093: g++ -c -g -O2 -std=c++14  -pipe  conftest.cpp >&5
configure:4093: $? = 0
configure:4101: result: yes
configure:4111: checking for grep that handles long lines and -e
configure:4169: result: /usr/bin/grep
configure:4174: checking for egrep
configure:4236: result: /usr/bin/grep -E
configure:4241: checking whether C++ compiler accepts -Wall
configure:4261: g++ -c -g -O2 -std=c++14 -pipe -Wall  conftest.cpp >&5
configure:4269: $? = 0
configure:4272: test -s conftest.o
configure:4275: $? = 0
configure:4289: result: yes
configure:4294: checking whether C++ compiler accepts -W
configure:4314: g++ -c -g -O2 -std=c++14 -pipe -W  conftest.cpp >&5
configure:4322: $? = 0
configure:4325: test -s conftest.o
configure:4328: $? = 0
configure:4342: result: yes
configure:4347: checking whether C++ compiler accepts -Wcast-align
configure:4367: g++ -c -g -O2 -std=c++14 -pipe -Wcast-align  conftest.cpp >&5
configure:4375: $? = 0
configure:4378: test -s conftest.o
configure:4381: $? = 0
configure:4395: result: yes
configure:4400: checking whether C++ compiler accepts -Wcast-qual
configure:4420: g++ -c -g -O2 -std=c++14 -pipe -Wcast-qual  conftest.cpp >&5
configure:4428: $? = 0
configure:4431: test -s conftest.o
configure:4434: $? = 0
configure:4448: result: yes
configure:4453: checking whether C++ compiler accepts -Wformat
configure:4473: g++ -c -g -O2 -std=c++14 -pipe -Wformat  conftest.cpp >&5
configure:4481: $? = 0
configure:4484: test -s conftest.o
configure:4487: $? = 0
configure:4501: result: yes
configure:4506: checking whether C++ compiler accepts -Wmissing-prototypes
configure:4526: g++ -c -g -O2 -std=c++14 -pipe -Wmissing-prototypes  conftest.cpp >&5
cc1plus: warning: command line option '-Wmissing-prototypes' is valid for C/ObjC but not for C++
configure:4534: $? = 0
configure:4537: test -s conftest.o
configure:4540: $? = 0
configure:4554: result: no
configure:4559: checking whether C++ compiler accepts -Wstrict-prototypes
configure:4579: g++ -c -g -O2 -std=c++14 -pipe -Wstrict-prototypes  conftest.cpp >&5
cc1plus: warning: command line option '-Wstrict-prototypes' is valid for C/ObjC but not for C++
configure:4587: $? = 0
configure:4590: test -s conftest.o
configure:4593: $? = 0
configure:4607: result: no
configure:4612: checking whether C++ compiler accepts -Wwrite-strings
configure:4632: g++ -c -g -O2 -std=c++14 -pipe -Wwrite-strings  conftest.cpp >&5
configure:4640: $? = 0
configure:4643: test -s conftest.o
configure:4646: $? = 0
configure:4660: result: yes
configure:4665: checking whether C++ compiler accepts -Wbad-function-cast
configure:4685: g++ -c -g -O2 -std=c++14 -pipe -Wbad-function-cast  conftest.cpp >&5
cc1plus: warning: command line option '-Wbad-function-cast' is valid for C/ObjC but not for C++
configure:4693: $? = 0
configure:4696: test -s conftest.o
configure:4699: $? = 0
configure:4713: result: no
configure:4718: checking whether C++ compiler accepts -Wmissing-declarations
configure:4738: g++ -c -g -O2 -std=c++14 -pipe -Wmissing-declarations  conftest.cpp >&5
configure:4746: $? = 0
configure:4749: test -s conftest.o
configure:4752: $? = 0
configure:4766: result: yes
configure:4771: checking whether C++ compiler accepts -Wnested-externs
configure:4791: g++ -c -g -O2 -std=c++14 -pipe -Wnested-externs  conftest.cpp >&5
cc1plus: warning: command line option '-Wnested-externs' is valid for C/ObjC but not for C++
configure:4799: $? = 0
configure:4802: test -s conftest.o
configure:4805: $? = 0
configure:4819: result: no
configure:4824: checking whether C++ compiler accepts -Wunused-parameter
configure:4844: g++ -c -g -O2 -std=c++14 -pipe -Wunused-parameter  conftest.cpp >&5
configure:4852: $? = 0
configure:4855: test -s conftest.o
configure:4858: $? = 0
configure:4872: result: yes
configure:4877: checking whether C++ compiler accepts -Wunused-function
configure:4897: g++ -c -g -O2 -std=c++14 -pipe -Wunused-function  conftest.cpp >&5
configure:4905: $? = 0
configure:4908: test -s conftest.o
configure:4911: $? = 0
configure:4925: result: yes
configure:4930: checking whether C++ compiler accepts -Woverloaded-virtual
configure:4950: g++ -c -g -O2 -std=c++14 -pipe -Woverloaded-virtual  conftest.cpp >&5
configure:4958: $? = 0
configure:4961: test -s conftest.o
configure:4964: $? = 0
configure:4978: result: yes
configure:4983: checking whether C++ compiler accepts 
configure:5003: g++ -c -g -O2 -std=c++14 -pipe   conftest.cpp >&5
configure:5011: $? = 0
configure:5014: test -s conftest.o
configure:5017: $? = 0
configure:5031: result: yes
configure:5042: checking whether C++ compiler accepts -Wno-shadow
configure:5062: g++ -c -g -O2 -std=c++14 -pipe -Wno-shadow  conftest.cpp >&5
configure:5070: $? = 0
configure:5073: test -s conftest.o
configure:5076: $? = 0
configure:5090: result: yes
configure:5154: checking whether C++ compiler accepts -wd111,193,279,383,444,522,654,810,981,1418
configure:5174: g++ -c -g -O2 -std=c++14 -pipe -wd111,193,279,383,444,522,654,810,981,1418  conftest.cpp >&5
g++: error: unrecognized command line option '-wd111,193,279,383,444,522,654,810,981,1418'
configure:5182: $? = 1
configure: failed program was:
| /* confdefs.h */
| #define PACKAGE_NAME "LRDE Tiger Compiler"
| #define PACKAGE_TARNAME "fauche_r-tc"
| #define PACKAGE_VERSION "1.55"
| #define PACKAGE_STRING "LRDE Tiger Compiler 1.55"
| #define PACKAGE_BUGREPORT "tiger@lrde.epita.fr"
| #define PACKAGE_URL "http://tiger.lrde.epita.fr"
| #define PACKAGE "fauche_r-tc"
| #define VERSION "1.55"
| /* end confdefs.h.  */
| 
| int
| main ()
| {
| 
|   ;
|   return 0;
| }
configure:5202: result: no
configure:5234: checking whether C++ compiler accepts -Wno-strict-aliasing
configure:5254: g++ -c -g -O2 -std=c++14 -pipe -Wno-strict-aliasing  conftest.cpp >&5
configure:5262: $? = 0
configure:5265: test -s conftest.o
configure:5268: $? = 0
configure:5282: result: yes
configure:5301: checking for flex
configure:5317: found /usr/bin/flex
configure:5328: result: flex
configure:5343: checking for flex >= 2.5.35
configure:5384: result: yes
configure:5420: checking for bison
configure:5436: found /usr/bin/bison
configure:5447: result: bison
configure:5462: checking for bison >= 3.0
configure:5503: result: yes
configure:5522: checking for emacs
configure:5552: result: no
configure:5522: checking for xemacs
configure:5552: result: no
configure:5573: checking where .elc files should go
configure:5602: result: ${datadir}/emacs/site-lisp
configure:5660: checking for gcc
configure:5676: found /usr/bin/gcc
configure:5687: result: gcc
configure:5916: checking for C compiler version
configure:5925: gcc --version >&5
gcc (GCC) 6.2.1 20160830
Copyright (C) 2016 Free Software Foundation, Inc.
This is free software; see the source for copying conditions.  There is NO
warranty; not even for MERCHANTABILITY or FITNESS FOR A PARTICULAR PURPOSE.

configure:5936: $? = 0
configure:5925: gcc -v >&5
Using built-in specs.
COLLECT_GCC=gcc
COLLECT_LTO_WRAPPER=/usr/lib/gcc/x86_64-pc-linux-gnu/6.2.1/lto-wrapper
Target: x86_64-pc-linux-gnu
Configured with: /build/gcc-multilib/src/gcc/configure --prefix=/usr --libdir=/usr/lib --libexecdir=/usr/lib --mandir=/usr/share/man --infodir=/usr/share/info --with-bugurl=https://bugs.archlinux.org/ --enable-languages=c,c++,ada,fortran,go,lto,objc,obj-c++ --enable-shared --enable-threads=posix --enable-libmpx --with-system-zlib --with-isl --enable-__cxa_atexit --disable-libunwind-exceptions --enable-clocale=gnu --disable-libstdcxx-pch --disable-libssp --enable-gnu-unique-object --enable-linker-build-id --enable-lto --enable-plugin --enable-install-libiberty --with-linker-hash-style=gnu --enable-gnu-indirect-function --enable-multilib --disable-werror --enable-checking=release
Thread model: posix
gcc version 6.2.1 20160830 (GCC) 
configure:5936: $? = 0
configure:5925: gcc -V >&5
gcc: error: unrecognized command line option '-V'
gcc: fatal error: no input files
compilation terminated.
configure:5936: $? = 1
configure:5925: gcc -qversion >&5
gcc: error: unrecognized command line option '-qversion'; did you mean '--version'?
gcc: fatal error: no input files
compilation terminated.
configure:5936: $? = 1
configure:5940: checking whether we are using the GNU C compiler
configure:5959: gcc -c   conftest.c >&5
configure:5959: $? = 0
configure:5968: result: yes
configure:5977: checking whether gcc accepts -g
configure:5997: gcc -c -g  conftest.c >&5
configure:5997: $? = 0
configure:6038: result: yes
configure:6055: checking for gcc option to accept ISO C89
configure:6118: gcc  -c -g -O2  conftest.c >&5
configure:6118: $? = 0
configure:6131: result: none needed
configure:6156: checking whether gcc understands -c and -o together
configure:6178: gcc -c conftest.c -o conftest2.o
configure:6181: $? = 0
configure:6178: gcc -c conftest.c -o conftest2.o
configure:6181: $? = 0
configure:6193: result: yes
configure:6212: checking dependency style of gcc
configure:6323: result: gcc3
configure:6388: checking for ar
configure:6404: found /usr/bin/ar
configure:6415: result: ar
configure:6441: checking the archiver (ar) interface
configure:6457: gcc -c -g -O2  conftest.c >&5
configure:6457: $? = 0
configure:6459: ar cru libconftest.a conftest.o >&5
ar: `u' modifier ignored since `D' is the default (see `U')
configure:6462: $? = 0
configure:6490: result: ar
configure:6558: checking how to print strings
configure:6585: result: printf
configure:6606: checking for a sed that does not truncate output
configure:6670: result: /usr/bin/sed
configure:6688: checking for fgrep
configure:6750: result: /usr/bin/grep -F
configure:6785: checking for ld used by gcc
configure:6852: result: /usr/bin/ld
configure:6859: checking if the linker (/usr/bin/ld) is GNU ld
configure:6874: result: yes
configure:6886: checking for BSD- or MS-compatible name lister (nm)
configure:6940: result: /usr/bin/nm -B
configure:7070: checking the name lister (/usr/bin/nm -B) interface
configure:7077: g++ -c -g -O2 -std=c++14 -pipe  conftest.cpp >&5
configure:7080: /usr/bin/nm -B "conftest.o"
configure:7083: output
0000000000000000 B some_variable
configure:7090: result: BSD nm
configure:7093: checking whether ln -s works
configure:7097: result: yes
configure:7105: checking the maximum length of command line arguments
configure:7236: result: 1572864
configure:7284: checking how to convert x86_64-unknown-linux-gnu file names to x86_64-unknown-linux-gnu format
configure:7324: result: func_convert_file_noop
configure:7331: checking how to convert x86_64-unknown-linux-gnu file names to toolchain format
configure:7351: result: func_convert_file_noop
configure:7358: checking for /usr/bin/ld option to reload object files
configure:7365: result: -r
configure:7439: checking for objdump
configure:7455: found /usr/bin/objdump
configure:7466: result: objdump
configure:7498: checking how to recognize dependent libraries
configure:7698: result: pass_all
configure:7783: checking for dlltool
configure:7813: result: no
configure:7843: checking how to associate runtime and link libraries
configure:7870: result: printf %s\n
configure:7994: checking for archiver @FILE support
configure:8011: g++ -c -g -O2 -std=c++14 -pipe  conftest.cpp >&5
configure:8011: $? = 0
configure:8014: ar cru libconftest.a @conftest.lst >&5
ar: `u' modifier ignored since `D' is the default (see `U')
configure:8017: $? = 0
configure:8022: ar cru libconftest.a @conftest.lst >&5
ar: `u' modifier ignored since `D' is the default (see `U')
ar: conftest.o: No such file or directory
configure:8025: $? = 1
configure:8037: result: @
configure:8095: checking for strip
configure:8111: found /usr/bin/strip
configure:8122: result: strip
configure:8194: checking for ranlib
configure:8210: found /usr/bin/ranlib
configure:8221: result: ranlib
configure:8323: checking command to parse /usr/bin/nm -B output from gcc object
configure:8476: g++ -c -g -O2 -std=c++14 -pipe  conftest.cpp >&5
configure:8479: $? = 0
configure:8483: /usr/bin/nm -B conftest.o \| sed -n -e 's/^.*[ ]\([ABCDGIRSTW][ABCDGIRSTW]*\)[ ][ ]*\([_A-Za-z][_A-Za-z0-9]*\)$/\1 \2 \2/p' | sed '/ __gnu_lto/d' \> conftest.nm
configure:8486: $? = 0
configure:8552: g++ -o conftest -g -O2 -std=c++14 -pipe   conftest.cpp conftstm.o >&5
configure:8555: $? = 0
configure:8593: result: ok
configure:8640: checking for sysroot
configure:8670: result: no
configure:8677: checking for a working dd
configure:8715: result: /usr/bin/dd
configure:8719: checking how to truncate binary pipes
configure:8734: result: /usr/bin/dd bs=4096 count=1
configure:8870: g++ -c -g -O2 -std=c++14 -pipe  conftest.cpp >&5
configure:8873: $? = 0
configure:9063: checking for mt
configure:9093: result: no
configure:9113: checking if : is a manifest tool
configure:9119: : '-?'
configure:9127: result: no
configure:9804: checking how to run the C preprocessor
configure:9835: gcc -E  conftest.c
configure:9835: $? = 0
configure:9849: gcc -E  conftest.c
conftest.c:14:28: fatal error: ac_nonexistent.h: No such file or directory
 #include <ac_nonexistent.h>
                            ^
compilation terminated.
configure:9849: $? = 1
configure: failed program was:
| /* confdefs.h */
| #define PACKAGE_NAME "LRDE Tiger Compiler"
| #define PACKAGE_TARNAME "fauche_r-tc"
| #define PACKAGE_VERSION "1.55"
| #define PACKAGE_STRING "LRDE Tiger Compiler 1.55"
| #define PACKAGE_BUGREPORT "tiger@lrde.epita.fr"
| #define PACKAGE_URL "http://tiger.lrde.epita.fr"
| #define PACKAGE "fauche_r-tc"
| #define VERSION "1.55"
| #define FLEX_MAJOR_VERSION 2
| #define FLEX_MINOR_VERSION 6
| #define FLEX_SUBMINOR_VERSION 1
| /* end confdefs.h.  */
| #include <ac_nonexistent.h>
configure:9874: result: gcc -E
configure:9894: gcc -E  conftest.c
configure:9894: $? = 0
configure:9908: gcc -E  conftest.c
conftest.c:14:28: fatal error: ac_nonexistent.h: No such file or directory
 #include <ac_nonexistent.h>
                            ^
compilation terminated.
configure:9908: $? = 1
configure: failed program was:
| /* confdefs.h */
| #define PACKAGE_NAME "LRDE Tiger Compiler"
| #define PACKAGE_TARNAME "fauche_r-tc"
| #define PACKAGE_VERSION "1.55"
| #define PACKAGE_STRING "LRDE Tiger Compiler 1.55"
| #define PACKAGE_BUGREPORT "tiger@lrde.epita.fr"
| #define PACKAGE_URL "http://tiger.lrde.epita.fr"
| #define PACKAGE "fauche_r-tc"
| #define VERSION "1.55"
| #define FLEX_MAJOR_VERSION 2
| #define FLEX_MINOR_VERSION 6
| #define FLEX_SUBMINOR_VERSION 1
| /* end confdefs.h.  */
| #include <ac_nonexistent.h>
configure:9937: checking for ANSI C header files
configure:9957: gcc -c -g -O2  conftest.c >&5
configure:9957: $? = 0
configure:10030: gcc -o conftest -g -O2   conftest.c  >&5
configure:10030: $? = 0
configure:10030: ./conftest
configure:10030: $? = 0
configure:10041: result: yes
configure:10054: checking for sys/types.h
configure:10054: gcc -c -g -O2  conftest.c >&5
configure:10054: $? = 0
configure:10054: result: yes
configure:10054: checking for sys/stat.h
configure:10054: gcc -c -g -O2  conftest.c >&5
configure:10054: $? = 0
configure:10054: result: yes
configure:10054: checking for stdlib.h
configure:10054: gcc -c -g -O2  conftest.c >&5
configure:10054: $? = 0
configure:10054: result: yes
configure:10054: checking for string.h
configure:10054: gcc -c -g -O2  conftest.c >&5
configure:10054: $? = 0
configure:10054: result: yes
configure:10054: checking for memory.h
configure:10054: gcc -c -g -O2  conftest.c >&5
configure:10054: $? = 0
configure:10054: result: yes
configure:10054: checking for strings.h
configure:10054: gcc -c -g -O2  conftest.c >&5
configure:10054: $? = 0
configure:10054: result: yes
configure:10054: checking for inttypes.h
configure:10054: gcc -c -g -O2  conftest.c >&5
configure:10054: $? = 0
configure:10054: result: yes
configure:10054: checking for stdint.h
configure:10054: gcc -c -g -O2  conftest.c >&5
configure:10054: $? = 0
configure:10054: result: yes
configure:10054: checking for unistd.h
configure:10054: gcc -c -g -O2  conftest.c >&5
configure:10054: $? = 0
configure:10054: result: yes
configure:10068: checking for dlfcn.h
configure:10068: gcc -c -g -O2  conftest.c >&5
configure:10068: $? = 0
configure:10068: result: yes
configure:10333: checking for objdir
configure:10348: result: .libs
configure:10612: checking if gcc supports -fno-rtti -fno-exceptions
configure:10630: gcc -c -g -O2  -fno-rtti -fno-exceptions conftest.c >&5
cc1: warning: command line option '-fno-rtti' is valid for C++/ObjC++ but not for C
configure:10634: $? = 0
configure:10647: result: no
configure:11005: checking for gcc option to produce PIC
configure:11012: result: -fPIC -DPIC
configure:11020: checking if gcc PIC flag -fPIC -DPIC works
configure:11038: gcc -c -g -O2  -fPIC -DPIC -DPIC conftest.c >&5
configure:11042: $? = 0
configure:11055: result: yes
configure:11084: checking if gcc static flag -static works
configure:11112: result: yes
configure:11127: checking if gcc supports -c -o file.o
configure:11148: gcc -c -g -O2  -o out/conftest2.o conftest.c >&5
configure:11152: $? = 0
configure:11174: result: yes
configure:11182: checking if gcc supports -c -o file.o
configure:11229: result: yes
configure:11262: checking whether the gcc linker (/usr/bin/ld -m elf_x86_64) supports shared libraries
configure:12521: result: yes
configure:12761: checking dynamic linker characteristics
configure:13342: gcc -o conftest -g -O2   -Wl,-rpath -Wl,/foo conftest.c  >&5
configure:13342: $? = 0
configure:13579: result: GNU/Linux ld.so
configure:13701: checking how to hardcode library paths into programs
configure:13726: result: immediate
configure:14274: checking whether stripping libraries is possible
configure:14279: result: yes
configure:14314: checking if libtool supports shared libraries
configure:14316: result: yes
configure:14319: checking whether to build shared libraries
configure:14344: result: no
configure:14347: checking whether to build static libraries
configure:14351: result: yes
configure:14374: checking how to run the C++ preprocessor
configure:14401: g++ -E  conftest.cpp
configure:14401: $? = 0
configure:14415: g++ -E  conftest.cpp
conftest.cpp:26:28: fatal error: ac_nonexistent.h: No such file or directory
 #include <ac_nonexistent.h>
                            ^
compilation terminated.
configure:14415: $? = 1
configure: failed program was:
| /* confdefs.h */
| #define PACKAGE_NAME "LRDE Tiger Compiler"
| #define PACKAGE_TARNAME "fauche_r-tc"
| #define PACKAGE_VERSION "1.55"
| #define PACKAGE_STRING "LRDE Tiger Compiler 1.55"
| #define PACKAGE_BUGREPORT "tiger@lrde.epita.fr"
| #define PACKAGE_URL "http://tiger.lrde.epita.fr"
| #define PACKAGE "fauche_r-tc"
| #define VERSION "1.55"
| #define FLEX_MAJOR_VERSION 2
| #define FLEX_MINOR_VERSION 6
| #define FLEX_SUBMINOR_VERSION 1
| #define STDC_HEADERS 1
| #define HAVE_SYS_TYPES_H 1
| #define HAVE_SYS_STAT_H 1
| #define HAVE_STDLIB_H 1
| #define HAVE_STRING_H 1
| #define HAVE_MEMORY_H 1
| #define HAVE_STRINGS_H 1
| #define HAVE_INTTYPES_H 1
| #define HAVE_STDINT_H 1
| #define HAVE_UNISTD_H 1
| #define HAVE_DLFCN_H 1
| #define LT_OBJDIR ".libs/"
| /* end confdefs.h.  */
| #include <ac_nonexistent.h>
configure:14440: result: g++ -E
configure:14460: g++ -E  conftest.cpp
configure:14460: $? = 0
configure:14474: g++ -E  conftest.cpp
conftest.cpp:26:28: fatal error: ac_nonexistent.h: No such file or directory
 #include <ac_nonexistent.h>
                            ^
compilation terminated.
configure:14474: $? = 1
configure: failed program was:
| /* confdefs.h */
| #define PACKAGE_NAME "LRDE Tiger Compiler"
| #define PACKAGE_TARNAME "fauche_r-tc"
| #define PACKAGE_VERSION "1.55"
| #define PACKAGE_STRING "LRDE Tiger Compiler 1.55"
| #define PACKAGE_BUGREPORT "tiger@lrde.epita.fr"
| #define PACKAGE_URL "http://tiger.lrde.epita.fr"
| #define PACKAGE "fauche_r-tc"
| #define VERSION "1.55"
| #define FLEX_MAJOR_VERSION 2
| #define FLEX_MINOR_VERSION 6
| #define FLEX_SUBMINOR_VERSION 1
| #define STDC_HEADERS 1
| #define HAVE_SYS_TYPES_H 1
| #define HAVE_SYS_STAT_H 1
| #define HAVE_STDLIB_H 1
| #define HAVE_STRING_H 1
| #define HAVE_MEMORY_H 1
| #define HAVE_STRINGS_H 1
| #define HAVE_INTTYPES_H 1
| #define HAVE_STDINT_H 1
| #define HAVE_UNISTD_H 1
| #define HAVE_DLFCN_H 1
| #define LT_OBJDIR ".libs/"
| /* end confdefs.h.  */
| #include <ac_nonexistent.h>
configure:14636: checking for ld used by g++
configure:14703: result: /usr/bin/ld -m elf_x86_64
configure:14710: checking if the linker (/usr/bin/ld -m elf_x86_64) is GNU ld
configure:14725: result: yes
configure:14780: checking whether the g++ linker (/usr/bin/ld -m elf_x86_64) supports shared libraries
configure:15853: result: yes
configure:15889: g++ -c -g -O2 -std=c++14 -pipe  conftest.cpp >&5
configure:15892: $? = 0
configure:16373: checking for g++ option to produce PIC
configure:16380: result: -fPIC -DPIC
configure:16388: checking if g++ PIC flag -fPIC -DPIC works
configure:16406: g++ -c -g -O2 -std=c++14 -pipe  -fPIC -DPIC -DPIC conftest.cpp >&5
configure:16410: $? = 0
configure:16423: result: yes
configure:16446: checking if g++ static flag -static works
configure:16474: result: yes
configure:16486: checking if g++ supports -c -o file.o
configure:16507: g++ -c -g -O2 -std=c++14 -pipe  -o out/conftest2.o conftest.cpp >&5
configure:16511: $? = 0
configure:16533: result: yes
configure:16538: checking if g++ supports -c -o file.o
configure:16585: result: yes
configure:16615: checking whether the g++ linker (/usr/bin/ld -m elf_x86_64) supports shared libraries
configure:16655: result: yes
configure:16796: checking dynamic linker characteristics
configure:17541: result: GNU/Linux ld.so
configure:17606: checking how to hardcode library paths into programs
configure:17631: result: immediate
configure: this is boost.m4 serial 24
configure:17757: checking for Boost headers version >= 1.61.0
configure:17828: g++ -c -g -O2 -std=c++14 -pipe  conftest.cpp >&5
configure:17828: $? = 0
configure:17849: result: yes
configure:17868: checking for Boost's header version
configure:17898: result: 1_62
configure:17921: checking boost/cast.hpp usability
configure:17921: g++ -c -g -O2 -std=c++14 -pipe   conftest.cpp >&5
configure:17921: $? = 0
configure:17921: result: yes
configure:17921: checking boost/cast.hpp presence
configure:17921: g++ -E   conftest.cpp
configure:17921: $? = 0
configure:17921: result: yes
configure:17921: checking for boost/cast.hpp
configure:17921: result: yes
configure:17950: checking boost/lexical_cast.hpp usability
configure:17950: g++ -c -g -O2 -std=c++14 -pipe   conftest.cpp >&5
configure:17950: $? = 0
configure:17950: result: yes
configure:17950: checking boost/lexical_cast.hpp presence
configure:17950: g++ -E   conftest.cpp
configure:17950: $? = 0
configure:17950: result: yes
configure:17950: checking for boost/lexical_cast.hpp
configure:17950: result: yes
configure:17970: checking for the toolset name used by Boost for g++
configure:18084: g++ -c -g -O2 -std=c++14 -pipe  conftest.cpp >&5
conftest.cpp:33:3: error: #error defined __GNUC__ && __GNUC__ == 5 && __GNUC_MINOR__ == 0 && !defined __ICC && (defined WIN32 || defined WINNT || defined _WIN32 || defined __WIN32 || defined __WIN32__ || defined __WINNT || defined __WINNT__)
 # error defined __GNUC__ && __GNUC__ == 5 && __GNUC_MINOR__ == 0 && !defined __ICC &&   (defined WIN32 || defined WINNT || defined _WIN32 || defined __WIN32          || defined __WIN32__ || defined __WINNT || defined __WINNT__)
   ^~~~~
configure:18084: $? = 1
configure: failed program was:
| /* confdefs.h */
| #define PACKAGE_NAME "LRDE Tiger Compiler"
| #define PACKAGE_TARNAME "fauche_r-tc"
| #define PACKAGE_VERSION "1.55"
| #define PACKAGE_STRING "LRDE Tiger Compiler 1.55"
| #define PACKAGE_BUGREPORT "tiger@lrde.epita.fr"
| #define PACKAGE_URL "http://tiger.lrde.epita.fr"
| #define PACKAGE "fauche_r-tc"
| #define VERSION "1.55"
| #define FLEX_MAJOR_VERSION 2
| #define FLEX_MINOR_VERSION 6
| #define FLEX_SUBMINOR_VERSION 1
| #define STDC_HEADERS 1
| #define HAVE_SYS_TYPES_H 1
| #define HAVE_SYS_STAT_H 1
| #define HAVE_STDLIB_H 1
| #define HAVE_STRING_H 1
| #define HAVE_MEMORY_H 1
| #define HAVE_STRINGS_H 1
| #define HAVE_INTTYPES_H 1
| #define HAVE_STDINT_H 1
| #define HAVE_UNISTD_H 1
| #define HAVE_DLFCN_H 1
| #define LT_OBJDIR ".libs/"
| #define HAVE_BOOST 1
| #define HAVE_BOOST_CAST_HPP 1
| #define HAVE_BOOST_LEXICAL_CAST_HPP 1
| /* end confdefs.h.  */
| 
| #if defined __GNUC__ && __GNUC__ == 5 && __GNUC_MINOR__ == 0 && !defined __ICC &&   (defined WIN32 || defined WINNT || defined _WIN32 || defined __WIN32          || defined __WIN32__ || defined __WINNT || defined __WINNT__)
| /* OK */
| #else
| # error defined __GNUC__ && __GNUC__ == 5 && __GNUC_MINOR__ == 0 && !defined __ICC &&   (defined WIN32 || defined WINNT || defined _WIN32 || defined __WIN32          || defined __WIN32__ || defined __WINNT || defined __WINNT__)
| #endif
| 
| int
| main ()
| {
| 
|   ;
|   return 0;
| }
configure:18084: g++ -c -g -O2 -std=c++14 -pipe  conftest.cpp >&5
conftest.cpp:33:3: error: #error defined __GNUC__ && __GNUC__ == 5 && __GNUC_MINOR__ == 0 && !defined __ICC
 # error defined __GNUC__ && __GNUC__ == 5 && __GNUC_MINOR__ == 0 && !defined __ICC
   ^~~~~
configure:18084: $? = 1
configure: failed program was:
| /* confdefs.h */
| #define PACKAGE_NAME "LRDE Tiger Compiler"
| #define PACKAGE_TARNAME "fauche_r-tc"
| #define PACKAGE_VERSION "1.55"
| #define PACKAGE_STRING "LRDE Tiger Compiler 1.55"
| #define PACKAGE_BUGREPORT "tiger@lrde.epita.fr"
| #define PACKAGE_URL "http://tiger.lrde.epita.fr"
| #define PACKAGE "fauche_r-tc"
| #define VERSION "1.55"
| #define FLEX_MAJOR_VERSION 2
| #define FLEX_MINOR_VERSION 6
| #define FLEX_SUBMINOR_VERSION 1
| #define STDC_HEADERS 1
| #define HAVE_SYS_TYPES_H 1
| #define HAVE_SYS_STAT_H 1
| #define HAVE_STDLIB_H 1
| #define HAVE_STRING_H 1
| #define HAVE_MEMORY_H 1
| #define HAVE_STRINGS_H 1
| #define HAVE_INTTYPES_H 1
| #define HAVE_STDINT_H 1
| #define HAVE_UNISTD_H 1
| #define HAVE_DLFCN_H 1
| #define LT_OBJDIR ".libs/"
| #define HAVE_BOOST 1
| #define HAVE_BOOST_CAST_HPP 1
| #define HAVE_BOOST_LEXICAL_CAST_HPP 1
| /* end confdefs.h.  */
| 
| #if defined __GNUC__ && __GNUC__ == 5 && __GNUC_MINOR__ == 0 && !defined __ICC
| /* OK */
| #else
| # error defined __GNUC__ && __GNUC__ == 5 && __GNUC_MINOR__ == 0 && !defined __ICC
| #endif
| 
| int
| main ()
| {
| 
|   ;
|   return 0;
| }
configure:18084: g++ -c -g -O2 -std=c++14 -pipe  conftest.cpp >&5
conftest.cpp:33:3: error: #error defined __GNUC__ && __GNUC__ == 4 && __GNUC_MINOR__ == 10 && !defined __ICC && (defined WIN32 || defined WINNT || defined _WIN32 || defined __WIN32 || defined __WIN32__ || defined __WINNT || defined __WINNT__)
 # error defined __GNUC__ && __GNUC__ == 4 && __GNUC_MINOR__ == 10 && !defined __ICC &&   (defined WIN32 || defined WINNT || defined _WIN32 || defined __WIN32          || defined __WIN32__ || defined __WINNT || defined __WINNT__)
   ^~~~~
configure:18084: $? = 1
configure: failed program was:
| /* confdefs.h */
| #define PACKAGE_NAME "LRDE Tiger Compiler"
| #define PACKAGE_TARNAME "fauche_r-tc"
| #define PACKAGE_VERSION "1.55"
| #define PACKAGE_STRING "LRDE Tiger Compiler 1.55"
| #define PACKAGE_BUGREPORT "tiger@lrde.epita.fr"
| #define PACKAGE_URL "http://tiger.lrde.epita.fr"
| #define PACKAGE "fauche_r-tc"
| #define VERSION "1.55"
| #define FLEX_MAJOR_VERSION 2
| #define FLEX_MINOR_VERSION 6
| #define FLEX_SUBMINOR_VERSION 1
| #define STDC_HEADERS 1
| #define HAVE_SYS_TYPES_H 1
| #define HAVE_SYS_STAT_H 1
| #define HAVE_STDLIB_H 1
| #define HAVE_STRING_H 1
| #define HAVE_MEMORY_H 1
| #define HAVE_STRINGS_H 1
| #define HAVE_INTTYPES_H 1
| #define HAVE_STDINT_H 1
| #define HAVE_UNISTD_H 1
| #define HAVE_DLFCN_H 1
| #define LT_OBJDIR ".libs/"
| #define HAVE_BOOST 1
| #define HAVE_BOOST_CAST_HPP 1
| #define HAVE_BOOST_LEXICAL_CAST_HPP 1
| /* end confdefs.h.  */
| 
| #if defined __GNUC__ && __GNUC__ == 4 && __GNUC_MINOR__ == 10 && !defined __ICC &&   (defined WIN32 || defined WINNT || defined _WIN32 || defined __WIN32          || defined __WIN32__ || defined __WINNT || defined __WINNT__)
| /* OK */
| #else
| # error defined __GNUC__ && __GNUC__ == 4 && __GNUC_MINOR__ == 10 && !defined __ICC &&   (defined WIN32 || defined WINNT || defined _WIN32 || defined __WIN32          || defined __WIN32__ || defined __WINNT || defined __WINNT__)
| #endif
| 
| int
| main ()
| {
| 
|   ;
|   return 0;
| }
configure:18084: g++ -c -g -O2 -std=c++14 -pipe  conftest.cpp >&5
conftest.cpp:33:3: error: #error defined __GNUC__ && __GNUC__ == 4 && __GNUC_MINOR__ == 10 && !defined __ICC
 # error defined __GNUC__ && __GNUC__ == 4 && __GNUC_MINOR__ == 10 && !defined __ICC
   ^~~~~
configure:18084: $? = 1
configure: failed program was:
| /* confdefs.h */
| #define PACKAGE_NAME "LRDE Tiger Compiler"
| #define PACKAGE_TARNAME "fauche_r-tc"
| #define PACKAGE_VERSION "1.55"
| #define PACKAGE_STRING "LRDE Tiger Compiler 1.55"
| #define PACKAGE_BUGREPORT "tiger@lrde.epita.fr"
| #define PACKAGE_URL "http://tiger.lrde.epita.fr"
| #define PACKAGE "fauche_r-tc"
| #define VERSION "1.55"
| #define FLEX_MAJOR_VERSION 2
| #define FLEX_MINOR_VERSION 6
| #define FLEX_SUBMINOR_VERSION 1
| #define STDC_HEADERS 1
| #define HAVE_SYS_TYPES_H 1
| #define HAVE_SYS_STAT_H 1
| #define HAVE_STDLIB_H 1
| #define HAVE_STRING_H 1
| #define HAVE_MEMORY_H 1
| #define HAVE_STRINGS_H 1
| #define HAVE_INTTYPES_H 1
| #define HAVE_STDINT_H 1
| #define HAVE_UNISTD_H 1
| #define HAVE_DLFCN_H 1
| #define LT_OBJDIR ".libs/"
| #define HAVE_BOOST 1
| #define HAVE_BOOST_CAST_HPP 1
| #define HAVE_BOOST_LEXICAL_CAST_HPP 1
| /* end confdefs.h.  */
| 
| #if defined __GNUC__ && __GNUC__ == 4 && __GNUC_MINOR__ == 10 && !defined __ICC
| /* OK */
| #else
| # error defined __GNUC__ && __GNUC__ == 4 && __GNUC_MINOR__ == 10 && !defined __ICC
| #endif
| 
| int
| main ()
| {
| 
|   ;
|   return 0;
| }
configure:18084: g++ -c -g -O2 -std=c++14 -pipe  conftest.cpp >&5
conftest.cpp:33:3: error: #error defined __GNUC__ && __GNUC__ == 4 && __GNUC_MINOR__ == 9 && !defined __ICC && (defined WIN32 || defined WINNT || defined _WIN32 || defined __WIN32 || defined __WIN32__ || defined __WINNT || defined __WINNT__)
 # error defined __GNUC__ && __GNUC__ == 4 && __GNUC_MINOR__ == 9 && !defined __ICC &&   (defined WIN32 || defined WINNT || defined _WIN32 || defined __WIN32          || defined __WIN32__ || defined __WINNT || defined __WINNT__)
   ^~~~~
configure:18084: $? = 1
configure: failed program was:
| /* confdefs.h */
| #define PACKAGE_NAME "LRDE Tiger Compiler"
| #define PACKAGE_TARNAME "fauche_r-tc"
| #define PACKAGE_VERSION "1.55"
| #define PACKAGE_STRING "LRDE Tiger Compiler 1.55"
| #define PACKAGE_BUGREPORT "tiger@lrde.epita.fr"
| #define PACKAGE_URL "http://tiger.lrde.epita.fr"
| #define PACKAGE "fauche_r-tc"
| #define VERSION "1.55"
| #define FLEX_MAJOR_VERSION 2
| #define FLEX_MINOR_VERSION 6
| #define FLEX_SUBMINOR_VERSION 1
| #define STDC_HEADERS 1
| #define HAVE_SYS_TYPES_H 1
| #define HAVE_SYS_STAT_H 1
| #define HAVE_STDLIB_H 1
| #define HAVE_STRING_H 1
| #define HAVE_MEMORY_H 1
| #define HAVE_STRINGS_H 1
| #define HAVE_INTTYPES_H 1
| #define HAVE_STDINT_H 1
| #define HAVE_UNISTD_H 1
| #define HAVE_DLFCN_H 1
| #define LT_OBJDIR ".libs/"
| #define HAVE_BOOST 1
| #define HAVE_BOOST_CAST_HPP 1
| #define HAVE_BOOST_LEXICAL_CAST_HPP 1
| /* end confdefs.h.  */
| 
| #if defined __GNUC__ && __GNUC__ == 4 && __GNUC_MINOR__ == 9 && !defined __ICC &&   (defined WIN32 || defined WINNT || defined _WIN32 || defined __WIN32          || defined __WIN32__ || defined __WINNT || defined __WINNT__)
| /* OK */
| #else
| # error defined __GNUC__ && __GNUC__ == 4 && __GNUC_MINOR__ == 9 && !defined __ICC &&   (defined WIN32 || defined WINNT || defined _WIN32 || defined __WIN32          || defined __WIN32__ || defined __WINNT || defined __WINNT__)
| #endif
| 
| int
| main ()
| {
| 
|   ;
|   return 0;
| }
configure:18084: g++ -c -g -O2 -std=c++14 -pipe  conftest.cpp >&5
conftest.cpp:33:3: error: #error defined __GNUC__ && __GNUC__ == 4 && __GNUC_MINOR__ == 9 && !defined __ICC
 # error defined __GNUC__ && __GNUC__ == 4 && __GNUC_MINOR__ == 9 && !defined __ICC
   ^~~~~
configure:18084: $? = 1
configure: failed program was:
| /* confdefs.h */
| #define PACKAGE_NAME "LRDE Tiger Compiler"
| #define PACKAGE_TARNAME "fauche_r-tc"
| #define PACKAGE_VERSION "1.55"
| #define PACKAGE_STRING "LRDE Tiger Compiler 1.55"
| #define PACKAGE_BUGREPORT "tiger@lrde.epita.fr"
| #define PACKAGE_URL "http://tiger.lrde.epita.fr"
| #define PACKAGE "fauche_r-tc"
| #define VERSION "1.55"
| #define FLEX_MAJOR_VERSION 2
| #define FLEX_MINOR_VERSION 6
| #define FLEX_SUBMINOR_VERSION 1
| #define STDC_HEADERS 1
| #define HAVE_SYS_TYPES_H 1
| #define HAVE_SYS_STAT_H 1
| #define HAVE_STDLIB_H 1
| #define HAVE_STRING_H 1
| #define HAVE_MEMORY_H 1
| #define HAVE_STRINGS_H 1
| #define HAVE_INTTYPES_H 1
| #define HAVE_STDINT_H 1
| #define HAVE_UNISTD_H 1
| #define HAVE_DLFCN_H 1
| #define LT_OBJDIR ".libs/"
| #define HAVE_BOOST 1
| #define HAVE_BOOST_CAST_HPP 1
| #define HAVE_BOOST_LEXICAL_CAST_HPP 1
| /* end confdefs.h.  */
| 
| #if defined __GNUC__ && __GNUC__ == 4 && __GNUC_MINOR__ == 9 && !defined __ICC
| /* OK */
| #else
| # error defined __GNUC__ && __GNUC__ == 4 && __GNUC_MINOR__ == 9 && !defined __ICC
| #endif
| 
| int
| main ()
| {
| 
|   ;
|   return 0;
| }
configure:18084: g++ -c -g -O2 -std=c++14 -pipe  conftest.cpp >&5
conftest.cpp:33:3: error: #error defined __GNUC__ && __GNUC__ == 4 && __GNUC_MINOR__ == 8 && !defined __ICC && (defined WIN32 || defined WINNT || defined _WIN32 || defined __WIN32 || defined __WIN32__ || defined __WINNT || defined __WINNT__)
 # error defined __GNUC__ && __GNUC__ == 4 && __GNUC_MINOR__ == 8 && !defined __ICC &&   (defined WIN32 || defined WINNT || defined _WIN32 || defined __WIN32          || defined __WIN32__ || defined __WINNT || defined __WINNT__)
   ^~~~~
configure:18084: $? = 1
configure: failed program was:
| /* confdefs.h */
| #define PACKAGE_NAME "LRDE Tiger Compiler"
| #define PACKAGE_TARNAME "fauche_r-tc"
| #define PACKAGE_VERSION "1.55"
| #define PACKAGE_STRING "LRDE Tiger Compiler 1.55"
| #define PACKAGE_BUGREPORT "tiger@lrde.epita.fr"
| #define PACKAGE_URL "http://tiger.lrde.epita.fr"
| #define PACKAGE "fauche_r-tc"
| #define VERSION "1.55"
| #define FLEX_MAJOR_VERSION 2
| #define FLEX_MINOR_VERSION 6
| #define FLEX_SUBMINOR_VERSION 1
| #define STDC_HEADERS 1
| #define HAVE_SYS_TYPES_H 1
| #define HAVE_SYS_STAT_H 1
| #define HAVE_STDLIB_H 1
| #define HAVE_STRING_H 1
| #define HAVE_MEMORY_H 1
| #define HAVE_STRINGS_H 1
| #define HAVE_INTTYPES_H 1
| #define HAVE_STDINT_H 1
| #define HAVE_UNISTD_H 1
| #define HAVE_DLFCN_H 1
| #define LT_OBJDIR ".libs/"
| #define HAVE_BOOST 1
| #define HAVE_BOOST_CAST_HPP 1
| #define HAVE_BOOST_LEXICAL_CAST_HPP 1
| /* end confdefs.h.  */
| 
| #if defined __GNUC__ && __GNUC__ == 4 && __GNUC_MINOR__ == 8 && !defined __ICC &&   (defined WIN32 || defined WINNT || defined _WIN32 || defined __WIN32          || defined __WIN32__ || defined __WINNT || defined __WINNT__)
| /* OK */
| #else
| # error defined __GNUC__ && __GNUC__ == 4 && __GNUC_MINOR__ == 8 && !defined __ICC &&   (defined WIN32 || defined WINNT || defined _WIN32 || defined __WIN32          || defined __WIN32__ || defined __WINNT || defined __WINNT__)
| #endif
| 
| int
| main ()
| {
| 
|   ;
|   return 0;
| }
configure:18084: g++ -c -g -O2 -std=c++14 -pipe  conftest.cpp >&5
conftest.cpp:33:3: error: #error defined __GNUC__ && __GNUC__ == 4 && __GNUC_MINOR__ == 8 && !defined __ICC
 # error defined __GNUC__ && __GNUC__ == 4 && __GNUC_MINOR__ == 8 && !defined __ICC
   ^~~~~
configure:18084: $? = 1
configure: failed program was:
| /* confdefs.h */
| #define PACKAGE_NAME "LRDE Tiger Compiler"
| #define PACKAGE_TARNAME "fauche_r-tc"
| #define PACKAGE_VERSION "1.55"
| #define PACKAGE_STRING "LRDE Tiger Compiler 1.55"
| #define PACKAGE_BUGREPORT "tiger@lrde.epita.fr"
| #define PACKAGE_URL "http://tiger.lrde.epita.fr"
| #define PACKAGE "fauche_r-tc"
| #define VERSION "1.55"
| #define FLEX_MAJOR_VERSION 2
| #define FLEX_MINOR_VERSION 6
| #define FLEX_SUBMINOR_VERSION 1
| #define STDC_HEADERS 1
| #define HAVE_SYS_TYPES_H 1
| #define HAVE_SYS_STAT_H 1
| #define HAVE_STDLIB_H 1
| #define HAVE_STRING_H 1
| #define HAVE_MEMORY_H 1
| #define HAVE_STRINGS_H 1
| #define HAVE_INTTYPES_H 1
| #define HAVE_STDINT_H 1
| #define HAVE_UNISTD_H 1
| #define HAVE_DLFCN_H 1
| #define LT_OBJDIR ".libs/"
| #define HAVE_BOOST 1
| #define HAVE_BOOST_CAST_HPP 1
| #define HAVE_BOOST_LEXICAL_CAST_HPP 1
| /* end confdefs.h.  */
| 
| #if defined __GNUC__ && __GNUC__ == 4 && __GNUC_MINOR__ == 8 && !defined __ICC
| /* OK */
| #else
| # error defined __GNUC__ && __GNUC__ == 4 && __GNUC_MINOR__ == 8 && !defined __ICC
| #endif
| 
| int
| main ()
| {
| 
|   ;
|   return 0;
| }
configure:18084: g++ -c -g -O2 -std=c++14 -pipe  conftest.cpp >&5
conftest.cpp:33:3: error: #error defined __GNUC__ && __GNUC__ == 4 && __GNUC_MINOR__ == 7 && !defined __ICC && (defined WIN32 || defined WINNT || defined _WIN32 || defined __WIN32 || defined __WIN32__ || defined __WINNT || defined __WINNT__)
 # error defined __GNUC__ && __GNUC__ == 4 && __GNUC_MINOR__ == 7 && !defined __ICC &&   (defined WIN32 || defined WINNT || defined _WIN32 || defined __WIN32          || defined __WIN32__ || defined __WINNT || defined __WINNT__)
   ^~~~~
configure:18084: $? = 1
configure: failed program was:
| /* confdefs.h */
| #define PACKAGE_NAME "LRDE Tiger Compiler"
| #define PACKAGE_TARNAME "fauche_r-tc"
| #define PACKAGE_VERSION "1.55"
| #define PACKAGE_STRING "LRDE Tiger Compiler 1.55"
| #define PACKAGE_BUGREPORT "tiger@lrde.epita.fr"
| #define PACKAGE_URL "http://tiger.lrde.epita.fr"
| #define PACKAGE "fauche_r-tc"
| #define VERSION "1.55"
| #define FLEX_MAJOR_VERSION 2
| #define FLEX_MINOR_VERSION 6
| #define FLEX_SUBMINOR_VERSION 1
| #define STDC_HEADERS 1
| #define HAVE_SYS_TYPES_H 1
| #define HAVE_SYS_STAT_H 1
| #define HAVE_STDLIB_H 1
| #define HAVE_STRING_H 1
| #define HAVE_MEMORY_H 1
| #define HAVE_STRINGS_H 1
| #define HAVE_INTTYPES_H 1
| #define HAVE_STDINT_H 1
| #define HAVE_UNISTD_H 1
| #define HAVE_DLFCN_H 1
| #define LT_OBJDIR ".libs/"
| #define HAVE_BOOST 1
| #define HAVE_BOOST_CAST_HPP 1
| #define HAVE_BOOST_LEXICAL_CAST_HPP 1
| /* end confdefs.h.  */
| 
| #if defined __GNUC__ && __GNUC__ == 4 && __GNUC_MINOR__ == 7 && !defined __ICC &&   (defined WIN32 || defined WINNT || defined _WIN32 || defined __WIN32          || defined __WIN32__ || defined __WINNT || defined __WINNT__)
| /* OK */
| #else
| # error defined __GNUC__ && __GNUC__ == 4 && __GNUC_MINOR__ == 7 && !defined __ICC &&   (defined WIN32 || defined WINNT || defined _WIN32 || defined __WIN32          || defined __WIN32__ || defined __WINNT || defined __WINNT__)
| #endif
| 
| int
| main ()
| {
| 
|   ;
|   return 0;
| }
configure:18084: g++ -c -g -O2 -std=c++14 -pipe  conftest.cpp >&5
conftest.cpp:33:3: error: #error defined __GNUC__ && __GNUC__ == 4 && __GNUC_MINOR__ == 7 && !defined __ICC
 # error defined __GNUC__ && __GNUC__ == 4 && __GNUC_MINOR__ == 7 && !defined __ICC
   ^~~~~
configure:18084: $? = 1
configure: failed program was:
| /* confdefs.h */
| #define PACKAGE_NAME "LRDE Tiger Compiler"
| #define PACKAGE_TARNAME "fauche_r-tc"
| #define PACKAGE_VERSION "1.55"
| #define PACKAGE_STRING "LRDE Tiger Compiler 1.55"
| #define PACKAGE_BUGREPORT "tiger@lrde.epita.fr"
| #define PACKAGE_URL "http://tiger.lrde.epita.fr"
| #define PACKAGE "fauche_r-tc"
| #define VERSION "1.55"
| #define FLEX_MAJOR_VERSION 2
| #define FLEX_MINOR_VERSION 6
| #define FLEX_SUBMINOR_VERSION 1
| #define STDC_HEADERS 1
| #define HAVE_SYS_TYPES_H 1
| #define HAVE_SYS_STAT_H 1
| #define HAVE_STDLIB_H 1
| #define HAVE_STRING_H 1
| #define HAVE_MEMORY_H 1
| #define HAVE_STRINGS_H 1
| #define HAVE_INTTYPES_H 1
| #define HAVE_STDINT_H 1
| #define HAVE_UNISTD_H 1
| #define HAVE_DLFCN_H 1
| #define LT_OBJDIR ".libs/"
| #define HAVE_BOOST 1
| #define HAVE_BOOST_CAST_HPP 1
| #define HAVE_BOOST_LEXICAL_CAST_HPP 1
| /* end confdefs.h.  */
| 
| #if defined __GNUC__ && __GNUC__ == 4 && __GNUC_MINOR__ == 7 && !defined __ICC
| /* OK */
| #else
| # error defined __GNUC__ && __GNUC__ == 4 && __GNUC_MINOR__ == 7 && !defined __ICC
| #endif
| 
| int
| main ()
| {
| 
|   ;
|   return 0;
| }
configure:18084: g++ -c -g -O2 -std=c++14 -pipe  conftest.cpp >&5
conftest.cpp:33:3: error: #error defined __GNUC__ && __GNUC__ == 4 && __GNUC_MINOR__ == 6 && !defined __ICC && (defined WIN32 || defined WINNT || defined _WIN32 || defined __WIN32 || defined __WIN32__ || defined __WINNT || defined __WINNT__)
 # error defined __GNUC__ && __GNUC__ == 4 && __GNUC_MINOR__ == 6 && !defined __ICC &&   (defined WIN32 || defined WINNT || defined _WIN32 || defined __WIN32          || defined __WIN32__ || defined __WINNT || defined __WINNT__)
   ^~~~~
configure:18084: $? = 1
configure: failed program was:
| /* confdefs.h */
| #define PACKAGE_NAME "LRDE Tiger Compiler"
| #define PACKAGE_TARNAME "fauche_r-tc"
| #define PACKAGE_VERSION "1.55"
| #define PACKAGE_STRING "LRDE Tiger Compiler 1.55"
| #define PACKAGE_BUGREPORT "tiger@lrde.epita.fr"
| #define PACKAGE_URL "http://tiger.lrde.epita.fr"
| #define PACKAGE "fauche_r-tc"
| #define VERSION "1.55"
| #define FLEX_MAJOR_VERSION 2
| #define FLEX_MINOR_VERSION 6
| #define FLEX_SUBMINOR_VERSION 1
| #define STDC_HEADERS 1
| #define HAVE_SYS_TYPES_H 1
| #define HAVE_SYS_STAT_H 1
| #define HAVE_STDLIB_H 1
| #define HAVE_STRING_H 1
| #define HAVE_MEMORY_H 1
| #define HAVE_STRINGS_H 1
| #define HAVE_INTTYPES_H 1
| #define HAVE_STDINT_H 1
| #define HAVE_UNISTD_H 1
| #define HAVE_DLFCN_H 1
| #define LT_OBJDIR ".libs/"
| #define HAVE_BOOST 1
| #define HAVE_BOOST_CAST_HPP 1
| #define HAVE_BOOST_LEXICAL_CAST_HPP 1
| /* end confdefs.h.  */
| 
| #if defined __GNUC__ && __GNUC__ == 4 && __GNUC_MINOR__ == 6 && !defined __ICC &&   (defined WIN32 || defined WINNT || defined _WIN32 || defined __WIN32          || defined __WIN32__ || defined __WINNT || defined __WINNT__)
| /* OK */
| #else
| # error defined __GNUC__ && __GNUC__ == 4 && __GNUC_MINOR__ == 6 && !defined __ICC &&   (defined WIN32 || defined WINNT || defined _WIN32 || defined __WIN32          || defined __WIN32__ || defined __WINNT || defined __WINNT__)
| #endif
| 
| int
| main ()
| {
| 
|   ;
|   return 0;
| }
configure:18084: g++ -c -g -O2 -std=c++14 -pipe  conftest.cpp >&5
conftest.cpp:33:3: error: #error defined __GNUC__ && __GNUC__ == 4 && __GNUC_MINOR__ == 6 && !defined __ICC
 # error defined __GNUC__ && __GNUC__ == 4 && __GNUC_MINOR__ == 6 && !defined __ICC
   ^~~~~
configure:18084: $? = 1
configure: failed program was:
| /* confdefs.h */
| #define PACKAGE_NAME "LRDE Tiger Compiler"
| #define PACKAGE_TARNAME "fauche_r-tc"
| #define PACKAGE_VERSION "1.55"
| #define PACKAGE_STRING "LRDE Tiger Compiler 1.55"
| #define PACKAGE_BUGREPORT "tiger@lrde.epita.fr"
| #define PACKAGE_URL "http://tiger.lrde.epita.fr"
| #define PACKAGE "fauche_r-tc"
| #define VERSION "1.55"
| #define FLEX_MAJOR_VERSION 2
| #define FLEX_MINOR_VERSION 6
| #define FLEX_SUBMINOR_VERSION 1
| #define STDC_HEADERS 1
| #define HAVE_SYS_TYPES_H 1
| #define HAVE_SYS_STAT_H 1
| #define HAVE_STDLIB_H 1
| #define HAVE_STRING_H 1
| #define HAVE_MEMORY_H 1
| #define HAVE_STRINGS_H 1
| #define HAVE_INTTYPES_H 1
| #define HAVE_STDINT_H 1
| #define HAVE_UNISTD_H 1
| #define HAVE_DLFCN_H 1
| #define LT_OBJDIR ".libs/"
| #define HAVE_BOOST 1
| #define HAVE_BOOST_CAST_HPP 1
| #define HAVE_BOOST_LEXICAL_CAST_HPP 1
| /* end confdefs.h.  */
| 
| #if defined __GNUC__ && __GNUC__ == 4 && __GNUC_MINOR__ == 6 && !defined __ICC
| /* OK */
| #else
| # error defined __GNUC__ && __GNUC__ == 4 && __GNUC_MINOR__ == 6 && !defined __ICC
| #endif
| 
| int
| main ()
| {
| 
|   ;
|   return 0;
| }
configure:18084: g++ -c -g -O2 -std=c++14 -pipe  conftest.cpp >&5
conftest.cpp:33:3: error: #error defined __GNUC__ && __GNUC__ == 4 && __GNUC_MINOR__ == 5 && !defined __ICC && (defined WIN32 || defined WINNT || defined _WIN32 || defined __WIN32 || defined __WIN32__ || defined __WINNT || defined __WINNT__)
 # error defined __GNUC__ && __GNUC__ == 4 && __GNUC_MINOR__ == 5 && !defined __ICC &&   (defined WIN32 || defined WINNT || defined _WIN32 || defined __WIN32          || defined __WIN32__ || defined __WINNT || defined __WINNT__)
   ^~~~~
configure:18084: $? = 1
configure: failed program was:
| /* confdefs.h */
| #define PACKAGE_NAME "LRDE Tiger Compiler"
| #define PACKAGE_TARNAME "fauche_r-tc"
| #define PACKAGE_VERSION "1.55"
| #define PACKAGE_STRING "LRDE Tiger Compiler 1.55"
| #define PACKAGE_BUGREPORT "tiger@lrde.epita.fr"
| #define PACKAGE_URL "http://tiger.lrde.epita.fr"
| #define PACKAGE "fauche_r-tc"
| #define VERSION "1.55"
| #define FLEX_MAJOR_VERSION 2
| #define FLEX_MINOR_VERSION 6
| #define FLEX_SUBMINOR_VERSION 1
| #define STDC_HEADERS 1
| #define HAVE_SYS_TYPES_H 1
| #define HAVE_SYS_STAT_H 1
| #define HAVE_STDLIB_H 1
| #define HAVE_STRING_H 1
| #define HAVE_MEMORY_H 1
| #define HAVE_STRINGS_H 1
| #define HAVE_INTTYPES_H 1
| #define HAVE_STDINT_H 1
| #define HAVE_UNISTD_H 1
| #define HAVE_DLFCN_H 1
| #define LT_OBJDIR ".libs/"
| #define HAVE_BOOST 1
| #define HAVE_BOOST_CAST_HPP 1
| #define HAVE_BOOST_LEXICAL_CAST_HPP 1
| /* end confdefs.h.  */
| 
| #if defined __GNUC__ && __GNUC__ == 4 && __GNUC_MINOR__ == 5 && !defined __ICC &&   (defined WIN32 || defined WINNT || defined _WIN32 || defined __WIN32          || defined __WIN32__ || defined __WINNT || defined __WINNT__)
| /* OK */
| #else
| # error defined __GNUC__ && __GNUC__ == 4 && __GNUC_MINOR__ == 5 && !defined __ICC &&   (defined WIN32 || defined WINNT || defined _WIN32 || defined __WIN32          || defined __WIN32__ || defined __WINNT || defined __WINNT__)
| #endif
| 
| int
| main ()
| {
| 
|   ;
|   return 0;
| }
configure:18084: g++ -c -g -O2 -std=c++14 -pipe  conftest.cpp >&5
conftest.cpp:33:3: error: #error defined __GNUC__ && __GNUC__ == 4 && __GNUC_MINOR__ == 5 && !defined __ICC
 # error defined __GNUC__ && __GNUC__ == 4 && __GNUC_MINOR__ == 5 && !defined __ICC
   ^~~~~
configure:18084: $? = 1
configure: failed program was:
| /* confdefs.h */
| #define PACKAGE_NAME "LRDE Tiger Compiler"
| #define PACKAGE_TARNAME "fauche_r-tc"
| #define PACKAGE_VERSION "1.55"
| #define PACKAGE_STRING "LRDE Tiger Compiler 1.55"
| #define PACKAGE_BUGREPORT "tiger@lrde.epita.fr"
| #define PACKAGE_URL "http://tiger.lrde.epita.fr"
| #define PACKAGE "fauche_r-tc"
| #define VERSION "1.55"
| #define FLEX_MAJOR_VERSION 2
| #define FLEX_MINOR_VERSION 6
| #define FLEX_SUBMINOR_VERSION 1
| #define STDC_HEADERS 1
| #define HAVE_SYS_TYPES_H 1
| #define HAVE_SYS_STAT_H 1
| #define HAVE_STDLIB_H 1
| #define HAVE_STRING_H 1
| #define HAVE_MEMORY_H 1
| #define HAVE_STRINGS_H 1
| #define HAVE_INTTYPES_H 1
| #define HAVE_STDINT_H 1
| #define HAVE_UNISTD_H 1
| #define HAVE_DLFCN_H 1
| #define LT_OBJDIR ".libs/"
| #define HAVE_BOOST 1
| #define HAVE_BOOST_CAST_HPP 1
| #define HAVE_BOOST_LEXICAL_CAST_HPP 1
| /* end confdefs.h.  */
| 
| #if defined __GNUC__ && __GNUC__ == 4 && __GNUC_MINOR__ == 5 && !defined __ICC
| /* OK */
| #else
| # error defined __GNUC__ && __GNUC__ == 4 && __GNUC_MINOR__ == 5 && !defined __ICC
| #endif
| 
| int
| main ()
| {
| 
|   ;
|   return 0;
| }
configure:18084: g++ -c -g -O2 -std=c++14 -pipe  conftest.cpp >&5
conftest.cpp:33:3: error: #error defined __GNUC__ && __GNUC__ == 4 && __GNUC_MINOR__ == 4 && !defined __ICC && (defined WIN32 || defined WINNT || defined _WIN32 || defined __WIN32 || defined __WIN32__ || defined __WINNT || defined __WINNT__)
 # error defined __GNUC__ && __GNUC__ == 4 && __GNUC_MINOR__ == 4 && !defined __ICC &&   (defined WIN32 || defined WINNT || defined _WIN32 || defined __WIN32          || defined __WIN32__ || defined __WINNT || defined __WINNT__)
   ^~~~~
configure:18084: $? = 1
configure: failed program was:
| /* confdefs.h */
| #define PACKAGE_NAME "LRDE Tiger Compiler"
| #define PACKAGE_TARNAME "fauche_r-tc"
| #define PACKAGE_VERSION "1.55"
| #define PACKAGE_STRING "LRDE Tiger Compiler 1.55"
| #define PACKAGE_BUGREPORT "tiger@lrde.epita.fr"
| #define PACKAGE_URL "http://tiger.lrde.epita.fr"
| #define PACKAGE "fauche_r-tc"
| #define VERSION "1.55"
| #define FLEX_MAJOR_VERSION 2
| #define FLEX_MINOR_VERSION 6
| #define FLEX_SUBMINOR_VERSION 1
| #define STDC_HEADERS 1
| #define HAVE_SYS_TYPES_H 1
| #define HAVE_SYS_STAT_H 1
| #define HAVE_STDLIB_H 1
| #define HAVE_STRING_H 1
| #define HAVE_MEMORY_H 1
| #define HAVE_STRINGS_H 1
| #define HAVE_INTTYPES_H 1
| #define HAVE_STDINT_H 1
| #define HAVE_UNISTD_H 1
| #define HAVE_DLFCN_H 1
| #define LT_OBJDIR ".libs/"
| #define HAVE_BOOST 1
| #define HAVE_BOOST_CAST_HPP 1
| #define HAVE_BOOST_LEXICAL_CAST_HPP 1
| /* end confdefs.h.  */
| 
| #if defined __GNUC__ && __GNUC__ == 4 && __GNUC_MINOR__ == 4 && !defined __ICC &&   (defined WIN32 || defined WINNT || defined _WIN32 || defined __WIN32          || defined __WIN32__ || defined __WINNT || defined __WINNT__)
| /* OK */
| #else
| # error defined __GNUC__ && __GNUC__ == 4 && __GNUC_MINOR__ == 4 && !defined __ICC &&   (defined WIN32 || defined WINNT || defined _WIN32 || defined __WIN32          || defined __WIN32__ || defined __WINNT || defined __WINNT__)
| #endif
| 
| int
| main ()
| {
| 
|   ;
|   return 0;
| }
configure:18084: g++ -c -g -O2 -std=c++14 -pipe  conftest.cpp >&5
conftest.cpp:33:3: error: #error defined __GNUC__ && __GNUC__ == 4 && __GNUC_MINOR__ == 4 && !defined __ICC
 # error defined __GNUC__ && __GNUC__ == 4 && __GNUC_MINOR__ == 4 && !defined __ICC
   ^~~~~
configure:18084: $? = 1
configure: failed program was:
| /* confdefs.h */
| #define PACKAGE_NAME "LRDE Tiger Compiler"
| #define PACKAGE_TARNAME "fauche_r-tc"
| #define PACKAGE_VERSION "1.55"
| #define PACKAGE_STRING "LRDE Tiger Compiler 1.55"
| #define PACKAGE_BUGREPORT "tiger@lrde.epita.fr"
| #define PACKAGE_URL "http://tiger.lrde.epita.fr"
| #define PACKAGE "fauche_r-tc"
| #define VERSION "1.55"
| #define FLEX_MAJOR_VERSION 2
| #define FLEX_MINOR_VERSION 6
| #define FLEX_SUBMINOR_VERSION 1
| #define STDC_HEADERS 1
| #define HAVE_SYS_TYPES_H 1
| #define HAVE_SYS_STAT_H 1
| #define HAVE_STDLIB_H 1
| #define HAVE_STRING_H 1
| #define HAVE_MEMORY_H 1
| #define HAVE_STRINGS_H 1
| #define HAVE_INTTYPES_H 1
| #define HAVE_STDINT_H 1
| #define HAVE_UNISTD_H 1
| #define HAVE_DLFCN_H 1
| #define LT_OBJDIR ".libs/"
| #define HAVE_BOOST 1
| #define HAVE_BOOST_CAST_HPP 1
| #define HAVE_BOOST_LEXICAL_CAST_HPP 1
| /* end confdefs.h.  */
| 
| #if defined __GNUC__ && __GNUC__ == 4 && __GNUC_MINOR__ == 4 && !defined __ICC
| /* OK */
| #else
| # error defined __GNUC__ && __GNUC__ == 4 && __GNUC_MINOR__ == 4 && !defined __ICC
| #endif
| 
| int
| main ()
| {
| 
|   ;
|   return 0;
| }
configure:18084: g++ -c -g -O2 -std=c++14 -pipe  conftest.cpp >&5
conftest.cpp:33:3: error: #error defined __GNUC__ && __GNUC__ == 4 && __GNUC_MINOR__ == 3 && !defined __ICC && (defined WIN32 || defined WINNT || defined _WIN32 || defined __WIN32 || defined __WIN32__ || defined __WINNT || defined __WINNT__)
 # error defined __GNUC__ && __GNUC__ == 4 && __GNUC_MINOR__ == 3 && !defined __ICC &&   (defined WIN32 || defined WINNT || defined _WIN32 || defined __WIN32          || defined __WIN32__ || defined __WINNT || defined __WINNT__)
   ^~~~~
configure:18084: $? = 1
configure: failed program was:
| /* confdefs.h */
| #define PACKAGE_NAME "LRDE Tiger Compiler"
| #define PACKAGE_TARNAME "fauche_r-tc"
| #define PACKAGE_VERSION "1.55"
| #define PACKAGE_STRING "LRDE Tiger Compiler 1.55"
| #define PACKAGE_BUGREPORT "tiger@lrde.epita.fr"
| #define PACKAGE_URL "http://tiger.lrde.epita.fr"
| #define PACKAGE "fauche_r-tc"
| #define VERSION "1.55"
| #define FLEX_MAJOR_VERSION 2
| #define FLEX_MINOR_VERSION 6
| #define FLEX_SUBMINOR_VERSION 1
| #define STDC_HEADERS 1
| #define HAVE_SYS_TYPES_H 1
| #define HAVE_SYS_STAT_H 1
| #define HAVE_STDLIB_H 1
| #define HAVE_STRING_H 1
| #define HAVE_MEMORY_H 1
| #define HAVE_STRINGS_H 1
| #define HAVE_INTTYPES_H 1
| #define HAVE_STDINT_H 1
| #define HAVE_UNISTD_H 1
| #define HAVE_DLFCN_H 1
| #define LT_OBJDIR ".libs/"
| #define HAVE_BOOST 1
| #define HAVE_BOOST_CAST_HPP 1
| #define HAVE_BOOST_LEXICAL_CAST_HPP 1
| /* end confdefs.h.  */
| 
| #if defined __GNUC__ && __GNUC__ == 4 && __GNUC_MINOR__ == 3 && !defined __ICC &&   (defined WIN32 || defined WINNT || defined _WIN32 || defined __WIN32          || defined __WIN32__ || defined __WINNT || defined __WINNT__)
| /* OK */
| #else
| # error defined __GNUC__ && __GNUC__ == 4 && __GNUC_MINOR__ == 3 && !defined __ICC &&   (defined WIN32 || defined WINNT || defined _WIN32 || defined __WIN32          || defined __WIN32__ || defined __WINNT || defined __WINNT__)
| #endif
| 
| int
| main ()
| {
| 
|   ;
|   return 0;
| }
configure:18084: g++ -c -g -O2 -std=c++14 -pipe  conftest.cpp >&5
conftest.cpp:33:3: error: #error defined __GNUC__ && __GNUC__ == 4 && __GNUC_MINOR__ == 3 && !defined __ICC
 # error defined __GNUC__ && __GNUC__ == 4 && __GNUC_MINOR__ == 3 && !defined __ICC
   ^~~~~
configure:18084: $? = 1
configure: failed program was:
| /* confdefs.h */
| #define PACKAGE_NAME "LRDE Tiger Compiler"
| #define PACKAGE_TARNAME "fauche_r-tc"
| #define PACKAGE_VERSION "1.55"
| #define PACKAGE_STRING "LRDE Tiger Compiler 1.55"
| #define PACKAGE_BUGREPORT "tiger@lrde.epita.fr"
| #define PACKAGE_URL "http://tiger.lrde.epita.fr"
| #define PACKAGE "fauche_r-tc"
| #define VERSION "1.55"
| #define FLEX_MAJOR_VERSION 2
| #define FLEX_MINOR_VERSION 6
| #define FLEX_SUBMINOR_VERSION 1
| #define STDC_HEADERS 1
| #define HAVE_SYS_TYPES_H 1
| #define HAVE_SYS_STAT_H 1
| #define HAVE_STDLIB_H 1
| #define HAVE_STRING_H 1
| #define HAVE_MEMORY_H 1
| #define HAVE_STRINGS_H 1
| #define HAVE_INTTYPES_H 1
| #define HAVE_STDINT_H 1
| #define HAVE_UNISTD_H 1
| #define HAVE_DLFCN_H 1
| #define LT_OBJDIR ".libs/"
| #define HAVE_BOOST 1
| #define HAVE_BOOST_CAST_HPP 1
| #define HAVE_BOOST_LEXICAL_CAST_HPP 1
| /* end confdefs.h.  */
| 
| #if defined __GNUC__ && __GNUC__ == 4 && __GNUC_MINOR__ == 3 && !defined __ICC
| /* OK */
| #else
| # error defined __GNUC__ && __GNUC__ == 4 && __GNUC_MINOR__ == 3 && !defined __ICC
| #endif
| 
| int
| main ()
| {
| 
|   ;
|   return 0;
| }
configure:18084: g++ -c -g -O2 -std=c++14 -pipe  conftest.cpp >&5
conftest.cpp:33:3: error: #error defined __GNUC__ && __GNUC__ == 4 && __GNUC_MINOR__ == 2 && !defined __ICC && (defined WIN32 || defined WINNT || defined _WIN32 || defined __WIN32 || defined __WIN32__ || defined __WINNT || defined __WINNT__)
 # error defined __GNUC__ && __GNUC__ == 4 && __GNUC_MINOR__ == 2 && !defined __ICC &&   (defined WIN32 || defined WINNT || defined _WIN32 || defined __WIN32          || defined __WIN32__ || defined __WINNT || defined __WINNT__)
   ^~~~~
configure:18084: $? = 1
configure: failed program was:
| /* confdefs.h */
| #define PACKAGE_NAME "LRDE Tiger Compiler"
| #define PACKAGE_TARNAME "fauche_r-tc"
| #define PACKAGE_VERSION "1.55"
| #define PACKAGE_STRING "LRDE Tiger Compiler 1.55"
| #define PACKAGE_BUGREPORT "tiger@lrde.epita.fr"
| #define PACKAGE_URL "http://tiger.lrde.epita.fr"
| #define PACKAGE "fauche_r-tc"
| #define VERSION "1.55"
| #define FLEX_MAJOR_VERSION 2
| #define FLEX_MINOR_VERSION 6
| #define FLEX_SUBMINOR_VERSION 1
| #define STDC_HEADERS 1
| #define HAVE_SYS_TYPES_H 1
| #define HAVE_SYS_STAT_H 1
| #define HAVE_STDLIB_H 1
| #define HAVE_STRING_H 1
| #define HAVE_MEMORY_H 1
| #define HAVE_STRINGS_H 1
| #define HAVE_INTTYPES_H 1
| #define HAVE_STDINT_H 1
| #define HAVE_UNISTD_H 1
| #define HAVE_DLFCN_H 1
| #define LT_OBJDIR ".libs/"
| #define HAVE_BOOST 1
| #define HAVE_BOOST_CAST_HPP 1
| #define HAVE_BOOST_LEXICAL_CAST_HPP 1
| /* end confdefs.h.  */
| 
| #if defined __GNUC__ && __GNUC__ == 4 && __GNUC_MINOR__ == 2 && !defined __ICC &&   (defined WIN32 || defined WINNT || defined _WIN32 || defined __WIN32          || defined __WIN32__ || defined __WINNT || defined __WINNT__)
| /* OK */
| #else
| # error defined __GNUC__ && __GNUC__ == 4 && __GNUC_MINOR__ == 2 && !defined __ICC &&   (defined WIN32 || defined WINNT || defined _WIN32 || defined __WIN32          || defined __WIN32__ || defined __WINNT || defined __WINNT__)
| #endif
| 
| int
| main ()
| {
| 
|   ;
|   return 0;
| }
configure:18084: g++ -c -g -O2 -std=c++14 -pipe  conftest.cpp >&5
conftest.cpp:33:3: error: #error defined __GNUC__ && __GNUC__ == 4 && __GNUC_MINOR__ == 2 && !defined __ICC
 # error defined __GNUC__ && __GNUC__ == 4 && __GNUC_MINOR__ == 2 && !defined __ICC
   ^~~~~
configure:18084: $? = 1
configure: failed program was:
| /* confdefs.h */
| #define PACKAGE_NAME "LRDE Tiger Compiler"
| #define PACKAGE_TARNAME "fauche_r-tc"
| #define PACKAGE_VERSION "1.55"
| #define PACKAGE_STRING "LRDE Tiger Compiler 1.55"
| #define PACKAGE_BUGREPORT "tiger@lrde.epita.fr"
| #define PACKAGE_URL "http://tiger.lrde.epita.fr"
| #define PACKAGE "fauche_r-tc"
| #define VERSION "1.55"
| #define FLEX_MAJOR_VERSION 2
| #define FLEX_MINOR_VERSION 6
| #define FLEX_SUBMINOR_VERSION 1
| #define STDC_HEADERS 1
| #define HAVE_SYS_TYPES_H 1
| #define HAVE_SYS_STAT_H 1
| #define HAVE_STDLIB_H 1
| #define HAVE_STRING_H 1
| #define HAVE_MEMORY_H 1
| #define HAVE_STRINGS_H 1
| #define HAVE_INTTYPES_H 1
| #define HAVE_STDINT_H 1
| #define HAVE_UNISTD_H 1
| #define HAVE_DLFCN_H 1
| #define LT_OBJDIR ".libs/"
| #define HAVE_BOOST 1
| #define HAVE_BOOST_CAST_HPP 1
| #define HAVE_BOOST_LEXICAL_CAST_HPP 1
| /* end confdefs.h.  */
| 
| #if defined __GNUC__ && __GNUC__ == 4 && __GNUC_MINOR__ == 2 && !defined __ICC
| /* OK */
| #else
| # error defined __GNUC__ && __GNUC__ == 4 && __GNUC_MINOR__ == 2 && !defined __ICC
| #endif
| 
| int
| main ()
| {
| 
|   ;
|   return 0;
| }
configure:18084: g++ -c -g -O2 -std=c++14 -pipe  conftest.cpp >&5
conftest.cpp:33:3: error: #error defined __GNUC__ && __GNUC__ == 4 && __GNUC_MINOR__ == 1 && !defined __ICC && (defined WIN32 || defined WINNT || defined _WIN32 || defined __WIN32 || defined __WIN32__ || defined __WINNT || defined __WINNT__)
 # error defined __GNUC__ && __GNUC__ == 4 && __GNUC_MINOR__ == 1 && !defined __ICC &&   (defined WIN32 || defined WINNT || defined _WIN32 || defined __WIN32          || defined __WIN32__ || defined __WINNT || defined __WINNT__)
   ^~~~~
configure:18084: $? = 1
configure: failed program was:
| /* confdefs.h */
| #define PACKAGE_NAME "LRDE Tiger Compiler"
| #define PACKAGE_TARNAME "fauche_r-tc"
| #define PACKAGE_VERSION "1.55"
| #define PACKAGE_STRING "LRDE Tiger Compiler 1.55"
| #define PACKAGE_BUGREPORT "tiger@lrde.epita.fr"
| #define PACKAGE_URL "http://tiger.lrde.epita.fr"
| #define PACKAGE "fauche_r-tc"
| #define VERSION "1.55"
| #define FLEX_MAJOR_VERSION 2
| #define FLEX_MINOR_VERSION 6
| #define FLEX_SUBMINOR_VERSION 1
| #define STDC_HEADERS 1
| #define HAVE_SYS_TYPES_H 1
| #define HAVE_SYS_STAT_H 1
| #define HAVE_STDLIB_H 1
| #define HAVE_STRING_H 1
| #define HAVE_MEMORY_H 1
| #define HAVE_STRINGS_H 1
| #define HAVE_INTTYPES_H 1
| #define HAVE_STDINT_H 1
| #define HAVE_UNISTD_H 1
| #define HAVE_DLFCN_H 1
| #define LT_OBJDIR ".libs/"
| #define HAVE_BOOST 1
| #define HAVE_BOOST_CAST_HPP 1
| #define HAVE_BOOST_LEXICAL_CAST_HPP 1
| /* end confdefs.h.  */
| 
| #if defined __GNUC__ && __GNUC__ == 4 && __GNUC_MINOR__ == 1 && !defined __ICC &&   (defined WIN32 || defined WINNT || defined _WIN32 || defined __WIN32          || defined __WIN32__ || defined __WINNT || defined __WINNT__)
| /* OK */
| #else
| # error defined __GNUC__ && __GNUC__ == 4 && __GNUC_MINOR__ == 1 && !defined __ICC &&   (defined WIN32 || defined WINNT || defined _WIN32 || defined __WIN32          || defined __WIN32__ || defined __WINNT || defined __WINNT__)
| #endif
| 
| int
| main ()
| {
| 
|   ;
|   return 0;
| }
configure:18084: g++ -c -g -O2 -std=c++14 -pipe  conftest.cpp >&5
conftest.cpp:33:3: error: #error defined __GNUC__ && __GNUC__ == 4 && __GNUC_MINOR__ == 1 && !defined __ICC
 # error defined __GNUC__ && __GNUC__ == 4 && __GNUC_MINOR__ == 1 && !defined __ICC
   ^~~~~
configure:18084: $? = 1
configure: failed program was:
| /* confdefs.h */
| #define PACKAGE_NAME "LRDE Tiger Compiler"
| #define PACKAGE_TARNAME "fauche_r-tc"
| #define PACKAGE_VERSION "1.55"
| #define PACKAGE_STRING "LRDE Tiger Compiler 1.55"
| #define PACKAGE_BUGREPORT "tiger@lrde.epita.fr"
| #define PACKAGE_URL "http://tiger.lrde.epita.fr"
| #define PACKAGE "fauche_r-tc"
| #define VERSION "1.55"
| #define FLEX_MAJOR_VERSION 2
| #define FLEX_MINOR_VERSION 6
| #define FLEX_SUBMINOR_VERSION 1
| #define STDC_HEADERS 1
| #define HAVE_SYS_TYPES_H 1
| #define HAVE_SYS_STAT_H 1
| #define HAVE_STDLIB_H 1
| #define HAVE_STRING_H 1
| #define HAVE_MEMORY_H 1
| #define HAVE_STRINGS_H 1
| #define HAVE_INTTYPES_H 1
| #define HAVE_STDINT_H 1
| #define HAVE_UNISTD_H 1
| #define HAVE_DLFCN_H 1
| #define LT_OBJDIR ".libs/"
| #define HAVE_BOOST 1
| #define HAVE_BOOST_CAST_HPP 1
| #define HAVE_BOOST_LEXICAL_CAST_HPP 1
| /* end confdefs.h.  */
| 
| #if defined __GNUC__ && __GNUC__ == 4 && __GNUC_MINOR__ == 1 && !defined __ICC
| /* OK */
| #else
| # error defined __GNUC__ && __GNUC__ == 4 && __GNUC_MINOR__ == 1 && !defined __ICC
| #endif
| 
| int
| main ()
| {
| 
|   ;
|   return 0;
| }
configure:18084: g++ -c -g -O2 -std=c++14 -pipe  conftest.cpp >&5
conftest.cpp:33:3: error: #error defined __GNUC__ && __GNUC__ == 4 && __GNUC_MINOR__ == 0 && !defined __ICC && (defined WIN32 || defined WINNT || defined _WIN32 || defined __WIN32 || defined __WIN32__ || defined __WINNT || defined __WINNT__)
 # error defined __GNUC__ && __GNUC__ == 4 && __GNUC_MINOR__ == 0 && !defined __ICC &&   (defined WIN32 || defined WINNT || defined _WIN32 || defined __WIN32          || defined __WIN32__ || defined __WINNT || defined __WINNT__)
   ^~~~~
configure:18084: $? = 1
configure: failed program was:
| /* confdefs.h */
| #define PACKAGE_NAME "LRDE Tiger Compiler"
| #define PACKAGE_TARNAME "fauche_r-tc"
| #define PACKAGE_VERSION "1.55"
| #define PACKAGE_STRING "LRDE Tiger Compiler 1.55"
| #define PACKAGE_BUGREPORT "tiger@lrde.epita.fr"
| #define PACKAGE_URL "http://tiger.lrde.epita.fr"
| #define PACKAGE "fauche_r-tc"
| #define VERSION "1.55"
| #define FLEX_MAJOR_VERSION 2
| #define FLEX_MINOR_VERSION 6
| #define FLEX_SUBMINOR_VERSION 1
| #define STDC_HEADERS 1
| #define HAVE_SYS_TYPES_H 1
| #define HAVE_SYS_STAT_H 1
| #define HAVE_STDLIB_H 1
| #define HAVE_STRING_H 1
| #define HAVE_MEMORY_H 1
| #define HAVE_STRINGS_H 1
| #define HAVE_INTTYPES_H 1
| #define HAVE_STDINT_H 1
| #define HAVE_UNISTD_H 1
| #define HAVE_DLFCN_H 1
| #define LT_OBJDIR ".libs/"
| #define HAVE_BOOST 1
| #define HAVE_BOOST_CAST_HPP 1
| #define HAVE_BOOST_LEXICAL_CAST_HPP 1
| /* end confdefs.h.  */
| 
| #if defined __GNUC__ && __GNUC__ == 4 && __GNUC_MINOR__ == 0 && !defined __ICC &&   (defined WIN32 || defined WINNT || defined _WIN32 || defined __WIN32          || defined __WIN32__ || defined __WINNT || defined __WINNT__)
| /* OK */
| #else
| # error defined __GNUC__ && __GNUC__ == 4 && __GNUC_MINOR__ == 0 && !defined __ICC &&   (defined WIN32 || defined WINNT || defined _WIN32 || defined __WIN32          || defined __WIN32__ || defined __WINNT || defined __WINNT__)
| #endif
| 
| int
| main ()
| {
| 
|   ;
|   return 0;
| }
configure:18084: g++ -c -g -O2 -std=c++14 -pipe  conftest.cpp >&5
conftest.cpp:33:3: error: #error defined __GNUC__ && __GNUC__ == 4 && __GNUC_MINOR__ == 0 && !defined __ICC
 # error defined __GNUC__ && __GNUC__ == 4 && __GNUC_MINOR__ == 0 && !defined __ICC
   ^~~~~
configure:18084: $? = 1
configure: failed program was:
| /* confdefs.h */
| #define PACKAGE_NAME "LRDE Tiger Compiler"
| #define PACKAGE_TARNAME "fauche_r-tc"
| #define PACKAGE_VERSION "1.55"
| #define PACKAGE_STRING "LRDE Tiger Compiler 1.55"
| #define PACKAGE_BUGREPORT "tiger@lrde.epita.fr"
| #define PACKAGE_URL "http://tiger.lrde.epita.fr"
| #define PACKAGE "fauche_r-tc"
| #define VERSION "1.55"
| #define FLEX_MAJOR_VERSION 2
| #define FLEX_MINOR_VERSION 6
| #define FLEX_SUBMINOR_VERSION 1
| #define STDC_HEADERS 1
| #define HAVE_SYS_TYPES_H 1
| #define HAVE_SYS_STAT_H 1
| #define HAVE_STDLIB_H 1
| #define HAVE_STRING_H 1
| #define HAVE_MEMORY_H 1
| #define HAVE_STRINGS_H 1
| #define HAVE_INTTYPES_H 1
| #define HAVE_STDINT_H 1
| #define HAVE_UNISTD_H 1
| #define HAVE_DLFCN_H 1
| #define LT_OBJDIR ".libs/"
| #define HAVE_BOOST 1
| #define HAVE_BOOST_CAST_HPP 1
| #define HAVE_BOOST_LEXICAL_CAST_HPP 1
| /* end confdefs.h.  */
| 
| #if defined __GNUC__ && __GNUC__ == 4 && __GNUC_MINOR__ == 0 && !defined __ICC
| /* OK */
| #else
| # error defined __GNUC__ && __GNUC__ == 4 && __GNUC_MINOR__ == 0 && !defined __ICC
| #endif
| 
| int
| main ()
| {
| 
|   ;
|   return 0;
| }
configure:18084: g++ -c -g -O2 -std=c++14 -pipe  conftest.cpp >&5
conftest.cpp:33:3: error: #error defined __GNUC__ && __GNUC__ == 3 && !defined __ICC && (defined WIN32 || defined WINNT || defined _WIN32 || defined __WIN32 || defined __WIN32__ || defined __WINNT || defined __WINNT__)
 # error defined __GNUC__ && __GNUC__ == 3 && !defined __ICC      && (defined WIN32 || defined WINNT || defined _WIN32 || defined __WIN32          || defined __WIN32__ || defined __WINNT || defined __WINNT__)
   ^~~~~
configure:18084: $? = 1
configure: failed program was:
| /* confdefs.h */
| #define PACKAGE_NAME "LRDE Tiger Compiler"
| #define PACKAGE_TARNAME "fauche_r-tc"
| #define PACKAGE_VERSION "1.55"
| #define PACKAGE_STRING "LRDE Tiger Compiler 1.55"
| #define PACKAGE_BUGREPORT "tiger@lrde.epita.fr"
| #define PACKAGE_URL "http://tiger.lrde.epita.fr"
| #define PACKAGE "fauche_r-tc"
| #define VERSION "1.55"
| #define FLEX_MAJOR_VERSION 2
| #define FLEX_MINOR_VERSION 6
| #define FLEX_SUBMINOR_VERSION 1
| #define STDC_HEADERS 1
| #define HAVE_SYS_TYPES_H 1
| #define HAVE_SYS_STAT_H 1
| #define HAVE_STDLIB_H 1
| #define HAVE_STRING_H 1
| #define HAVE_MEMORY_H 1
| #define HAVE_STRINGS_H 1
| #define HAVE_INTTYPES_H 1
| #define HAVE_STDINT_H 1
| #define HAVE_UNISTD_H 1
| #define HAVE_DLFCN_H 1
| #define LT_OBJDIR ".libs/"
| #define HAVE_BOOST 1
| #define HAVE_BOOST_CAST_HPP 1
| #define HAVE_BOOST_LEXICAL_CAST_HPP 1
| /* end confdefs.h.  */
| 
| #if defined __GNUC__ && __GNUC__ == 3 && !defined __ICC      && (defined WIN32 || defined WINNT || defined _WIN32 || defined __WIN32          || defined __WIN32__ || defined __WINNT || defined __WINNT__)
| /* OK */
| #else
| # error defined __GNUC__ && __GNUC__ == 3 && !defined __ICC      && (defined WIN32 || defined WINNT || defined _WIN32 || defined __WIN32          || defined __WIN32__ || defined __WINNT || defined __WINNT__)
| #endif
| 
| int
| main ()
| {
| 
|   ;
|   return 0;
| }
configure:18084: g++ -c -g -O2 -std=c++14 -pipe  conftest.cpp >&5
conftest.cpp:33:3: error: #error defined __GNUC__ && __GNUC__ == 3 && __GNUC_MINOR__ == 4 && !defined __ICC
 # error defined __GNUC__ && __GNUC__ == 3 && __GNUC_MINOR__ == 4 && !defined __ICC
   ^~~~~
configure:18084: $? = 1
configure: failed program was:
| /* confdefs.h */
| #define PACKAGE_NAME "LRDE Tiger Compiler"
| #define PACKAGE_TARNAME "fauche_r-tc"
| #define PACKAGE_VERSION "1.55"
| #define PACKAGE_STRING "LRDE Tiger Compiler 1.55"
| #define PACKAGE_BUGREPORT "tiger@lrde.epita.fr"
| #define PACKAGE_URL "http://tiger.lrde.epita.fr"
| #define PACKAGE "fauche_r-tc"
| #define VERSION "1.55"
| #define FLEX_MAJOR_VERSION 2
| #define FLEX_MINOR_VERSION 6
| #define FLEX_SUBMINOR_VERSION 1
| #define STDC_HEADERS 1
| #define HAVE_SYS_TYPES_H 1
| #define HAVE_SYS_STAT_H 1
| #define HAVE_STDLIB_H 1
| #define HAVE_STRING_H 1
| #define HAVE_MEMORY_H 1
| #define HAVE_STRINGS_H 1
| #define HAVE_INTTYPES_H 1
| #define HAVE_STDINT_H 1
| #define HAVE_UNISTD_H 1
| #define HAVE_DLFCN_H 1
| #define LT_OBJDIR ".libs/"
| #define HAVE_BOOST 1
| #define HAVE_BOOST_CAST_HPP 1
| #define HAVE_BOOST_LEXICAL_CAST_HPP 1
| /* end confdefs.h.  */
| 
| #if defined __GNUC__ && __GNUC__ == 3 && __GNUC_MINOR__ == 4 && !defined __ICC
| /* OK */
| #else
| # error defined __GNUC__ && __GNUC__ == 3 && __GNUC_MINOR__ == 4 && !defined __ICC
| #endif
| 
| int
| main ()
| {
| 
|   ;
|   return 0;
| }
configure:18084: g++ -c -g -O2 -std=c++14 -pipe  conftest.cpp >&5
conftest.cpp:33:3: error: #error defined __GNUC__ && __GNUC__ == 3 && __GNUC_MINOR__ == 3 && !defined __ICC
 # error defined __GNUC__ && __GNUC__ == 3 && __GNUC_MINOR__ == 3 && !defined __ICC
   ^~~~~
configure:18084: $? = 1
configure: failed program was:
| /* confdefs.h */
| #define PACKAGE_NAME "LRDE Tiger Compiler"
| #define PACKAGE_TARNAME "fauche_r-tc"
| #define PACKAGE_VERSION "1.55"
| #define PACKAGE_STRING "LRDE Tiger Compiler 1.55"
| #define PACKAGE_BUGREPORT "tiger@lrde.epita.fr"
| #define PACKAGE_URL "http://tiger.lrde.epita.fr"
| #define PACKAGE "fauche_r-tc"
| #define VERSION "1.55"
| #define FLEX_MAJOR_VERSION 2
| #define FLEX_MINOR_VERSION 6
| #define FLEX_SUBMINOR_VERSION 1
| #define STDC_HEADERS 1
| #define HAVE_SYS_TYPES_H 1
| #define HAVE_SYS_STAT_H 1
| #define HAVE_STDLIB_H 1
| #define HAVE_STRING_H 1
| #define HAVE_MEMORY_H 1
| #define HAVE_STRINGS_H 1
| #define HAVE_INTTYPES_H 1
| #define HAVE_STDINT_H 1
| #define HAVE_UNISTD_H 1
| #define HAVE_DLFCN_H 1
| #define LT_OBJDIR ".libs/"
| #define HAVE_BOOST 1
| #define HAVE_BOOST_CAST_HPP 1
| #define HAVE_BOOST_LEXICAL_CAST_HPP 1
| /* end confdefs.h.  */
| 
| #if defined __GNUC__ && __GNUC__ == 3 && __GNUC_MINOR__ == 3 && !defined __ICC
| /* OK */
| #else
| # error defined __GNUC__ && __GNUC__ == 3 && __GNUC_MINOR__ == 3 && !defined __ICC
| #endif
| 
| int
| main ()
| {
| 
|   ;
|   return 0;
| }
configure:18084: g++ -c -g -O2 -std=c++14 -pipe  conftest.cpp >&5
conftest.cpp:33:3: error: #error defined _MSC_VER && _MSC_VER >= 1500
 # error defined _MSC_VER && _MSC_VER >= 1500
   ^~~~~
configure:18084: $? = 1
configure: failed program was:
| /* confdefs.h */
| #define PACKAGE_NAME "LRDE Tiger Compiler"
| #define PACKAGE_TARNAME "fauche_r-tc"
| #define PACKAGE_VERSION "1.55"
| #define PACKAGE_STRING "LRDE Tiger Compiler 1.55"
| #define PACKAGE_BUGREPORT "tiger@lrde.epita.fr"
| #define PACKAGE_URL "http://tiger.lrde.epita.fr"
| #define PACKAGE "fauche_r-tc"
| #define VERSION "1.55"
| #define FLEX_MAJOR_VERSION 2
| #define FLEX_MINOR_VERSION 6
| #define FLEX_SUBMINOR_VERSION 1
| #define STDC_HEADERS 1
| #define HAVE_SYS_TYPES_H 1
| #define HAVE_SYS_STAT_H 1
| #define HAVE_STDLIB_H 1
| #define HAVE_STRING_H 1
| #define HAVE_MEMORY_H 1
| #define HAVE_STRINGS_H 1
| #define HAVE_INTTYPES_H 1
| #define HAVE_STDINT_H 1
| #define HAVE_UNISTD_H 1
| #define HAVE_DLFCN_H 1
| #define LT_OBJDIR ".libs/"
| #define HAVE_BOOST 1
| #define HAVE_BOOST_CAST_HPP 1
| #define HAVE_BOOST_LEXICAL_CAST_HPP 1
| /* end confdefs.h.  */
| 
| #if defined _MSC_VER && _MSC_VER >= 1500
| /* OK */
| #else
| # error defined _MSC_VER && _MSC_VER >= 1500
| #endif
| 
| int
| main ()
| {
| 
|   ;
|   return 0;
| }
configure:18084: g++ -c -g -O2 -std=c++14 -pipe  conftest.cpp >&5
conftest.cpp:33:3: error: #error defined _MSC_VER && _MSC_VER == 1400
 # error defined _MSC_VER && _MSC_VER == 1400
   ^~~~~
configure:18084: $? = 1
configure: failed program was:
| /* confdefs.h */
| #define PACKAGE_NAME "LRDE Tiger Compiler"
| #define PACKAGE_TARNAME "fauche_r-tc"
| #define PACKAGE_VERSION "1.55"
| #define PACKAGE_STRING "LRDE Tiger Compiler 1.55"
| #define PACKAGE_BUGREPORT "tiger@lrde.epita.fr"
| #define PACKAGE_URL "http://tiger.lrde.epita.fr"
| #define PACKAGE "fauche_r-tc"
| #define VERSION "1.55"
| #define FLEX_MAJOR_VERSION 2
| #define FLEX_MINOR_VERSION 6
| #define FLEX_SUBMINOR_VERSION 1
| #define STDC_HEADERS 1
| #define HAVE_SYS_TYPES_H 1
| #define HAVE_SYS_STAT_H 1
| #define HAVE_STDLIB_H 1
| #define HAVE_STRING_H 1
| #define HAVE_MEMORY_H 1
| #define HAVE_STRINGS_H 1
| #define HAVE_INTTYPES_H 1
| #define HAVE_STDINT_H 1
| #define HAVE_UNISTD_H 1
| #define HAVE_DLFCN_H 1
| #define LT_OBJDIR ".libs/"
| #define HAVE_BOOST 1
| #define HAVE_BOOST_CAST_HPP 1
| #define HAVE_BOOST_LEXICAL_CAST_HPP 1
| /* end confdefs.h.  */
| 
| #if defined _MSC_VER && _MSC_VER == 1400
| /* OK */
| #else
| # error defined _MSC_VER && _MSC_VER == 1400
| #endif
| 
| int
| main ()
| {
| 
|   ;
|   return 0;
| }
configure:18084: g++ -c -g -O2 -std=c++14 -pipe  conftest.cpp >&5
conftest.cpp:33:3: error: #error defined __GNUC__ && __GNUC__ == 3 && __GNUC_MINOR__ == 2 && !defined __ICC
 # error defined __GNUC__ && __GNUC__ == 3 && __GNUC_MINOR__ == 2 && !defined __ICC
   ^~~~~
configure:18084: $? = 1
configure: failed program was:
| /* confdefs.h */
| #define PACKAGE_NAME "LRDE Tiger Compiler"
| #define PACKAGE_TARNAME "fauche_r-tc"
| #define PACKAGE_VERSION "1.55"
| #define PACKAGE_STRING "LRDE Tiger Compiler 1.55"
| #define PACKAGE_BUGREPORT "tiger@lrde.epita.fr"
| #define PACKAGE_URL "http://tiger.lrde.epita.fr"
| #define PACKAGE "fauche_r-tc"
| #define VERSION "1.55"
| #define FLEX_MAJOR_VERSION 2
| #define FLEX_MINOR_VERSION 6
| #define FLEX_SUBMINOR_VERSION 1
| #define STDC_HEADERS 1
| #define HAVE_SYS_TYPES_H 1
| #define HAVE_SYS_STAT_H 1
| #define HAVE_STDLIB_H 1
| #define HAVE_STRING_H 1
| #define HAVE_MEMORY_H 1
| #define HAVE_STRINGS_H 1
| #define HAVE_INTTYPES_H 1
| #define HAVE_STDINT_H 1
| #define HAVE_UNISTD_H 1
| #define HAVE_DLFCN_H 1
| #define LT_OBJDIR ".libs/"
| #define HAVE_BOOST 1
| #define HAVE_BOOST_CAST_HPP 1
| #define HAVE_BOOST_LEXICAL_CAST_HPP 1
| /* end confdefs.h.  */
| 
| #if defined __GNUC__ && __GNUC__ == 3 && __GNUC_MINOR__ == 2 && !defined __ICC
| /* OK */
| #else
| # error defined __GNUC__ && __GNUC__ == 3 && __GNUC_MINOR__ == 2 && !defined __ICC
| #endif
| 
| int
| main ()
| {
| 
|   ;
|   return 0;
| }
configure:18084: g++ -c -g -O2 -std=c++14 -pipe  conftest.cpp >&5
conftest.cpp:33:3: error: #error defined _MSC_VER && _MSC_VER == 1310
 # error defined _MSC_VER && _MSC_VER == 1310
   ^~~~~
configure:18084: $? = 1
configure: failed program was:
| /* confdefs.h */
| #define PACKAGE_NAME "LRDE Tiger Compiler"
| #define PACKAGE_TARNAME "fauche_r-tc"
| #define PACKAGE_VERSION "1.55"
| #define PACKAGE_STRING "LRDE Tiger Compiler 1.55"
| #define PACKAGE_BUGREPORT "tiger@lrde.epita.fr"
| #define PACKAGE_URL "http://tiger.lrde.epita.fr"
| #define PACKAGE "fauche_r-tc"
| #define VERSION "1.55"
| #define FLEX_MAJOR_VERSION 2
| #define FLEX_MINOR_VERSION 6
| #define FLEX_SUBMINOR_VERSION 1
| #define STDC_HEADERS 1
| #define HAVE_SYS_TYPES_H 1
| #define HAVE_SYS_STAT_H 1
| #define HAVE_STDLIB_H 1
| #define HAVE_STRING_H 1
| #define HAVE_MEMORY_H 1
| #define HAVE_STRINGS_H 1
| #define HAVE_INTTYPES_H 1
| #define HAVE_STDINT_H 1
| #define HAVE_UNISTD_H 1
| #define HAVE_DLFCN_H 1
| #define LT_OBJDIR ".libs/"
| #define HAVE_BOOST 1
| #define HAVE_BOOST_CAST_HPP 1
| #define HAVE_BOOST_LEXICAL_CAST_HPP 1
| /* end confdefs.h.  */
| 
| #if defined _MSC_VER && _MSC_VER == 1310
| /* OK */
| #else
| # error defined _MSC_VER && _MSC_VER == 1310
| #endif
| 
| int
| main ()
| {
| 
|   ;
|   return 0;
| }
configure:18084: g++ -c -g -O2 -std=c++14 -pipe  conftest.cpp >&5
conftest.cpp:33:3: error: #error defined __GNUC__ && __GNUC__ == 3 && __GNUC_MINOR__ == 1 && !defined __ICC
 # error defined __GNUC__ && __GNUC__ == 3 && __GNUC_MINOR__ == 1 && !defined __ICC
   ^~~~~
configure:18084: $? = 1
configure: failed program was:
| /* confdefs.h */
| #define PACKAGE_NAME "LRDE Tiger Compiler"
| #define PACKAGE_TARNAME "fauche_r-tc"
| #define PACKAGE_VERSION "1.55"
| #define PACKAGE_STRING "LRDE Tiger Compiler 1.55"
| #define PACKAGE_BUGREPORT "tiger@lrde.epita.fr"
| #define PACKAGE_URL "http://tiger.lrde.epita.fr"
| #define PACKAGE "fauche_r-tc"
| #define VERSION "1.55"
| #define FLEX_MAJOR_VERSION 2
| #define FLEX_MINOR_VERSION 6
| #define FLEX_SUBMINOR_VERSION 1
| #define STDC_HEADERS 1
| #define HAVE_SYS_TYPES_H 1
| #define HAVE_SYS_STAT_H 1
| #define HAVE_STDLIB_H 1
| #define HAVE_STRING_H 1
| #define HAVE_MEMORY_H 1
| #define HAVE_STRINGS_H 1
| #define HAVE_INTTYPES_H 1
| #define HAVE_STDINT_H 1
| #define HAVE_UNISTD_H 1
| #define HAVE_DLFCN_H 1
| #define LT_OBJDIR ".libs/"
| #define HAVE_BOOST 1
| #define HAVE_BOOST_CAST_HPP 1
| #define HAVE_BOOST_LEXICAL_CAST_HPP 1
| /* end confdefs.h.  */
| 
| #if defined __GNUC__ && __GNUC__ == 3 && __GNUC_MINOR__ == 1 && !defined __ICC
| /* OK */
| #else
| # error defined __GNUC__ && __GNUC__ == 3 && __GNUC_MINOR__ == 1 && !defined __ICC
| #endif
| 
| int
| main ()
| {
| 
|   ;
|   return 0;
| }
configure:18084: g++ -c -g -O2 -std=c++14 -pipe  conftest.cpp >&5
conftest.cpp:33:3: error: #error defined __GNUC__ && __GNUC__ == 3 && __GNUC_MINOR__ == 0 && !defined __ICC
 # error defined __GNUC__ && __GNUC__ == 3 && __GNUC_MINOR__ == 0 && !defined __ICC
   ^~~~~
configure:18084: $? = 1
configure: failed program was:
| /* confdefs.h */
| #define PACKAGE_NAME "LRDE Tiger Compiler"
| #define PACKAGE_TARNAME "fauche_r-tc"
| #define PACKAGE_VERSION "1.55"
| #define PACKAGE_STRING "LRDE Tiger Compiler 1.55"
| #define PACKAGE_BUGREPORT "tiger@lrde.epita.fr"
| #define PACKAGE_URL "http://tiger.lrde.epita.fr"
| #define PACKAGE "fauche_r-tc"
| #define VERSION "1.55"
| #define FLEX_MAJOR_VERSION 2
| #define FLEX_MINOR_VERSION 6
| #define FLEX_SUBMINOR_VERSION 1
| #define STDC_HEADERS 1
| #define HAVE_SYS_TYPES_H 1
| #define HAVE_SYS_STAT_H 1
| #define HAVE_STDLIB_H 1
| #define HAVE_STRING_H 1
| #define HAVE_MEMORY_H 1
| #define HAVE_STRINGS_H 1
| #define HAVE_INTTYPES_H 1
| #define HAVE_STDINT_H 1
| #define HAVE_UNISTD_H 1
| #define HAVE_DLFCN_H 1
| #define LT_OBJDIR ".libs/"
| #define HAVE_BOOST 1
| #define HAVE_BOOST_CAST_HPP 1
| #define HAVE_BOOST_LEXICAL_CAST_HPP 1
| /* end confdefs.h.  */
| 
| #if defined __GNUC__ && __GNUC__ == 3 && __GNUC_MINOR__ == 0 && !defined __ICC
| /* OK */
| #else
| # error defined __GNUC__ && __GNUC__ == 3 && __GNUC_MINOR__ == 0 && !defined __ICC
| #endif
| 
| int
| main ()
| {
| 
|   ;
|   return 0;
| }
configure:18084: g++ -c -g -O2 -std=c++14 -pipe  conftest.cpp >&5
conftest.cpp:33:3: error: #error defined __BORLANDC__
 # error defined __BORLANDC__
   ^~~~~
configure:18084: $? = 1
configure: failed program was:
| /* confdefs.h */
| #define PACKAGE_NAME "LRDE Tiger Compiler"
| #define PACKAGE_TARNAME "fauche_r-tc"
| #define PACKAGE_VERSION "1.55"
| #define PACKAGE_STRING "LRDE Tiger Compiler 1.55"
| #define PACKAGE_BUGREPORT "tiger@lrde.epita.fr"
| #define PACKAGE_URL "http://tiger.lrde.epita.fr"
| #define PACKAGE "fauche_r-tc"
| #define VERSION "1.55"
| #define FLEX_MAJOR_VERSION 2
| #define FLEX_MINOR_VERSION 6
| #define FLEX_SUBMINOR_VERSION 1
| #define STDC_HEADERS 1
| #define HAVE_SYS_TYPES_H 1
| #define HAVE_SYS_STAT_H 1
| #define HAVE_STDLIB_H 1
| #define HAVE_STRING_H 1
| #define HAVE_MEMORY_H 1
| #define HAVE_STRINGS_H 1
| #define HAVE_INTTYPES_H 1
| #define HAVE_STDINT_H 1
| #define HAVE_UNISTD_H 1
| #define HAVE_DLFCN_H 1
| #define LT_OBJDIR ".libs/"
| #define HAVE_BOOST 1
| #define HAVE_BOOST_CAST_HPP 1
| #define HAVE_BOOST_LEXICAL_CAST_HPP 1
| /* end confdefs.h.  */
| 
| #if defined __BORLANDC__
| /* OK */
| #else
| # error defined __BORLANDC__
| #endif
| 
| int
| main ()
| {
| 
|   ;
|   return 0;
| }
configure:18084: g++ -c -g -O2 -std=c++14 -pipe  conftest.cpp >&5
conftest.cpp:30:49: error: operator "defined" requires an identifier
 #if defined __ICC && (defined __unix || defined )
                                                 ^
conftest.cpp:30:22: error: missing ')' in expression
 #if defined __ICC && (defined __unix || defined )
                      ^
conftest.cpp:33:3: error: #error defined __ICC && (defined __unix || defined )
 # error defined __ICC && (defined __unix || defined )
   ^~~~~
configure:18084: $? = 1
configure: failed program was:
| /* confdefs.h */
| #define PACKAGE_NAME "LRDE Tiger Compiler"
| #define PACKAGE_TARNAME "fauche_r-tc"
| #define PACKAGE_VERSION "1.55"
| #define PACKAGE_STRING "LRDE Tiger Compiler 1.55"
| #define PACKAGE_BUGREPORT "tiger@lrde.epita.fr"
| #define PACKAGE_URL "http://tiger.lrde.epita.fr"
| #define PACKAGE "fauche_r-tc"
| #define VERSION "1.55"
| #define FLEX_MAJOR_VERSION 2
| #define FLEX_MINOR_VERSION 6
| #define FLEX_SUBMINOR_VERSION 1
| #define STDC_HEADERS 1
| #define HAVE_SYS_TYPES_H 1
| #define HAVE_SYS_STAT_H 1
| #define HAVE_STDLIB_H 1
| #define HAVE_STRING_H 1
| #define HAVE_MEMORY_H 1
| #define HAVE_STRINGS_H 1
| #define HAVE_INTTYPES_H 1
| #define HAVE_STDINT_H 1
| #define HAVE_UNISTD_H 1
| #define HAVE_DLFCN_H 1
| #define LT_OBJDIR ".libs/"
| #define HAVE_BOOST 1
| #define HAVE_BOOST_CAST_HPP 1
| #define HAVE_BOOST_LEXICAL_CAST_HPP 1
| /* end confdefs.h.  */
| 
| #if defined __ICC && (defined __unix || defined )
| /* OK */
| #else
| # error defined __ICC && (defined __unix || defined )
| #endif
| 
| int
| main ()
| {
| 
|   ;
|   return 0;
| }
configure:18084: g++ -c -g -O2 -std=c++14 -pipe  conftest.cpp >&5
conftest.cpp:33:3: error: #error defined __ICL
 # error defined __ICL
   ^~~~~
configure:18084: $? = 1
configure: failed program was:
| /* confdefs.h */
| #define PACKAGE_NAME "LRDE Tiger Compiler"
| #define PACKAGE_TARNAME "fauche_r-tc"
| #define PACKAGE_VERSION "1.55"
| #define PACKAGE_STRING "LRDE Tiger Compiler 1.55"
| #define PACKAGE_BUGREPORT "tiger@lrde.epita.fr"
| #define PACKAGE_URL "http://tiger.lrde.epita.fr"
| #define PACKAGE "fauche_r-tc"
| #define VERSION "1.55"
| #define FLEX_MAJOR_VERSION 2
| #define FLEX_MINOR_VERSION 6
| #define FLEX_SUBMINOR_VERSION 1
| #define STDC_HEADERS 1
| #define HAVE_SYS_TYPES_H 1
| #define HAVE_SYS_STAT_H 1
| #define HAVE_STDLIB_H 1
| #define HAVE_STRING_H 1
| #define HAVE_MEMORY_H 1
| #define HAVE_STRINGS_H 1
| #define HAVE_INTTYPES_H 1
| #define HAVE_STDINT_H 1
| #define HAVE_UNISTD_H 1
| #define HAVE_DLFCN_H 1
| #define LT_OBJDIR ".libs/"
| #define HAVE_BOOST 1
| #define HAVE_BOOST_CAST_HPP 1
| #define HAVE_BOOST_LEXICAL_CAST_HPP 1
| /* end confdefs.h.  */
| 
| #if defined __ICL
| /* OK */
| #else
| # error defined __ICL
| #endif
| 
| int
| main ()
| {
| 
|   ;
|   return 0;
| }
configure:18084: g++ -c -g -O2 -std=c++14 -pipe  conftest.cpp >&5
conftest.cpp:33:3: error: #error defined _MSC_VER && _MSC_VER == 1300
 # error defined _MSC_VER && _MSC_VER == 1300
   ^~~~~
configure:18084: $? = 1
configure: failed program was:
| /* confdefs.h */
| #define PACKAGE_NAME "LRDE Tiger Compiler"
| #define PACKAGE_TARNAME "fauche_r-tc"
| #define PACKAGE_VERSION "1.55"
| #define PACKAGE_STRING "LRDE Tiger Compiler 1.55"
| #define PACKAGE_BUGREPORT "tiger@lrde.epita.fr"
| #define PACKAGE_URL "http://tiger.lrde.epita.fr"
| #define PACKAGE "fauche_r-tc"
| #define VERSION "1.55"
| #define FLEX_MAJOR_VERSION 2
| #define FLEX_MINOR_VERSION 6
| #define FLEX_SUBMINOR_VERSION 1
| #define STDC_HEADERS 1
| #define HAVE_SYS_TYPES_H 1
| #define HAVE_SYS_STAT_H 1
| #define HAVE_STDLIB_H 1
| #define HAVE_STRING_H 1
| #define HAVE_MEMORY_H 1
| #define HAVE_STRINGS_H 1
| #define HAVE_INTTYPES_H 1
| #define HAVE_STDINT_H 1
| #define HAVE_UNISTD_H 1
| #define HAVE_DLFCN_H 1
| #define LT_OBJDIR ".libs/"
| #define HAVE_BOOST 1
| #define HAVE_BOOST_CAST_HPP 1
| #define HAVE_BOOST_LEXICAL_CAST_HPP 1
| /* end confdefs.h.  */
| 
| #if defined _MSC_VER && _MSC_VER == 1300
| /* OK */
| #else
| # error defined _MSC_VER && _MSC_VER == 1300
| #endif
| 
| int
| main ()
| {
| 
|   ;
|   return 0;
| }
configure:18084: g++ -c -g -O2 -std=c++14 -pipe  conftest.cpp >&5
conftest.cpp:33:3: error: #error defined __GNUC__ && __GNUC__ == 2 && __GNUC_MINOR__ == 95 && !defined __ICC
 # error defined __GNUC__ && __GNUC__ == 2 && __GNUC_MINOR__ == 95 && !defined __ICC
   ^~~~~
configure:18084: $? = 1
configure: failed program was:
| /* confdefs.h */
| #define PACKAGE_NAME "LRDE Tiger Compiler"
| #define PACKAGE_TARNAME "fauche_r-tc"
| #define PACKAGE_VERSION "1.55"
| #define PACKAGE_STRING "LRDE Tiger Compiler 1.55"
| #define PACKAGE_BUGREPORT "tiger@lrde.epita.fr"
| #define PACKAGE_URL "http://tiger.lrde.epita.fr"
| #define PACKAGE "fauche_r-tc"
| #define VERSION "1.55"
| #define FLEX_MAJOR_VERSION 2
| #define FLEX_MINOR_VERSION 6
| #define FLEX_SUBMINOR_VERSION 1
| #define STDC_HEADERS 1
| #define HAVE_SYS_TYPES_H 1
| #define HAVE_SYS_STAT_H 1
| #define HAVE_STDLIB_H 1
| #define HAVE_STRING_H 1
| #define HAVE_MEMORY_H 1
| #define HAVE_STRINGS_H 1
| #define HAVE_INTTYPES_H 1
| #define HAVE_STDINT_H 1
| #define HAVE_UNISTD_H 1
| #define HAVE_DLFCN_H 1
| #define LT_OBJDIR ".libs/"
| #define HAVE_BOOST 1
| #define HAVE_BOOST_CAST_HPP 1
| #define HAVE_BOOST_LEXICAL_CAST_HPP 1
| /* end confdefs.h.  */
| 
| #if defined __GNUC__ && __GNUC__ == 2 && __GNUC_MINOR__ == 95 && !defined __ICC
| /* OK */
| #else
| # error defined __GNUC__ && __GNUC__ == 2 && __GNUC_MINOR__ == 95 && !defined __ICC
| #endif
| 
| int
| main ()
| {
| 
|   ;
|   return 0;
| }
configure:18084: g++ -c -g -O2 -std=c++14 -pipe  conftest.cpp >&5
conftest.cpp:33:3: error: #error defined __MWERKS__ && __MWERKS__ <= 0x32FF
 # error defined __MWERKS__ && __MWERKS__ <= 0x32FF
   ^~~~~
configure:18084: $? = 1
configure: failed program was:
| /* confdefs.h */
| #define PACKAGE_NAME "LRDE Tiger Compiler"
| #define PACKAGE_TARNAME "fauche_r-tc"
| #define PACKAGE_VERSION "1.55"
| #define PACKAGE_STRING "LRDE Tiger Compiler 1.55"
| #define PACKAGE_BUGREPORT "tiger@lrde.epita.fr"
| #define PACKAGE_URL "http://tiger.lrde.epita.fr"
| #define PACKAGE "fauche_r-tc"
| #define VERSION "1.55"
| #define FLEX_MAJOR_VERSION 2
| #define FLEX_MINOR_VERSION 6
| #define FLEX_SUBMINOR_VERSION 1
| #define STDC_HEADERS 1
| #define HAVE_SYS_TYPES_H 1
| #define HAVE_SYS_STAT_H 1
| #define HAVE_STDLIB_H 1
| #define HAVE_STRING_H 1
| #define HAVE_MEMORY_H 1
| #define HAVE_STRINGS_H 1
| #define HAVE_INTTYPES_H 1
| #define HAVE_STDINT_H 1
| #define HAVE_UNISTD_H 1
| #define HAVE_DLFCN_H 1
| #define LT_OBJDIR ".libs/"
| #define HAVE_BOOST 1
| #define HAVE_BOOST_CAST_HPP 1
| #define HAVE_BOOST_LEXICAL_CAST_HPP 1
| /* end confdefs.h.  */
| 
| #if defined __MWERKS__ && __MWERKS__ <= 0x32FF
| /* OK */
| #else
| # error defined __MWERKS__ && __MWERKS__ <= 0x32FF
| #endif
| 
| int
| main ()
| {
| 
|   ;
|   return 0;
| }
configure:18084: g++ -c -g -O2 -std=c++14 -pipe  conftest.cpp >&5
conftest.cpp:33:3: error: #error defined _MSC_VER && _MSC_VER < 1300 && !defined UNDER_CE
 # error defined _MSC_VER && _MSC_VER < 1300 && !defined UNDER_CE
   ^~~~~
configure:18084: $? = 1
configure: failed program was:
| /* confdefs.h */
| #define PACKAGE_NAME "LRDE Tiger Compiler"
| #define PACKAGE_TARNAME "fauche_r-tc"
| #define PACKAGE_VERSION "1.55"
| #define PACKAGE_STRING "LRDE Tiger Compiler 1.55"
| #define PACKAGE_BUGREPORT "tiger@lrde.epita.fr"
| #define PACKAGE_URL "http://tiger.lrde.epita.fr"
| #define PACKAGE "fauche_r-tc"
| #define VERSION "1.55"
| #define FLEX_MAJOR_VERSION 2
| #define FLEX_MINOR_VERSION 6
| #define FLEX_SUBMINOR_VERSION 1
| #define STDC_HEADERS 1
| #define HAVE_SYS_TYPES_H 1
| #define HAVE_SYS_STAT_H 1
| #define HAVE_STDLIB_H 1
| #define HAVE_STRING_H 1
| #define HAVE_MEMORY_H 1
| #define HAVE_STRINGS_H 1
| #define HAVE_INTTYPES_H 1
| #define HAVE_STDINT_H 1
| #define HAVE_UNISTD_H 1
| #define HAVE_DLFCN_H 1
| #define LT_OBJDIR ".libs/"
| #define HAVE_BOOST 1
| #define HAVE_BOOST_CAST_HPP 1
| #define HAVE_BOOST_LEXICAL_CAST_HPP 1
| /* end confdefs.h.  */
| 
| #if defined _MSC_VER && _MSC_VER < 1300 && !defined UNDER_CE
| /* OK */
| #else
| # error defined _MSC_VER && _MSC_VER < 1300 && !defined UNDER_CE
| #endif
| 
| int
| main ()
| {
| 
|   ;
|   return 0;
| }
configure:18084: g++ -c -g -O2 -std=c++14 -pipe  conftest.cpp >&5
conftest.cpp:33:3: error: #error defined _MSC_VER && _MSC_VER < 1300 && defined UNDER_CE
 # error defined _MSC_VER && _MSC_VER < 1300 && defined UNDER_CE
   ^~~~~
configure:18084: $? = 1
configure: failed program was:
| /* confdefs.h */
| #define PACKAGE_NAME "LRDE Tiger Compiler"
| #define PACKAGE_TARNAME "fauche_r-tc"
| #define PACKAGE_VERSION "1.55"
| #define PACKAGE_STRING "LRDE Tiger Compiler 1.55"
| #define PACKAGE_BUGREPORT "tiger@lrde.epita.fr"
| #define PACKAGE_URL "http://tiger.lrde.epita.fr"
| #define PACKAGE "fauche_r-tc"
| #define VERSION "1.55"
| #define FLEX_MAJOR_VERSION 2
| #define FLEX_MINOR_VERSION 6
| #define FLEX_SUBMINOR_VERSION 1
| #define STDC_HEADERS 1
| #define HAVE_SYS_TYPES_H 1
| #define HAVE_SYS_STAT_H 1
| #define HAVE_STDLIB_H 1
| #define HAVE_STRING_H 1
| #define HAVE_MEMORY_H 1
| #define HAVE_STRINGS_H 1
| #define HAVE_INTTYPES_H 1
| #define HAVE_STDINT_H 1
| #define HAVE_UNISTD_H 1
| #define HAVE_DLFCN_H 1
| #define LT_OBJDIR ".libs/"
| #define HAVE_BOOST 1
| #define HAVE_BOOST_CAST_HPP 1
| #define HAVE_BOOST_LEXICAL_CAST_HPP 1
| /* end confdefs.h.  */
| 
| #if defined _MSC_VER && _MSC_VER < 1300 && defined UNDER_CE
| /* OK */
| #else
| # error defined _MSC_VER && _MSC_VER < 1300 && defined UNDER_CE
| #endif
| 
| int
| main ()
| {
| 
|   ;
|   return 0;
| }
configure:18084: g++ -c -g -O2 -std=c++14 -pipe  conftest.cpp >&5
conftest.cpp:33:3: error: #error defined __MWERKS__ && __MWERKS__ <= 0x31FF
 # error defined __MWERKS__ && __MWERKS__ <= 0x31FF
   ^~~~~
configure:18084: $? = 1
configure: failed program was:
| /* confdefs.h */
| #define PACKAGE_NAME "LRDE Tiger Compiler"
| #define PACKAGE_TARNAME "fauche_r-tc"
| #define PACKAGE_VERSION "1.55"
| #define PACKAGE_STRING "LRDE Tiger Compiler 1.55"
| #define PACKAGE_BUGREPORT "tiger@lrde.epita.fr"
| #define PACKAGE_URL "http://tiger.lrde.epita.fr"
| #define PACKAGE "fauche_r-tc"
| #define VERSION "1.55"
| #define FLEX_MAJOR_VERSION 2
| #define FLEX_MINOR_VERSION 6
| #define FLEX_SUBMINOR_VERSION 1
| #define STDC_HEADERS 1
| #define HAVE_SYS_TYPES_H 1
| #define HAVE_SYS_STAT_H 1
| #define HAVE_STDLIB_H 1
| #define HAVE_STRING_H 1
| #define HAVE_MEMORY_H 1
| #define HAVE_STRINGS_H 1
| #define HAVE_INTTYPES_H 1
| #define HAVE_STDINT_H 1
| #define HAVE_UNISTD_H 1
| #define HAVE_DLFCN_H 1
| #define LT_OBJDIR ".libs/"
| #define HAVE_BOOST 1
| #define HAVE_BOOST_CAST_HPP 1
| #define HAVE_BOOST_LEXICAL_CAST_HPP 1
| /* end confdefs.h.  */
| 
| #if defined __MWERKS__ && __MWERKS__ <= 0x31FF
| /* OK */
| #else
| # error defined __MWERKS__ && __MWERKS__ <= 0x31FF
| #endif
| 
| int
| main ()
| {
| 
|   ;
|   return 0;
| }
configure:18112: WARNING: could not figure out which toolset name to use for g++
configure:18119: result: 
configure:18151: g++ -c -g -O2 -std=c++14 -pipe  conftest.cpp >&5
conftest.cpp:33:3: error: #error MT not needed
 # error MT not needed
   ^~~~~
configure:18151: $? = 1
configure: failed program was:
| /* confdefs.h */
| #define PACKAGE_NAME "LRDE Tiger Compiler"
| #define PACKAGE_TARNAME "fauche_r-tc"
| #define PACKAGE_VERSION "1.55"
| #define PACKAGE_STRING "LRDE Tiger Compiler 1.55"
| #define PACKAGE_BUGREPORT "tiger@lrde.epita.fr"
| #define PACKAGE_URL "http://tiger.lrde.epita.fr"
| #define PACKAGE "fauche_r-tc"
| #define VERSION "1.55"
| #define FLEX_MAJOR_VERSION 2
| #define FLEX_MINOR_VERSION 6
| #define FLEX_SUBMINOR_VERSION 1
| #define STDC_HEADERS 1
| #define HAVE_SYS_TYPES_H 1
| #define HAVE_SYS_STAT_H 1
| #define HAVE_STDLIB_H 1
| #define HAVE_STRING_H 1
| #define HAVE_MEMORY_H 1
| #define HAVE_STRINGS_H 1
| #define HAVE_INTTYPES_H 1
| #define HAVE_STDINT_H 1
| #define HAVE_UNISTD_H 1
| #define HAVE_DLFCN_H 1
| #define LT_OBJDIR ".libs/"
| #define HAVE_BOOST 1
| #define HAVE_BOOST_CAST_HPP 1
| #define HAVE_BOOST_LEXICAL_CAST_HPP 1
| /* end confdefs.h.  */
| 
| #if defined _REENTRANT || defined _MT || defined __MT__
| /* use -mt */
| #else
| # error MT not needed
| #endif
| 
| int
| main ()
| {
| 
|   ;
|   return 0;
| }
configure:18187: checking boost/system/error_code.hpp usability
configure:18187: g++ -c -g -O2 -std=c++14 -pipe   conftest.cpp >&5
configure:18187: $? = 0
configure:18187: result: yes
configure:18187: checking boost/system/error_code.hpp presence
configure:18187: g++ -E   conftest.cpp
configure:18187: $? = 0
configure:18187: result: yes
configure:18187: checking for boost/system/error_code.hpp
configure:18187: result: yes
configure:18207: checking for the Boost system library
configure:18249: g++ -c -g -O2 -std=c++14 -pipe   conftest.cpp >&5
configure:18249: $? = 0
configure:18304: re-using the existing conftest.o
configure:18310: g++ -o conftest -g -O2 -std=c++14 -pipe    conftest.o -lboost_system--mt-1_62  >&5
/usr/bin/ld: cannot find -lboost_system--mt-1_62
collect2: error: ld returned 1 exit status
configure:18319: $? = 1
configure:18304: re-using the existing conftest.o
configure:18310: g++ -o conftest -g -O2 -std=c++14 -pipe    -L/usr/local/lib conftest.o -lboost_system--mt-1_62  >&5
/usr/bin/ld: cannot find -lboost_system--mt-1_62
collect2: error: ld returned 1 exit status
configure:18319: $? = 1
configure:18304: re-using the existing conftest.o
configure:18310: g++ -o conftest -g -O2 -std=c++14 -pipe    -L/usr/lib conftest.o -lboost_system--mt-1_62  >&5
/usr/bin/ld: cannot find -lboost_system--mt-1_62
collect2: error: ld returned 1 exit status
configure:18319: $? = 1
configure:18304: re-using the existing conftest.o
configure:18310: g++ -o conftest -g -O2 -std=c++14 -pipe    -L/usr/lib32 conftest.o -lboost_system--mt-1_62  >&5
/usr/bin/ld: cannot find -lboost_system--mt-1_62
/usr/bin/ld: skipping incompatible /usr/lib32/libstdc++.so when searching for -lstdc++
/usr/bin/ld: skipping incompatible /usr/lib32/libstdc++.a when searching for -lstdc++
/usr/bin/ld: skipping incompatible /usr/lib32/libm.so when searching for -lm
/usr/bin/ld: skipping incompatible /usr/lib32/libm.a when searching for -lm
collect2: error: ld returned 1 exit status
configure:18319: $? = 1
configure:18304: re-using the existing conftest.o
configure:18310: g++ -o conftest -g -O2 -std=c++14 -pipe    -L/usr/lib64 conftest.o -lboost_system--mt-1_62  >&5
/usr/bin/ld: cannot find -lboost_system--mt-1_62
collect2: error: ld returned 1 exit status
configure:18319: $? = 1
configure:18304: re-using the existing conftest.o
configure:18310: g++ -o conftest -g -O2 -std=c++14 -pipe    conftest.o -lboost_system--mt-1_62  >&5
/usr/bin/ld: cannot find -lboost_system--mt-1_62
collect2: error: ld returned 1 exit status
configure:18319: $? = 1
configure:18304: re-using the existing conftest.o
configure:18310: g++ -o conftest -g -O2 -std=c++14 -pipe    -L/lib conftest.o -lboost_system--mt-1_62  >&5
/usr/bin/ld: cannot find -lboost_system--mt-1_62
collect2: error: ld returned 1 exit status
configure:18319: $? = 1
configure:18304: re-using the existing conftest.o
configure:18310: g++ -o conftest -g -O2 -std=c++14 -pipe    -L/lib64 conftest.o -lboost_system--mt-1_62  >&5
/usr/bin/ld: cannot find -lboost_system--mt-1_62
collect2: error: ld returned 1 exit status
configure:18319: $? = 1
configure:18304: re-using the existing conftest.o
configure:18310: g++ -o conftest -g -O2 -std=c++14 -pipe    conftest.o -lboost_system--1_62  >&5
/usr/bin/ld: cannot find -lboost_system--1_62
collect2: error: ld returned 1 exit status
configure:18319: $? = 1
configure:18304: re-using the existing conftest.o
configure:18310: g++ -o conftest -g -O2 -std=c++14 -pipe    -L/usr/local/lib conftest.o -lboost_system--1_62  >&5
/usr/bin/ld: cannot find -lboost_system--1_62
collect2: error: ld returned 1 exit status
configure:18319: $? = 1
configure:18304: re-using the existing conftest.o
configure:18310: g++ -o conftest -g -O2 -std=c++14 -pipe    -L/usr/lib conftest.o -lboost_system--1_62  >&5
/usr/bin/ld: cannot find -lboost_system--1_62
collect2: error: ld returned 1 exit status
configure:18319: $? = 1
configure:18304: re-using the existing conftest.o
configure:18310: g++ -o conftest -g -O2 -std=c++14 -pipe    -L/usr/lib32 conftest.o -lboost_system--1_62  >&5
/usr/bin/ld: cannot find -lboost_system--1_62
/usr/bin/ld: skipping incompatible /usr/lib32/libstdc++.so when searching for -lstdc++
/usr/bin/ld: skipping incompatible /usr/lib32/libstdc++.a when searching for -lstdc++
/usr/bin/ld: skipping incompatible /usr/lib32/libm.so when searching for -lm
/usr/bin/ld: skipping incompatible /usr/lib32/libm.a when searching for -lm
collect2: error: ld returned 1 exit status
configure:18319: $? = 1
configure:18304: re-using the existing conftest.o
configure:18310: g++ -o conftest -g -O2 -std=c++14 -pipe    -L/usr/lib64 conftest.o -lboost_system--1_62  >&5
/usr/bin/ld: cannot find -lboost_system--1_62
collect2: error: ld returned 1 exit status
configure:18319: $? = 1
configure:18304: re-using the existing conftest.o
configure:18310: g++ -o conftest -g -O2 -std=c++14 -pipe    conftest.o -lboost_system--1_62  >&5
/usr/bin/ld: cannot find -lboost_system--1_62
collect2: error: ld returned 1 exit status
configure:18319: $? = 1
configure:18304: re-using the existing conftest.o
configure:18310: g++ -o conftest -g -O2 -std=c++14 -pipe    -L/lib conftest.o -lboost_system--1_62  >&5
/usr/bin/ld: cannot find -lboost_system--1_62
collect2: error: ld returned 1 exit status
configure:18319: $? = 1
configure:18304: re-using the existing conftest.o
configure:18310: g++ -o conftest -g -O2 -std=c++14 -pipe    -L/lib64 conftest.o -lboost_system--1_62  >&5
/usr/bin/ld: cannot find -lboost_system--1_62
collect2: error: ld returned 1 exit status
configure:18319: $? = 1
configure:18304: re-using the existing conftest.o
configure:18310: g++ -o conftest -g -O2 -std=c++14 -pipe    conftest.o -lboost_system--mt-d-1_62  >&5
/usr/bin/ld: cannot find -lboost_system--mt-d-1_62
collect2: error: ld returned 1 exit status
configure:18319: $? = 1
configure:18304: re-using the existing conftest.o
configure:18310: g++ -o conftest -g -O2 -std=c++14 -pipe    -L/usr/local/lib conftest.o -lboost_system--mt-d-1_62  >&5
/usr/bin/ld: cannot find -lboost_system--mt-d-1_62
collect2: error: ld returned 1 exit status
configure:18319: $? = 1
configure:18304: re-using the existing conftest.o
configure:18310: g++ -o conftest -g -O2 -std=c++14 -pipe    -L/usr/lib conftest.o -lboost_system--mt-d-1_62  >&5
/usr/bin/ld: cannot find -lboost_system--mt-d-1_62
collect2: error: ld returned 1 exit status
configure:18319: $? = 1
configure:18304: re-using the existing conftest.o
configure:18310: g++ -o conftest -g -O2 -std=c++14 -pipe    -L/usr/lib32 conftest.o -lboost_system--mt-d-1_62  >&5
/usr/bin/ld: cannot find -lboost_system--mt-d-1_62
/usr/bin/ld: skipping incompatible /usr/lib32/libstdc++.so when searching for -lstdc++
/usr/bin/ld: skipping incompatible /usr/lib32/libstdc++.a when searching for -lstdc++
/usr/bin/ld: skipping incompatible /usr/lib32/libm.so when searching for -lm
/usr/bin/ld: skipping incompatible /usr/lib32/libm.a when searching for -lm
collect2: error: ld returned 1 exit status
configure:18319: $? = 1
configure:18304: re-using the existing conftest.o
configure:18310: g++ -o conftest -g -O2 -std=c++14 -pipe    -L/usr/lib64 conftest.o -lboost_system--mt-d-1_62  >&5
/usr/bin/ld: cannot find -lboost_system--mt-d-1_62
collect2: error: ld returned 1 exit status
configure:18319: $? = 1
configure:18304: re-using the existing conftest.o
configure:18310: g++ -o conftest -g -O2 -std=c++14 -pipe    conftest.o -lboost_system--mt-d-1_62  >&5
/usr/bin/ld: cannot find -lboost_system--mt-d-1_62
collect2: error: ld returned 1 exit status
configure:18319: $? = 1
configure:18304: re-using the existing conftest.o
configure:18310: g++ -o conftest -g -O2 -std=c++14 -pipe    -L/lib conftest.o -lboost_system--mt-d-1_62  >&5
/usr/bin/ld: cannot find -lboost_system--mt-d-1_62
collect2: error: ld returned 1 exit status
configure:18319: $? = 1
configure:18304: re-using the existing conftest.o
configure:18310: g++ -o conftest -g -O2 -std=c++14 -pipe    -L/lib64 conftest.o -lboost_system--mt-d-1_62  >&5
/usr/bin/ld: cannot find -lboost_system--mt-d-1_62
collect2: error: ld returned 1 exit status
configure:18319: $? = 1
configure:18304: re-using the existing conftest.o
configure:18310: g++ -o conftest -g -O2 -std=c++14 -pipe    conftest.o -lboost_system--d-1_62  >&5
/usr/bin/ld: cannot find -lboost_system--d-1_62
collect2: error: ld returned 1 exit status
configure:18319: $? = 1
configure:18304: re-using the existing conftest.o
configure:18310: g++ -o conftest -g -O2 -std=c++14 -pipe    -L/usr/local/lib conftest.o -lboost_system--d-1_62  >&5
/usr/bin/ld: cannot find -lboost_system--d-1_62
collect2: error: ld returned 1 exit status
configure:18319: $? = 1
configure:18304: re-using the existing conftest.o
configure:18310: g++ -o conftest -g -O2 -std=c++14 -pipe    -L/usr/lib conftest.o -lboost_system--d-1_62  >&5
/usr/bin/ld: cannot find -lboost_system--d-1_62
collect2: error: ld returned 1 exit status
configure:18319: $? = 1
configure:18304: re-using the existing conftest.o
configure:18310: g++ -o conftest -g -O2 -std=c++14 -pipe    -L/usr/lib32 conftest.o -lboost_system--d-1_62  >&5
/usr/bin/ld: cannot find -lboost_system--d-1_62
/usr/bin/ld: skipping incompatible /usr/lib32/libstdc++.so when searching for -lstdc++
/usr/bin/ld: skipping incompatible /usr/lib32/libstdc++.a when searching for -lstdc++
/usr/bin/ld: skipping incompatible /usr/lib32/libm.so when searching for -lm
/usr/bin/ld: skipping incompatible /usr/lib32/libm.a when searching for -lm
collect2: error: ld returned 1 exit status
configure:18319: $? = 1
configure:18304: re-using the existing conftest.o
configure:18310: g++ -o conftest -g -O2 -std=c++14 -pipe    -L/usr/lib64 conftest.o -lboost_system--d-1_62  >&5
/usr/bin/ld: cannot find -lboost_system--d-1_62
collect2: error: ld returned 1 exit status
configure:18319: $? = 1
configure:18304: re-using the existing conftest.o
configure:18310: g++ -o conftest -g -O2 -std=c++14 -pipe    conftest.o -lboost_system--d-1_62  >&5
/usr/bin/ld: cannot find -lboost_system--d-1_62
collect2: error: ld returned 1 exit status
configure:18319: $? = 1
configure:18304: re-using the existing conftest.o
configure:18310: g++ -o conftest -g -O2 -std=c++14 -pipe    -L/lib conftest.o -lboost_system--d-1_62  >&5
/usr/bin/ld: cannot find -lboost_system--d-1_62
collect2: error: ld returned 1 exit status
configure:18319: $? = 1
configure:18304: re-using the existing conftest.o
configure:18310: g++ -o conftest -g -O2 -std=c++14 -pipe    -L/lib64 conftest.o -lboost_system--d-1_62  >&5
/usr/bin/ld: cannot find -lboost_system--d-1_62
collect2: error: ld returned 1 exit status
configure:18319: $? = 1
configure:18304: re-using the existing conftest.o
configure:18310: g++ -o conftest -g -O2 -std=c++14 -pipe    conftest.o -lboost_system--mt  >&5
/usr/bin/ld: cannot find -lboost_system--mt
collect2: error: ld returned 1 exit status
configure:18319: $? = 1
configure:18304: re-using the existing conftest.o
configure:18310: g++ -o conftest -g -O2 -std=c++14 -pipe    -L/usr/local/lib conftest.o -lboost_system--mt  >&5
/usr/bin/ld: cannot find -lboost_system--mt
collect2: error: ld returned 1 exit status
configure:18319: $? = 1
configure:18304: re-using the existing conftest.o
configure:18310: g++ -o conftest -g -O2 -std=c++14 -pipe    -L/usr/lib conftest.o -lboost_system--mt  >&5
/usr/bin/ld: cannot find -lboost_system--mt
collect2: error: ld returned 1 exit status
configure:18319: $? = 1
configure:18304: re-using the existing conftest.o
configure:18310: g++ -o conftest -g -O2 -std=c++14 -pipe    -L/usr/lib32 conftest.o -lboost_system--mt  >&5
/usr/bin/ld: cannot find -lboost_system--mt
/usr/bin/ld: skipping incompatible /usr/lib32/libstdc++.so when searching for -lstdc++
/usr/bin/ld: skipping incompatible /usr/lib32/libstdc++.a when searching for -lstdc++
/usr/bin/ld: skipping incompatible /usr/lib32/libm.so when searching for -lm
/usr/bin/ld: skipping incompatible /usr/lib32/libm.a when searching for -lm
collect2: error: ld returned 1 exit status
configure:18319: $? = 1
configure:18304: re-using the existing conftest.o
configure:18310: g++ -o conftest -g -O2 -std=c++14 -pipe    -L/usr/lib64 conftest.o -lboost_system--mt  >&5
/usr/bin/ld: cannot find -lboost_system--mt
collect2: error: ld returned 1 exit status
configure:18319: $? = 1
configure:18304: re-using the existing conftest.o
configure:18310: g++ -o conftest -g -O2 -std=c++14 -pipe    conftest.o -lboost_system--mt  >&5
/usr/bin/ld: cannot find -lboost_system--mt
collect2: error: ld returned 1 exit status
configure:18319: $? = 1
configure:18304: re-using the existing conftest.o
configure:18310: g++ -o conftest -g -O2 -std=c++14 -pipe    -L/lib conftest.o -lboost_system--mt  >&5
/usr/bin/ld: cannot find -lboost_system--mt
collect2: error: ld returned 1 exit status
configure:18319: $? = 1
configure:18304: re-using the existing conftest.o
configure:18310: g++ -o conftest -g -O2 -std=c++14 -pipe    -L/lib64 conftest.o -lboost_system--mt  >&5
/usr/bin/ld: cannot find -lboost_system--mt
collect2: error: ld returned 1 exit status
configure:18319: $? = 1
configure:18304: re-using the existing conftest.o
configure:18310: g++ -o conftest -g -O2 -std=c++14 -pipe    conftest.o -lboost_system-  >&5
/usr/bin/ld: cannot find -lboost_system-
collect2: error: ld returned 1 exit status
configure:18319: $? = 1
configure:18304: re-using the existing conftest.o
configure:18310: g++ -o conftest -g -O2 -std=c++14 -pipe    -L/usr/local/lib conftest.o -lboost_system-  >&5
/usr/bin/ld: cannot find -lboost_system-
collect2: error: ld returned 1 exit status
configure:18319: $? = 1
configure:18304: re-using the existing conftest.o
configure:18310: g++ -o conftest -g -O2 -std=c++14 -pipe    -L/usr/lib conftest.o -lboost_system-  >&5
/usr/bin/ld: cannot find -lboost_system-
collect2: error: ld returned 1 exit status
configure:18319: $? = 1
configure:18304: re-using the existing conftest.o
configure:18310: g++ -o conftest -g -O2 -std=c++14 -pipe    -L/usr/lib32 conftest.o -lboost_system-  >&5
/usr/bin/ld: cannot find -lboost_system-
/usr/bin/ld: skipping incompatible /usr/lib32/libstdc++.so when searching for -lstdc++
/usr/bin/ld: skipping incompatible /usr/lib32/libstdc++.a when searching for -lstdc++
/usr/bin/ld: skipping incompatible /usr/lib32/libm.so when searching for -lm
/usr/bin/ld: skipping incompatible /usr/lib32/libm.a when searching for -lm
collect2: error: ld returned 1 exit status
configure:18319: $? = 1
configure:18304: re-using the existing conftest.o
configure:18310: g++ -o conftest -g -O2 -std=c++14 -pipe    -L/usr/lib64 conftest.o -lboost_system-  >&5
/usr/bin/ld: cannot find -lboost_system-
collect2: error: ld returned 1 exit status
configure:18319: $? = 1
configure:18304: re-using the existing conftest.o
configure:18310: g++ -o conftest -g -O2 -std=c++14 -pipe    conftest.o -lboost_system-  >&5
/usr/bin/ld: cannot find -lboost_system-
collect2: error: ld returned 1 exit status
configure:18319: $? = 1
configure:18304: re-using the existing conftest.o
configure:18310: g++ -o conftest -g -O2 -std=c++14 -pipe    -L/lib conftest.o -lboost_system-  >&5
/usr/bin/ld: cannot find -lboost_system-
collect2: error: ld returned 1 exit status
configure:18319: $? = 1
configure:18304: re-using the existing conftest.o
configure:18310: g++ -o conftest -g -O2 -std=c++14 -pipe    -L/lib64 conftest.o -lboost_system-  >&5
/usr/bin/ld: cannot find -lboost_system-
collect2: error: ld returned 1 exit status
configure:18319: $? = 1
configure:18304: re-using the existing conftest.o
configure:18310: g++ -o conftest -g -O2 -std=c++14 -pipe    conftest.o -lboost_system--mt-d  >&5
/usr/bin/ld: cannot find -lboost_system--mt-d
collect2: error: ld returned 1 exit status
configure:18319: $? = 1
configure:18304: re-using the existing conftest.o
configure:18310: g++ -o conftest -g -O2 -std=c++14 -pipe    -L/usr/local/lib conftest.o -lboost_system--mt-d  >&5
/usr/bin/ld: cannot find -lboost_system--mt-d
collect2: error: ld returned 1 exit status
configure:18319: $? = 1
configure:18304: re-using the existing conftest.o
configure:18310: g++ -o conftest -g -O2 -std=c++14 -pipe    -L/usr/lib conftest.o -lboost_system--mt-d  >&5
/usr/bin/ld: cannot find -lboost_system--mt-d
collect2: error: ld returned 1 exit status
configure:18319: $? = 1
configure:18304: re-using the existing conftest.o
configure:18310: g++ -o conftest -g -O2 -std=c++14 -pipe    -L/usr/lib32 conftest.o -lboost_system--mt-d  >&5
/usr/bin/ld: cannot find -lboost_system--mt-d
/usr/bin/ld: skipping incompatible /usr/lib32/libstdc++.so when searching for -lstdc++
/usr/bin/ld: skipping incompatible /usr/lib32/libstdc++.a when searching for -lstdc++
/usr/bin/ld: skipping incompatible /usr/lib32/libm.so when searching for -lm
/usr/bin/ld: skipping incompatible /usr/lib32/libm.a when searching for -lm
collect2: error: ld returned 1 exit status
configure:18319: $? = 1
configure:18304: re-using the existing conftest.o
configure:18310: g++ -o conftest -g -O2 -std=c++14 -pipe    -L/usr/lib64 conftest.o -lboost_system--mt-d  >&5
/usr/bin/ld: cannot find -lboost_system--mt-d
collect2: error: ld returned 1 exit status
configure:18319: $? = 1
configure:18304: re-using the existing conftest.o
configure:18310: g++ -o conftest -g -O2 -std=c++14 -pipe    conftest.o -lboost_system--mt-d  >&5
/usr/bin/ld: cannot find -lboost_system--mt-d
collect2: error: ld returned 1 exit status
configure:18319: $? = 1
configure:18304: re-using the existing conftest.o
configure:18310: g++ -o conftest -g -O2 -std=c++14 -pipe    -L/lib conftest.o -lboost_system--mt-d  >&5
/usr/bin/ld: cannot find -lboost_system--mt-d
collect2: error: ld returned 1 exit status
configure:18319: $? = 1
configure:18304: re-using the existing conftest.o
configure:18310: g++ -o conftest -g -O2 -std=c++14 -pipe    -L/lib64 conftest.o -lboost_system--mt-d  >&5
/usr/bin/ld: cannot find -lboost_system--mt-d
collect2: error: ld returned 1 exit status
configure:18319: $? = 1
configure:18304: re-using the existing conftest.o
configure:18310: g++ -o conftest -g -O2 -std=c++14 -pipe    conftest.o -lboost_system--d  >&5
/usr/bin/ld: cannot find -lboost_system--d
collect2: error: ld returned 1 exit status
configure:18319: $? = 1
configure:18304: re-using the existing conftest.o
configure:18310: g++ -o conftest -g -O2 -std=c++14 -pipe    -L/usr/local/lib conftest.o -lboost_system--d  >&5
/usr/bin/ld: cannot find -lboost_system--d
collect2: error: ld returned 1 exit status
configure:18319: $? = 1
configure:18304: re-using the existing conftest.o
configure:18310: g++ -o conftest -g -O2 -std=c++14 -pipe    -L/usr/lib conftest.o -lboost_system--d  >&5
/usr/bin/ld: cannot find -lboost_system--d
collect2: error: ld returned 1 exit status
configure:18319: $? = 1
configure:18304: re-using the existing conftest.o
configure:18310: g++ -o conftest -g -O2 -std=c++14 -pipe    -L/usr/lib32 conftest.o -lboost_system--d  >&5
/usr/bin/ld: cannot find -lboost_system--d
/usr/bin/ld: skipping incompatible /usr/lib32/libstdc++.so when searching for -lstdc++
/usr/bin/ld: skipping incompatible /usr/lib32/libstdc++.a when searching for -lstdc++
/usr/bin/ld: skipping incompatible /usr/lib32/libm.so when searching for -lm
/usr/bin/ld: skipping incompatible /usr/lib32/libm.a when searching for -lm
collect2: error: ld returned 1 exit status
configure:18319: $? = 1
configure:18304: re-using the existing conftest.o
configure:18310: g++ -o conftest -g -O2 -std=c++14 -pipe    -L/usr/lib64 conftest.o -lboost_system--d  >&5
/usr/bin/ld: cannot find -lboost_system--d
collect2: error: ld returned 1 exit status
configure:18319: $? = 1
configure:18304: re-using the existing conftest.o
configure:18310: g++ -o conftest -g -O2 -std=c++14 -pipe    conftest.o -lboost_system--d  >&5
/usr/bin/ld: cannot find -lboost_system--d
collect2: error: ld returned 1 exit status
configure:18319: $? = 1
configure:18304: re-using the existing conftest.o
configure:18310: g++ -o conftest -g -O2 -std=c++14 -pipe    -L/lib conftest.o -lboost_system--d  >&5
/usr/bin/ld: cannot find -lboost_system--d
collect2: error: ld returned 1 exit status
configure:18319: $? = 1
configure:18304: re-using the existing conftest.o
configure:18310: g++ -o conftest -g -O2 -std=c++14 -pipe    -L/lib64 conftest.o -lboost_system--d  >&5
/usr/bin/ld: cannot find -lboost_system--d
collect2: error: ld returned 1 exit status
configure:18319: $? = 1
configure:18304: re-using the existing conftest.o
configure:18310: g++ -o conftest -g -O2 -std=c++14 -pipe    conftest.o -lboost_system-mt-1_62  >&5
/usr/bin/ld: cannot find -lboost_system-mt-1_62
collect2: error: ld returned 1 exit status
configure:18319: $? = 1
configure:18304: re-using the existing conftest.o
configure:18310: g++ -o conftest -g -O2 -std=c++14 -pipe    -L/usr/local/lib conftest.o -lboost_system-mt-1_62  >&5
/usr/bin/ld: cannot find -lboost_system-mt-1_62
collect2: error: ld returned 1 exit status
configure:18319: $? = 1
configure:18304: re-using the existing conftest.o
configure:18310: g++ -o conftest -g -O2 -std=c++14 -pipe    -L/usr/lib conftest.o -lboost_system-mt-1_62  >&5
/usr/bin/ld: cannot find -lboost_system-mt-1_62
collect2: error: ld returned 1 exit status
configure:18319: $? = 1
configure:18304: re-using the existing conftest.o
configure:18310: g++ -o conftest -g -O2 -std=c++14 -pipe    -L/usr/lib32 conftest.o -lboost_system-mt-1_62  >&5
/usr/bin/ld: cannot find -lboost_system-mt-1_62
/usr/bin/ld: skipping incompatible /usr/lib32/libstdc++.so when searching for -lstdc++
/usr/bin/ld: skipping incompatible /usr/lib32/libstdc++.a when searching for -lstdc++
/usr/bin/ld: skipping incompatible /usr/lib32/libm.so when searching for -lm
/usr/bin/ld: skipping incompatible /usr/lib32/libm.a when searching for -lm
collect2: error: ld returned 1 exit status
configure:18319: $? = 1
configure:18304: re-using the existing conftest.o
configure:18310: g++ -o conftest -g -O2 -std=c++14 -pipe    -L/usr/lib64 conftest.o -lboost_system-mt-1_62  >&5
/usr/bin/ld: cannot find -lboost_system-mt-1_62
collect2: error: ld returned 1 exit status
configure:18319: $? = 1
configure:18304: re-using the existing conftest.o
configure:18310: g++ -o conftest -g -O2 -std=c++14 -pipe    conftest.o -lboost_system-mt-1_62  >&5
/usr/bin/ld: cannot find -lboost_system-mt-1_62
collect2: error: ld returned 1 exit status
configure:18319: $? = 1
configure:18304: re-using the existing conftest.o
configure:18310: g++ -o conftest -g -O2 -std=c++14 -pipe    -L/lib conftest.o -lboost_system-mt-1_62  >&5
/usr/bin/ld: cannot find -lboost_system-mt-1_62
collect2: error: ld returned 1 exit status
configure:18319: $? = 1
configure:18304: re-using the existing conftest.o
configure:18310: g++ -o conftest -g -O2 -std=c++14 -pipe    -L/lib64 conftest.o -lboost_system-mt-1_62  >&5
/usr/bin/ld: cannot find -lboost_system-mt-1_62
collect2: error: ld returned 1 exit status
configure:18319: $? = 1
configure:18304: re-using the existing conftest.o
configure:18310: g++ -o conftest -g -O2 -std=c++14 -pipe    conftest.o -lboost_system-1_62  >&5
/usr/bin/ld: cannot find -lboost_system-1_62
collect2: error: ld returned 1 exit status
configure:18319: $? = 1
configure:18304: re-using the existing conftest.o
configure:18310: g++ -o conftest -g -O2 -std=c++14 -pipe    -L/usr/local/lib conftest.o -lboost_system-1_62  >&5
/usr/bin/ld: cannot find -lboost_system-1_62
collect2: error: ld returned 1 exit status
configure:18319: $? = 1
configure:18304: re-using the existing conftest.o
configure:18310: g++ -o conftest -g -O2 -std=c++14 -pipe    -L/usr/lib conftest.o -lboost_system-1_62  >&5
/usr/bin/ld: cannot find -lboost_system-1_62
collect2: error: ld returned 1 exit status
configure:18319: $? = 1
configure:18304: re-using the existing conftest.o
configure:18310: g++ -o conftest -g -O2 -std=c++14 -pipe    -L/usr/lib32 conftest.o -lboost_system-1_62  >&5
/usr/bin/ld: cannot find -lboost_system-1_62
/usr/bin/ld: skipping incompatible /usr/lib32/libstdc++.so when searching for -lstdc++
/usr/bin/ld: skipping incompatible /usr/lib32/libstdc++.a when searching for -lstdc++
/usr/bin/ld: skipping incompatible /usr/lib32/libm.so when searching for -lm
/usr/bin/ld: skipping incompatible /usr/lib32/libm.a when searching for -lm
collect2: error: ld returned 1 exit status
configure:18319: $? = 1
configure:18304: re-using the existing conftest.o
configure:18310: g++ -o conftest -g -O2 -std=c++14 -pipe    -L/usr/lib64 conftest.o -lboost_system-1_62  >&5
/usr/bin/ld: cannot find -lboost_system-1_62
collect2: error: ld returned 1 exit status
configure:18319: $? = 1
configure:18304: re-using the existing conftest.o
configure:18310: g++ -o conftest -g -O2 -std=c++14 -pipe    conftest.o -lboost_system-1_62  >&5
/usr/bin/ld: cannot find -lboost_system-1_62
collect2: error: ld returned 1 exit status
configure:18319: $? = 1
configure:18304: re-using the existing conftest.o
configure:18310: g++ -o conftest -g -O2 -std=c++14 -pipe    -L/lib conftest.o -lboost_system-1_62  >&5
/usr/bin/ld: cannot find -lboost_system-1_62
collect2: error: ld returned 1 exit status
configure:18319: $? = 1
configure:18304: re-using the existing conftest.o
configure:18310: g++ -o conftest -g -O2 -std=c++14 -pipe    -L/lib64 conftest.o -lboost_system-1_62  >&5
/usr/bin/ld: cannot find -lboost_system-1_62
collect2: error: ld returned 1 exit status
configure:18319: $? = 1
configure:18304: re-using the existing conftest.o
configure:18310: g++ -o conftest -g -O2 -std=c++14 -pipe    conftest.o -lboost_system-mt-d-1_62  >&5
/usr/bin/ld: cannot find -lboost_system-mt-d-1_62
collect2: error: ld returned 1 exit status
configure:18319: $? = 1
configure:18304: re-using the existing conftest.o
configure:18310: g++ -o conftest -g -O2 -std=c++14 -pipe    -L/usr/local/lib conftest.o -lboost_system-mt-d-1_62  >&5
/usr/bin/ld: cannot find -lboost_system-mt-d-1_62
collect2: error: ld returned 1 exit status
configure:18319: $? = 1
configure:18304: re-using the existing conftest.o
configure:18310: g++ -o conftest -g -O2 -std=c++14 -pipe    -L/usr/lib conftest.o -lboost_system-mt-d-1_62  >&5
/usr/bin/ld: cannot find -lboost_system-mt-d-1_62
collect2: error: ld returned 1 exit status
configure:18319: $? = 1
configure:18304: re-using the existing conftest.o
configure:18310: g++ -o conftest -g -O2 -std=c++14 -pipe    -L/usr/lib32 conftest.o -lboost_system-mt-d-1_62  >&5
/usr/bin/ld: cannot find -lboost_system-mt-d-1_62
/usr/bin/ld: skipping incompatible /usr/lib32/libstdc++.so when searching for -lstdc++
/usr/bin/ld: skipping incompatible /usr/lib32/libstdc++.a when searching for -lstdc++
/usr/bin/ld: skipping incompatible /usr/lib32/libm.so when searching for -lm
/usr/bin/ld: skipping incompatible /usr/lib32/libm.a when searching for -lm
collect2: error: ld returned 1 exit status
configure:18319: $? = 1
configure:18304: re-using the existing conftest.o
configure:18310: g++ -o conftest -g -O2 -std=c++14 -pipe    -L/usr/lib64 conftest.o -lboost_system-mt-d-1_62  >&5
/usr/bin/ld: cannot find -lboost_system-mt-d-1_62
collect2: error: ld returned 1 exit status
configure:18319: $? = 1
configure:18304: re-using the existing conftest.o
configure:18310: g++ -o conftest -g -O2 -std=c++14 -pipe    conftest.o -lboost_system-mt-d-1_62  >&5
/usr/bin/ld: cannot find -lboost_system-mt-d-1_62
collect2: error: ld returned 1 exit status
configure:18319: $? = 1
configure:18304: re-using the existing conftest.o
configure:18310: g++ -o conftest -g -O2 -std=c++14 -pipe    -L/lib conftest.o -lboost_system-mt-d-1_62  >&5
/usr/bin/ld: cannot find -lboost_system-mt-d-1_62
collect2: error: ld returned 1 exit status
configure:18319: $? = 1
configure:18304: re-using the existing conftest.o
configure:18310: g++ -o conftest -g -O2 -std=c++14 -pipe    -L/lib64 conftest.o -lboost_system-mt-d-1_62  >&5
/usr/bin/ld: cannot find -lboost_system-mt-d-1_62
collect2: error: ld returned 1 exit status
configure:18319: $? = 1
configure:18304: re-using the existing conftest.o
configure:18310: g++ -o conftest -g -O2 -std=c++14 -pipe    conftest.o -lboost_system-d-1_62  >&5
/usr/bin/ld: cannot find -lboost_system-d-1_62
collect2: error: ld returned 1 exit status
configure:18319: $? = 1
configure:18304: re-using the existing conftest.o
configure:18310: g++ -o conftest -g -O2 -std=c++14 -pipe    -L/usr/local/lib conftest.o -lboost_system-d-1_62  >&5
/usr/bin/ld: cannot find -lboost_system-d-1_62
collect2: error: ld returned 1 exit status
configure:18319: $? = 1
configure:18304: re-using the existing conftest.o
configure:18310: g++ -o conftest -g -O2 -std=c++14 -pipe    -L/usr/lib conftest.o -lboost_system-d-1_62  >&5
/usr/bin/ld: cannot find -lboost_system-d-1_62
collect2: error: ld returned 1 exit status
configure:18319: $? = 1
configure:18304: re-using the existing conftest.o
configure:18310: g++ -o conftest -g -O2 -std=c++14 -pipe    -L/usr/lib32 conftest.o -lboost_system-d-1_62  >&5
/usr/bin/ld: cannot find -lboost_system-d-1_62
/usr/bin/ld: skipping incompatible /usr/lib32/libstdc++.so when searching for -lstdc++
/usr/bin/ld: skipping incompatible /usr/lib32/libstdc++.a when searching for -lstdc++
/usr/bin/ld: skipping incompatible /usr/lib32/libm.so when searching for -lm
/usr/bin/ld: skipping incompatible /usr/lib32/libm.a when searching for -lm
collect2: error: ld returned 1 exit status
configure:18319: $? = 1
configure:18304: re-using the existing conftest.o
configure:18310: g++ -o conftest -g -O2 -std=c++14 -pipe    -L/usr/lib64 conftest.o -lboost_system-d-1_62  >&5
/usr/bin/ld: cannot find -lboost_system-d-1_62
collect2: error: ld returned 1 exit status
configure:18319: $? = 1
configure:18304: re-using the existing conftest.o
configure:18310: g++ -o conftest -g -O2 -std=c++14 -pipe    conftest.o -lboost_system-d-1_62  >&5
/usr/bin/ld: cannot find -lboost_system-d-1_62
collect2: error: ld returned 1 exit status
configure:18319: $? = 1
configure:18304: re-using the existing conftest.o
configure:18310: g++ -o conftest -g -O2 -std=c++14 -pipe    -L/lib conftest.o -lboost_system-d-1_62  >&5
/usr/bin/ld: cannot find -lboost_system-d-1_62
collect2: error: ld returned 1 exit status
configure:18319: $? = 1
configure:18304: re-using the existing conftest.o
configure:18310: g++ -o conftest -g -O2 -std=c++14 -pipe    -L/lib64 conftest.o -lboost_system-d-1_62  >&5
/usr/bin/ld: cannot find -lboost_system-d-1_62
collect2: error: ld returned 1 exit status
configure:18319: $? = 1
configure:18304: re-using the existing conftest.o
configure:18310: g++ -o conftest -g -O2 -std=c++14 -pipe    conftest.o -lboost_system-mt  >&5
/usr/bin/ld: cannot find -lboost_system-mt
collect2: error: ld returned 1 exit status
configure:18319: $? = 1
configure:18304: re-using the existing conftest.o
configure:18310: g++ -o conftest -g -O2 -std=c++14 -pipe    -L/usr/local/lib conftest.o -lboost_system-mt  >&5
/usr/bin/ld: cannot find -lboost_system-mt
collect2: error: ld returned 1 exit status
configure:18319: $? = 1
configure:18304: re-using the existing conftest.o
configure:18310: g++ -o conftest -g -O2 -std=c++14 -pipe    -L/usr/lib conftest.o -lboost_system-mt  >&5
/usr/bin/ld: cannot find -lboost_system-mt
collect2: error: ld returned 1 exit status
configure:18319: $? = 1
configure:18304: re-using the existing conftest.o
configure:18310: g++ -o conftest -g -O2 -std=c++14 -pipe    -L/usr/lib32 conftest.o -lboost_system-mt  >&5
/usr/bin/ld: cannot find -lboost_system-mt
/usr/bin/ld: skipping incompatible /usr/lib32/libstdc++.so when searching for -lstdc++
/usr/bin/ld: skipping incompatible /usr/lib32/libstdc++.a when searching for -lstdc++
/usr/bin/ld: skipping incompatible /usr/lib32/libm.so when searching for -lm
/usr/bin/ld: skipping incompatible /usr/lib32/libm.a when searching for -lm
collect2: error: ld returned 1 exit status
configure:18319: $? = 1
configure:18304: re-using the existing conftest.o
configure:18310: g++ -o conftest -g -O2 -std=c++14 -pipe    -L/usr/lib64 conftest.o -lboost_system-mt  >&5
/usr/bin/ld: cannot find -lboost_system-mt
collect2: error: ld returned 1 exit status
configure:18319: $? = 1
configure:18304: re-using the existing conftest.o
configure:18310: g++ -o conftest -g -O2 -std=c++14 -pipe    conftest.o -lboost_system-mt  >&5
/usr/bin/ld: cannot find -lboost_system-mt
collect2: error: ld returned 1 exit status
configure:18319: $? = 1
configure:18304: re-using the existing conftest.o
configure:18310: g++ -o conftest -g -O2 -std=c++14 -pipe    -L/lib conftest.o -lboost_system-mt  >&5
/usr/bin/ld: cannot find -lboost_system-mt
collect2: error: ld returned 1 exit status
configure:18319: $? = 1
configure:18304: re-using the existing conftest.o
configure:18310: g++ -o conftest -g -O2 -std=c++14 -pipe    -L/lib64 conftest.o -lboost_system-mt  >&5
/usr/bin/ld: cannot find -lboost_system-mt
collect2: error: ld returned 1 exit status
configure:18319: $? = 1
configure:18304: re-using the existing conftest.o
configure:18310: g++ -o conftest -g -O2 -std=c++14 -pipe    conftest.o -lboost_system  >&5
configure:18319: $? = 0
configure:18430: result: yes
configure:18478: checking boost/filesystem/path.hpp usability
configure:18478: g++ -c -g -O2 -std=c++14 -pipe   conftest.cpp >&5
configure:18478: $? = 0
configure:18478: result: yes
configure:18478: checking boost/filesystem/path.hpp presence
configure:18478: g++ -E   conftest.cpp
configure:18478: $? = 0
configure:18478: result: yes
configure:18478: checking for boost/filesystem/path.hpp
configure:18478: result: yes
configure:18498: checking for the Boost filesystem library
configure:18540: g++ -c -g -O2 -std=c++14 -pipe   conftest.cpp >&5
configure:18540: $? = 0
configure:18595: re-using the existing conftest.o
configure:18601: g++ -o conftest -g -O2 -std=c++14 -pipe     conftest.o -lboost_filesystem--mt-1_62  -lboost_system >&5
/usr/bin/ld: cannot find -lboost_filesystem--mt-1_62
collect2: error: ld returned 1 exit status
configure:18610: $? = 1
configure:18595: re-using the existing conftest.o
configure:18601: g++ -o conftest -g -O2 -std=c++14 -pipe     -L/usr/local/lib conftest.o -lboost_filesystem--mt-1_62  -lboost_system >&5
/usr/bin/ld: cannot find -lboost_filesystem--mt-1_62
collect2: error: ld returned 1 exit status
configure:18610: $? = 1
configure:18595: re-using the existing conftest.o
configure:18601: g++ -o conftest -g -O2 -std=c++14 -pipe     -L/usr/lib conftest.o -lboost_filesystem--mt-1_62  -lboost_system >&5
/usr/bin/ld: cannot find -lboost_filesystem--mt-1_62
collect2: error: ld returned 1 exit status
configure:18610: $? = 1
configure:18595: re-using the existing conftest.o
configure:18601: g++ -o conftest -g -O2 -std=c++14 -pipe     -L/usr/lib32 conftest.o -lboost_filesystem--mt-1_62  -lboost_system >&5
/usr/bin/ld: cannot find -lboost_filesystem--mt-1_62
/usr/bin/ld: skipping incompatible /usr/lib32/libstdc++.so when searching for -lstdc++
/usr/bin/ld: skipping incompatible /usr/lib32/libstdc++.a when searching for -lstdc++
/usr/bin/ld: skipping incompatible /usr/lib32/libm.so when searching for -lm
/usr/bin/ld: skipping incompatible /usr/lib32/libm.a when searching for -lm
collect2: error: ld returned 1 exit status
configure:18610: $? = 1
configure:18595: re-using the existing conftest.o
configure:18601: g++ -o conftest -g -O2 -std=c++14 -pipe     -L/usr/lib64 conftest.o -lboost_filesystem--mt-1_62  -lboost_system >&5
/usr/bin/ld: cannot find -lboost_filesystem--mt-1_62
collect2: error: ld returned 1 exit status
configure:18610: $? = 1
configure:18595: re-using the existing conftest.o
configure:18601: g++ -o conftest -g -O2 -std=c++14 -pipe     conftest.o -lboost_filesystem--mt-1_62  -lboost_system >&5
/usr/bin/ld: cannot find -lboost_filesystem--mt-1_62
collect2: error: ld returned 1 exit status
configure:18610: $? = 1
configure:18595: re-using the existing conftest.o
configure:18601: g++ -o conftest -g -O2 -std=c++14 -pipe     -L/lib conftest.o -lboost_filesystem--mt-1_62  -lboost_system >&5
/usr/bin/ld: cannot find -lboost_filesystem--mt-1_62
collect2: error: ld returned 1 exit status
configure:18610: $? = 1
configure:18595: re-using the existing conftest.o
configure:18601: g++ -o conftest -g -O2 -std=c++14 -pipe     -L/lib64 conftest.o -lboost_filesystem--mt-1_62  -lboost_system >&5
/usr/bin/ld: cannot find -lboost_filesystem--mt-1_62
collect2: error: ld returned 1 exit status
configure:18610: $? = 1
configure:18595: re-using the existing conftest.o
configure:18601: g++ -o conftest -g -O2 -std=c++14 -pipe     conftest.o -lboost_filesystem--1_62  -lboost_system >&5
/usr/bin/ld: cannot find -lboost_filesystem--1_62
collect2: error: ld returned 1 exit status
configure:18610: $? = 1
configure:18595: re-using the existing conftest.o
configure:18601: g++ -o conftest -g -O2 -std=c++14 -pipe     -L/usr/local/lib conftest.o -lboost_filesystem--1_62  -lboost_system >&5
/usr/bin/ld: cannot find -lboost_filesystem--1_62
collect2: error: ld returned 1 exit status
configure:18610: $? = 1
configure:18595: re-using the existing conftest.o
configure:18601: g++ -o conftest -g -O2 -std=c++14 -pipe     -L/usr/lib conftest.o -lboost_filesystem--1_62  -lboost_system >&5
/usr/bin/ld: cannot find -lboost_filesystem--1_62
collect2: error: ld returned 1 exit status
configure:18610: $? = 1
configure:18595: re-using the existing conftest.o
configure:18601: g++ -o conftest -g -O2 -std=c++14 -pipe     -L/usr/lib32 conftest.o -lboost_filesystem--1_62  -lboost_system >&5
/usr/bin/ld: cannot find -lboost_filesystem--1_62
/usr/bin/ld: skipping incompatible /usr/lib32/libstdc++.so when searching for -lstdc++
/usr/bin/ld: skipping incompatible /usr/lib32/libstdc++.a when searching for -lstdc++
/usr/bin/ld: skipping incompatible /usr/lib32/libm.so when searching for -lm
/usr/bin/ld: skipping incompatible /usr/lib32/libm.a when searching for -lm
collect2: error: ld returned 1 exit status
configure:18610: $? = 1
configure:18595: re-using the existing conftest.o
configure:18601: g++ -o conftest -g -O2 -std=c++14 -pipe     -L/usr/lib64 conftest.o -lboost_filesystem--1_62  -lboost_system >&5
/usr/bin/ld: cannot find -lboost_filesystem--1_62
collect2: error: ld returned 1 exit status
configure:18610: $? = 1
configure:18595: re-using the existing conftest.o
configure:18601: g++ -o conftest -g -O2 -std=c++14 -pipe     conftest.o -lboost_filesystem--1_62  -lboost_system >&5
/usr/bin/ld: cannot find -lboost_filesystem--1_62
collect2: error: ld returned 1 exit status
configure:18610: $? = 1
configure:18595: re-using the existing conftest.o
configure:18601: g++ -o conftest -g -O2 -std=c++14 -pipe     -L/lib conftest.o -lboost_filesystem--1_62  -lboost_system >&5
/usr/bin/ld: cannot find -lboost_filesystem--1_62
collect2: error: ld returned 1 exit status
configure:18610: $? = 1
configure:18595: re-using the existing conftest.o
configure:18601: g++ -o conftest -g -O2 -std=c++14 -pipe     -L/lib64 conftest.o -lboost_filesystem--1_62  -lboost_system >&5
/usr/bin/ld: cannot find -lboost_filesystem--1_62
collect2: error: ld returned 1 exit status
configure:18610: $? = 1
configure:18595: re-using the existing conftest.o
configure:18601: g++ -o conftest -g -O2 -std=c++14 -pipe     conftest.o -lboost_filesystem--mt-d-1_62  -lboost_system >&5
/usr/bin/ld: cannot find -lboost_filesystem--mt-d-1_62
collect2: error: ld returned 1 exit status
configure:18610: $? = 1
configure:18595: re-using the existing conftest.o
configure:18601: g++ -o conftest -g -O2 -std=c++14 -pipe     -L/usr/local/lib conftest.o -lboost_filesystem--mt-d-1_62  -lboost_system >&5
/usr/bin/ld: cannot find -lboost_filesystem--mt-d-1_62
collect2: error: ld returned 1 exit status
configure:18610: $? = 1
configure:18595: re-using the existing conftest.o
configure:18601: g++ -o conftest -g -O2 -std=c++14 -pipe     -L/usr/lib conftest.o -lboost_filesystem--mt-d-1_62  -lboost_system >&5
/usr/bin/ld: cannot find -lboost_filesystem--mt-d-1_62
collect2: error: ld returned 1 exit status
configure:18610: $? = 1
configure:18595: re-using the existing conftest.o
configure:18601: g++ -o conftest -g -O2 -std=c++14 -pipe     -L/usr/lib32 conftest.o -lboost_filesystem--mt-d-1_62  -lboost_system >&5
/usr/bin/ld: cannot find -lboost_filesystem--mt-d-1_62
/usr/bin/ld: skipping incompatible /usr/lib32/libstdc++.so when searching for -lstdc++
/usr/bin/ld: skipping incompatible /usr/lib32/libstdc++.a when searching for -lstdc++
/usr/bin/ld: skipping incompatible /usr/lib32/libm.so when searching for -lm
/usr/bin/ld: skipping incompatible /usr/lib32/libm.a when searching for -lm
collect2: error: ld returned 1 exit status
configure:18610: $? = 1
configure:18595: re-using the existing conftest.o
configure:18601: g++ -o conftest -g -O2 -std=c++14 -pipe     -L/usr/lib64 conftest.o -lboost_filesystem--mt-d-1_62  -lboost_system >&5
/usr/bin/ld: cannot find -lboost_filesystem--mt-d-1_62
collect2: error: ld returned 1 exit status
configure:18610: $? = 1
configure:18595: re-using the existing conftest.o
configure:18601: g++ -o conftest -g -O2 -std=c++14 -pipe     conftest.o -lboost_filesystem--mt-d-1_62  -lboost_system >&5
/usr/bin/ld: cannot find -lboost_filesystem--mt-d-1_62
collect2: error: ld returned 1 exit status
configure:18610: $? = 1
configure:18595: re-using the existing conftest.o
configure:18601: g++ -o conftest -g -O2 -std=c++14 -pipe     -L/lib conftest.o -lboost_filesystem--mt-d-1_62  -lboost_system >&5
/usr/bin/ld: cannot find -lboost_filesystem--mt-d-1_62
collect2: error: ld returned 1 exit status
configure:18610: $? = 1
configure:18595: re-using the existing conftest.o
configure:18601: g++ -o conftest -g -O2 -std=c++14 -pipe     -L/lib64 conftest.o -lboost_filesystem--mt-d-1_62  -lboost_system >&5
/usr/bin/ld: cannot find -lboost_filesystem--mt-d-1_62
collect2: error: ld returned 1 exit status
configure:18610: $? = 1
configure:18595: re-using the existing conftest.o
configure:18601: g++ -o conftest -g -O2 -std=c++14 -pipe     conftest.o -lboost_filesystem--d-1_62  -lboost_system >&5
/usr/bin/ld: cannot find -lboost_filesystem--d-1_62
collect2: error: ld returned 1 exit status
configure:18610: $? = 1
configure:18595: re-using the existing conftest.o
configure:18601: g++ -o conftest -g -O2 -std=c++14 -pipe     -L/usr/local/lib conftest.o -lboost_filesystem--d-1_62  -lboost_system >&5
/usr/bin/ld: cannot find -lboost_filesystem--d-1_62
collect2: error: ld returned 1 exit status
configure:18610: $? = 1
configure:18595: re-using the existing conftest.o
configure:18601: g++ -o conftest -g -O2 -std=c++14 -pipe     -L/usr/lib conftest.o -lboost_filesystem--d-1_62  -lboost_system >&5
/usr/bin/ld: cannot find -lboost_filesystem--d-1_62
collect2: error: ld returned 1 exit status
configure:18610: $? = 1
configure:18595: re-using the existing conftest.o
configure:18601: g++ -o conftest -g -O2 -std=c++14 -pipe     -L/usr/lib32 conftest.o -lboost_filesystem--d-1_62  -lboost_system >&5
/usr/bin/ld: cannot find -lboost_filesystem--d-1_62
/usr/bin/ld: skipping incompatible /usr/lib32/libstdc++.so when searching for -lstdc++
/usr/bin/ld: skipping incompatible /usr/lib32/libstdc++.a when searching for -lstdc++
/usr/bin/ld: skipping incompatible /usr/lib32/libm.so when searching for -lm
/usr/bin/ld: skipping incompatible /usr/lib32/libm.a when searching for -lm
collect2: error: ld returned 1 exit status
configure:18610: $? = 1
configure:18595: re-using the existing conftest.o
configure:18601: g++ -o conftest -g -O2 -std=c++14 -pipe     -L/usr/lib64 conftest.o -lboost_filesystem--d-1_62  -lboost_system >&5
/usr/bin/ld: cannot find -lboost_filesystem--d-1_62
collect2: error: ld returned 1 exit status
configure:18610: $? = 1
configure:18595: re-using the existing conftest.o
configure:18601: g++ -o conftest -g -O2 -std=c++14 -pipe     conftest.o -lboost_filesystem--d-1_62  -lboost_system >&5
/usr/bin/ld: cannot find -lboost_filesystem--d-1_62
collect2: error: ld returned 1 exit status
configure:18610: $? = 1
configure:18595: re-using the existing conftest.o
configure:18601: g++ -o conftest -g -O2 -std=c++14 -pipe     -L/lib conftest.o -lboost_filesystem--d-1_62  -lboost_system >&5
/usr/bin/ld: cannot find -lboost_filesystem--d-1_62
collect2: error: ld returned 1 exit status
configure:18610: $? = 1
configure:18595: re-using the existing conftest.o
configure:18601: g++ -o conftest -g -O2 -std=c++14 -pipe     -L/lib64 conftest.o -lboost_filesystem--d-1_62  -lboost_system >&5
/usr/bin/ld: cannot find -lboost_filesystem--d-1_62
collect2: error: ld returned 1 exit status
configure:18610: $? = 1
configure:18595: re-using the existing conftest.o
configure:18601: g++ -o conftest -g -O2 -std=c++14 -pipe     conftest.o -lboost_filesystem--mt  -lboost_system >&5
/usr/bin/ld: cannot find -lboost_filesystem--mt
collect2: error: ld returned 1 exit status
configure:18610: $? = 1
configure:18595: re-using the existing conftest.o
configure:18601: g++ -o conftest -g -O2 -std=c++14 -pipe     -L/usr/local/lib conftest.o -lboost_filesystem--mt  -lboost_system >&5
/usr/bin/ld: cannot find -lboost_filesystem--mt
collect2: error: ld returned 1 exit status
configure:18610: $? = 1
configure:18595: re-using the existing conftest.o
configure:18601: g++ -o conftest -g -O2 -std=c++14 -pipe     -L/usr/lib conftest.o -lboost_filesystem--mt  -lboost_system >&5
/usr/bin/ld: cannot find -lboost_filesystem--mt
collect2: error: ld returned 1 exit status
configure:18610: $? = 1
configure:18595: re-using the existing conftest.o
configure:18601: g++ -o conftest -g -O2 -std=c++14 -pipe     -L/usr/lib32 conftest.o -lboost_filesystem--mt  -lboost_system >&5
/usr/bin/ld: cannot find -lboost_filesystem--mt
/usr/bin/ld: skipping incompatible /usr/lib32/libstdc++.so when searching for -lstdc++
/usr/bin/ld: skipping incompatible /usr/lib32/libstdc++.a when searching for -lstdc++
/usr/bin/ld: skipping incompatible /usr/lib32/libm.so when searching for -lm
/usr/bin/ld: skipping incompatible /usr/lib32/libm.a when searching for -lm
collect2: error: ld returned 1 exit status
configure:18610: $? = 1
configure:18595: re-using the existing conftest.o
configure:18601: g++ -o conftest -g -O2 -std=c++14 -pipe     -L/usr/lib64 conftest.o -lboost_filesystem--mt  -lboost_system >&5
/usr/bin/ld: cannot find -lboost_filesystem--mt
collect2: error: ld returned 1 exit status
configure:18610: $? = 1
configure:18595: re-using the existing conftest.o
configure:18601: g++ -o conftest -g -O2 -std=c++14 -pipe     conftest.o -lboost_filesystem--mt  -lboost_system >&5
/usr/bin/ld: cannot find -lboost_filesystem--mt
collect2: error: ld returned 1 exit status
configure:18610: $? = 1
configure:18595: re-using the existing conftest.o
configure:18601: g++ -o conftest -g -O2 -std=c++14 -pipe     -L/lib conftest.o -lboost_filesystem--mt  -lboost_system >&5
/usr/bin/ld: cannot find -lboost_filesystem--mt
collect2: error: ld returned 1 exit status
configure:18610: $? = 1
configure:18595: re-using the existing conftest.o
configure:18601: g++ -o conftest -g -O2 -std=c++14 -pipe     -L/lib64 conftest.o -lboost_filesystem--mt  -lboost_system >&5
/usr/bin/ld: cannot find -lboost_filesystem--mt
collect2: error: ld returned 1 exit status
configure:18610: $? = 1
configure:18595: re-using the existing conftest.o
configure:18601: g++ -o conftest -g -O2 -std=c++14 -pipe     conftest.o -lboost_filesystem-  -lboost_system >&5
/usr/bin/ld: cannot find -lboost_filesystem-
collect2: error: ld returned 1 exit status
configure:18610: $? = 1
configure:18595: re-using the existing conftest.o
configure:18601: g++ -o conftest -g -O2 -std=c++14 -pipe     -L/usr/local/lib conftest.o -lboost_filesystem-  -lboost_system >&5
/usr/bin/ld: cannot find -lboost_filesystem-
collect2: error: ld returned 1 exit status
configure:18610: $? = 1
configure:18595: re-using the existing conftest.o
configure:18601: g++ -o conftest -g -O2 -std=c++14 -pipe     -L/usr/lib conftest.o -lboost_filesystem-  -lboost_system >&5
/usr/bin/ld: cannot find -lboost_filesystem-
collect2: error: ld returned 1 exit status
configure:18610: $? = 1
configure:18595: re-using the existing conftest.o
configure:18601: g++ -o conftest -g -O2 -std=c++14 -pipe     -L/usr/lib32 conftest.o -lboost_filesystem-  -lboost_system >&5
/usr/bin/ld: cannot find -lboost_filesystem-
/usr/bin/ld: skipping incompatible /usr/lib32/libstdc++.so when searching for -lstdc++
/usr/bin/ld: skipping incompatible /usr/lib32/libstdc++.a when searching for -lstdc++
/usr/bin/ld: skipping incompatible /usr/lib32/libm.so when searching for -lm
/usr/bin/ld: skipping incompatible /usr/lib32/libm.a when searching for -lm
collect2: error: ld returned 1 exit status
configure:18610: $? = 1
configure:18595: re-using the existing conftest.o
configure:18601: g++ -o conftest -g -O2 -std=c++14 -pipe     -L/usr/lib64 conftest.o -lboost_filesystem-  -lboost_system >&5
/usr/bin/ld: cannot find -lboost_filesystem-
collect2: error: ld returned 1 exit status
configure:18610: $? = 1
configure:18595: re-using the existing conftest.o
configure:18601: g++ -o conftest -g -O2 -std=c++14 -pipe     conftest.o -lboost_filesystem-  -lboost_system >&5
/usr/bin/ld: cannot find -lboost_filesystem-
collect2: error: ld returned 1 exit status
configure:18610: $? = 1
configure:18595: re-using the existing conftest.o
configure:18601: g++ -o conftest -g -O2 -std=c++14 -pipe     -L/lib conftest.o -lboost_filesystem-  -lboost_system >&5
/usr/bin/ld: cannot find -lboost_filesystem-
collect2: error: ld returned 1 exit status
configure:18610: $? = 1
configure:18595: re-using the existing conftest.o
configure:18601: g++ -o conftest -g -O2 -std=c++14 -pipe     -L/lib64 conftest.o -lboost_filesystem-  -lboost_system >&5
/usr/bin/ld: cannot find -lboost_filesystem-
collect2: error: ld returned 1 exit status
configure:18610: $? = 1
configure:18595: re-using the existing conftest.o
configure:18601: g++ -o conftest -g -O2 -std=c++14 -pipe     conftest.o -lboost_filesystem--mt-d  -lboost_system >&5
/usr/bin/ld: cannot find -lboost_filesystem--mt-d
collect2: error: ld returned 1 exit status
configure:18610: $? = 1
configure:18595: re-using the existing conftest.o
configure:18601: g++ -o conftest -g -O2 -std=c++14 -pipe     -L/usr/local/lib conftest.o -lboost_filesystem--mt-d  -lboost_system >&5
/usr/bin/ld: cannot find -lboost_filesystem--mt-d
collect2: error: ld returned 1 exit status
configure:18610: $? = 1
configure:18595: re-using the existing conftest.o
configure:18601: g++ -o conftest -g -O2 -std=c++14 -pipe     -L/usr/lib conftest.o -lboost_filesystem--mt-d  -lboost_system >&5
/usr/bin/ld: cannot find -lboost_filesystem--mt-d
collect2: error: ld returned 1 exit status
configure:18610: $? = 1
configure:18595: re-using the existing conftest.o
configure:18601: g++ -o conftest -g -O2 -std=c++14 -pipe     -L/usr/lib32 conftest.o -lboost_filesystem--mt-d  -lboost_system >&5
/usr/bin/ld: cannot find -lboost_filesystem--mt-d
/usr/bin/ld: skipping incompatible /usr/lib32/libstdc++.so when searching for -lstdc++
/usr/bin/ld: skipping incompatible /usr/lib32/libstdc++.a when searching for -lstdc++
/usr/bin/ld: skipping incompatible /usr/lib32/libm.so when searching for -lm
/usr/bin/ld: skipping incompatible /usr/lib32/libm.a when searching for -lm
collect2: error: ld returned 1 exit status
configure:18610: $? = 1
configure:18595: re-using the existing conftest.o
configure:18601: g++ -o conftest -g -O2 -std=c++14 -pipe     -L/usr/lib64 conftest.o -lboost_filesystem--mt-d  -lboost_system >&5
/usr/bin/ld: cannot find -lboost_filesystem--mt-d
collect2: error: ld returned 1 exit status
configure:18610: $? = 1
configure:18595: re-using the existing conftest.o
configure:18601: g++ -o conftest -g -O2 -std=c++14 -pipe     conftest.o -lboost_filesystem--mt-d  -lboost_system >&5
/usr/bin/ld: cannot find -lboost_filesystem--mt-d
collect2: error: ld returned 1 exit status
configure:18610: $? = 1
configure:18595: re-using the existing conftest.o
configure:18601: g++ -o conftest -g -O2 -std=c++14 -pipe     -L/lib conftest.o -lboost_filesystem--mt-d  -lboost_system >&5
/usr/bin/ld: cannot find -lboost_filesystem--mt-d
collect2: error: ld returned 1 exit status
configure:18610: $? = 1
configure:18595: re-using the existing conftest.o
configure:18601: g++ -o conftest -g -O2 -std=c++14 -pipe     -L/lib64 conftest.o -lboost_filesystem--mt-d  -lboost_system >&5
/usr/bin/ld: cannot find -lboost_filesystem--mt-d
collect2: error: ld returned 1 exit status
configure:18610: $? = 1
configure:18595: re-using the existing conftest.o
configure:18601: g++ -o conftest -g -O2 -std=c++14 -pipe     conftest.o -lboost_filesystem--d  -lboost_system >&5
/usr/bin/ld: cannot find -lboost_filesystem--d
collect2: error: ld returned 1 exit status
configure:18610: $? = 1
configure:18595: re-using the existing conftest.o
configure:18601: g++ -o conftest -g -O2 -std=c++14 -pipe     -L/usr/local/lib conftest.o -lboost_filesystem--d  -lboost_system >&5
/usr/bin/ld: cannot find -lboost_filesystem--d
collect2: error: ld returned 1 exit status
configure:18610: $? = 1
configure:18595: re-using the existing conftest.o
configure:18601: g++ -o conftest -g -O2 -std=c++14 -pipe     -L/usr/lib conftest.o -lboost_filesystem--d  -lboost_system >&5
/usr/bin/ld: cannot find -lboost_filesystem--d
collect2: error: ld returned 1 exit status
configure:18610: $? = 1
configure:18595: re-using the existing conftest.o
configure:18601: g++ -o conftest -g -O2 -std=c++14 -pipe     -L/usr/lib32 conftest.o -lboost_filesystem--d  -lboost_system >&5
/usr/bin/ld: cannot find -lboost_filesystem--d
/usr/bin/ld: skipping incompatible /usr/lib32/libstdc++.so when searching for -lstdc++
/usr/bin/ld: skipping incompatible /usr/lib32/libstdc++.a when searching for -lstdc++
/usr/bin/ld: skipping incompatible /usr/lib32/libm.so when searching for -lm
/usr/bin/ld: skipping incompatible /usr/lib32/libm.a when searching for -lm
collect2: error: ld returned 1 exit status
configure:18610: $? = 1
configure:18595: re-using the existing conftest.o
configure:18601: g++ -o conftest -g -O2 -std=c++14 -pipe     -L/usr/lib64 conftest.o -lboost_filesystem--d  -lboost_system >&5
/usr/bin/ld: cannot find -lboost_filesystem--d
collect2: error: ld returned 1 exit status
configure:18610: $? = 1
configure:18595: re-using the existing conftest.o
configure:18601: g++ -o conftest -g -O2 -std=c++14 -pipe     conftest.o -lboost_filesystem--d  -lboost_system >&5
/usr/bin/ld: cannot find -lboost_filesystem--d
collect2: error: ld returned 1 exit status
configure:18610: $? = 1
configure:18595: re-using the existing conftest.o
configure:18601: g++ -o conftest -g -O2 -std=c++14 -pipe     -L/lib conftest.o -lboost_filesystem--d  -lboost_system >&5
/usr/bin/ld: cannot find -lboost_filesystem--d
collect2: error: ld returned 1 exit status
configure:18610: $? = 1
configure:18595: re-using the existing conftest.o
configure:18601: g++ -o conftest -g -O2 -std=c++14 -pipe     -L/lib64 conftest.o -lboost_filesystem--d  -lboost_system >&5
/usr/bin/ld: cannot find -lboost_filesystem--d
collect2: error: ld returned 1 exit status
configure:18610: $? = 1
configure:18595: re-using the existing conftest.o
configure:18601: g++ -o conftest -g -O2 -std=c++14 -pipe     conftest.o -lboost_filesystem-mt-1_62  -lboost_system >&5
/usr/bin/ld: cannot find -lboost_filesystem-mt-1_62
collect2: error: ld returned 1 exit status
configure:18610: $? = 1
configure:18595: re-using the existing conftest.o
configure:18601: g++ -o conftest -g -O2 -std=c++14 -pipe     -L/usr/local/lib conftest.o -lboost_filesystem-mt-1_62  -lboost_system >&5
/usr/bin/ld: cannot find -lboost_filesystem-mt-1_62
collect2: error: ld returned 1 exit status
configure:18610: $? = 1
configure:18595: re-using the existing conftest.o
configure:18601: g++ -o conftest -g -O2 -std=c++14 -pipe     -L/usr/lib conftest.o -lboost_filesystem-mt-1_62  -lboost_system >&5
/usr/bin/ld: cannot find -lboost_filesystem-mt-1_62
collect2: error: ld returned 1 exit status
configure:18610: $? = 1
configure:18595: re-using the existing conftest.o
configure:18601: g++ -o conftest -g -O2 -std=c++14 -pipe     -L/usr/lib32 conftest.o -lboost_filesystem-mt-1_62  -lboost_system >&5
/usr/bin/ld: cannot find -lboost_filesystem-mt-1_62
/usr/bin/ld: skipping incompatible /usr/lib32/libstdc++.so when searching for -lstdc++
/usr/bin/ld: skipping incompatible /usr/lib32/libstdc++.a when searching for -lstdc++
/usr/bin/ld: skipping incompatible /usr/lib32/libm.so when searching for -lm
/usr/bin/ld: skipping incompatible /usr/lib32/libm.a when searching for -lm
collect2: error: ld returned 1 exit status
configure:18610: $? = 1
configure:18595: re-using the existing conftest.o
configure:18601: g++ -o conftest -g -O2 -std=c++14 -pipe     -L/usr/lib64 conftest.o -lboost_filesystem-mt-1_62  -lboost_system >&5
/usr/bin/ld: cannot find -lboost_filesystem-mt-1_62
collect2: error: ld returned 1 exit status
configure:18610: $? = 1
configure:18595: re-using the existing conftest.o
configure:18601: g++ -o conftest -g -O2 -std=c++14 -pipe     conftest.o -lboost_filesystem-mt-1_62  -lboost_system >&5
/usr/bin/ld: cannot find -lboost_filesystem-mt-1_62
collect2: error: ld returned 1 exit status
configure:18610: $? = 1
configure:18595: re-using the existing conftest.o
configure:18601: g++ -o conftest -g -O2 -std=c++14 -pipe     -L/lib conftest.o -lboost_filesystem-mt-1_62  -lboost_system >&5
/usr/bin/ld: cannot find -lboost_filesystem-mt-1_62
collect2: error: ld returned 1 exit status
configure:18610: $? = 1
configure:18595: re-using the existing conftest.o
configure:18601: g++ -o conftest -g -O2 -std=c++14 -pipe     -L/lib64 conftest.o -lboost_filesystem-mt-1_62  -lboost_system >&5
/usr/bin/ld: cannot find -lboost_filesystem-mt-1_62
collect2: error: ld returned 1 exit status
configure:18610: $? = 1
configure:18595: re-using the existing conftest.o
configure:18601: g++ -o conftest -g -O2 -std=c++14 -pipe     conftest.o -lboost_filesystem-1_62  -lboost_system >&5
/usr/bin/ld: cannot find -lboost_filesystem-1_62
collect2: error: ld returned 1 exit status
configure:18610: $? = 1
configure:18595: re-using the existing conftest.o
configure:18601: g++ -o conftest -g -O2 -std=c++14 -pipe     -L/usr/local/lib conftest.o -lboost_filesystem-1_62  -lboost_system >&5
/usr/bin/ld: cannot find -lboost_filesystem-1_62
collect2: error: ld returned 1 exit status
configure:18610: $? = 1
configure:18595: re-using the existing conftest.o
configure:18601: g++ -o conftest -g -O2 -std=c++14 -pipe     -L/usr/lib conftest.o -lboost_filesystem-1_62  -lboost_system >&5
/usr/bin/ld: cannot find -lboost_filesystem-1_62
collect2: error: ld returned 1 exit status
configure:18610: $? = 1
configure:18595: re-using the existing conftest.o
configure:18601: g++ -o conftest -g -O2 -std=c++14 -pipe     -L/usr/lib32 conftest.o -lboost_filesystem-1_62  -lboost_system >&5
/usr/bin/ld: cannot find -lboost_filesystem-1_62
/usr/bin/ld: skipping incompatible /usr/lib32/libstdc++.so when searching for -lstdc++
/usr/bin/ld: skipping incompatible /usr/lib32/libstdc++.a when searching for -lstdc++
/usr/bin/ld: skipping incompatible /usr/lib32/libm.so when searching for -lm
/usr/bin/ld: skipping incompatible /usr/lib32/libm.a when searching for -lm
collect2: error: ld returned 1 exit status
configure:18610: $? = 1
configure:18595: re-using the existing conftest.o
configure:18601: g++ -o conftest -g -O2 -std=c++14 -pipe     -L/usr/lib64 conftest.o -lboost_filesystem-1_62  -lboost_system >&5
/usr/bin/ld: cannot find -lboost_filesystem-1_62
collect2: error: ld returned 1 exit status
configure:18610: $? = 1
configure:18595: re-using the existing conftest.o
configure:18601: g++ -o conftest -g -O2 -std=c++14 -pipe     conftest.o -lboost_filesystem-1_62  -lboost_system >&5
/usr/bin/ld: cannot find -lboost_filesystem-1_62
collect2: error: ld returned 1 exit status
configure:18610: $? = 1
configure:18595: re-using the existing conftest.o
configure:18601: g++ -o conftest -g -O2 -std=c++14 -pipe     -L/lib conftest.o -lboost_filesystem-1_62  -lboost_system >&5
/usr/bin/ld: cannot find -lboost_filesystem-1_62
collect2: error: ld returned 1 exit status
configure:18610: $? = 1
configure:18595: re-using the existing conftest.o
configure:18601: g++ -o conftest -g -O2 -std=c++14 -pipe     -L/lib64 conftest.o -lboost_filesystem-1_62  -lboost_system >&5
/usr/bin/ld: cannot find -lboost_filesystem-1_62
collect2: error: ld returned 1 exit status
configure:18610: $? = 1
configure:18595: re-using the existing conftest.o
configure:18601: g++ -o conftest -g -O2 -std=c++14 -pipe     conftest.o -lboost_filesystem-mt-d-1_62  -lboost_system >&5
/usr/bin/ld: cannot find -lboost_filesystem-mt-d-1_62
collect2: error: ld returned 1 exit status
configure:18610: $? = 1
configure:18595: re-using the existing conftest.o
configure:18601: g++ -o conftest -g -O2 -std=c++14 -pipe     -L/usr/local/lib conftest.o -lboost_filesystem-mt-d-1_62  -lboost_system >&5
/usr/bin/ld: cannot find -lboost_filesystem-mt-d-1_62
collect2: error: ld returned 1 exit status
configure:18610: $? = 1
configure:18595: re-using the existing conftest.o
configure:18601: g++ -o conftest -g -O2 -std=c++14 -pipe     -L/usr/lib conftest.o -lboost_filesystem-mt-d-1_62  -lboost_system >&5
/usr/bin/ld: cannot find -lboost_filesystem-mt-d-1_62
collect2: error: ld returned 1 exit status
configure:18610: $? = 1
configure:18595: re-using the existing conftest.o
configure:18601: g++ -o conftest -g -O2 -std=c++14 -pipe     -L/usr/lib32 conftest.o -lboost_filesystem-mt-d-1_62  -lboost_system >&5
/usr/bin/ld: cannot find -lboost_filesystem-mt-d-1_62
/usr/bin/ld: skipping incompatible /usr/lib32/libstdc++.so when searching for -lstdc++
/usr/bin/ld: skipping incompatible /usr/lib32/libstdc++.a when searching for -lstdc++
/usr/bin/ld: skipping incompatible /usr/lib32/libm.so when searching for -lm
/usr/bin/ld: skipping incompatible /usr/lib32/libm.a when searching for -lm
collect2: error: ld returned 1 exit status
configure:18610: $? = 1
configure:18595: re-using the existing conftest.o
configure:18601: g++ -o conftest -g -O2 -std=c++14 -pipe     -L/usr/lib64 conftest.o -lboost_filesystem-mt-d-1_62  -lboost_system >&5
/usr/bin/ld: cannot find -lboost_filesystem-mt-d-1_62
collect2: error: ld returned 1 exit status
configure:18610: $? = 1
configure:18595: re-using the existing conftest.o
configure:18601: g++ -o conftest -g -O2 -std=c++14 -pipe     conftest.o -lboost_filesystem-mt-d-1_62  -lboost_system >&5
/usr/bin/ld: cannot find -lboost_filesystem-mt-d-1_62
collect2: error: ld returned 1 exit status
configure:18610: $? = 1
configure:18595: re-using the existing conftest.o
configure:18601: g++ -o conftest -g -O2 -std=c++14 -pipe     -L/lib conftest.o -lboost_filesystem-mt-d-1_62  -lboost_system >&5
/usr/bin/ld: cannot find -lboost_filesystem-mt-d-1_62
collect2: error: ld returned 1 exit status
configure:18610: $? = 1
configure:18595: re-using the existing conftest.o
configure:18601: g++ -o conftest -g -O2 -std=c++14 -pipe     -L/lib64 conftest.o -lboost_filesystem-mt-d-1_62  -lboost_system >&5
/usr/bin/ld: cannot find -lboost_filesystem-mt-d-1_62
collect2: error: ld returned 1 exit status
configure:18610: $? = 1
configure:18595: re-using the existing conftest.o
configure:18601: g++ -o conftest -g -O2 -std=c++14 -pipe     conftest.o -lboost_filesystem-d-1_62  -lboost_system >&5
/usr/bin/ld: cannot find -lboost_filesystem-d-1_62
collect2: error: ld returned 1 exit status
configure:18610: $? = 1
configure:18595: re-using the existing conftest.o
configure:18601: g++ -o conftest -g -O2 -std=c++14 -pipe     -L/usr/local/lib conftest.o -lboost_filesystem-d-1_62  -lboost_system >&5
/usr/bin/ld: cannot find -lboost_filesystem-d-1_62
collect2: error: ld returned 1 exit status
configure:18610: $? = 1
configure:18595: re-using the existing conftest.o
configure:18601: g++ -o conftest -g -O2 -std=c++14 -pipe     -L/usr/lib conftest.o -lboost_filesystem-d-1_62  -lboost_system >&5
/usr/bin/ld: cannot find -lboost_filesystem-d-1_62
collect2: error: ld returned 1 exit status
configure:18610: $? = 1
configure:18595: re-using the existing conftest.o
configure:18601: g++ -o conftest -g -O2 -std=c++14 -pipe     -L/usr/lib32 conftest.o -lboost_filesystem-d-1_62  -lboost_system >&5
/usr/bin/ld: cannot find -lboost_filesystem-d-1_62
/usr/bin/ld: skipping incompatible /usr/lib32/libstdc++.so when searching for -lstdc++
/usr/bin/ld: skipping incompatible /usr/lib32/libstdc++.a when searching for -lstdc++
/usr/bin/ld: skipping incompatible /usr/lib32/libm.so when searching for -lm
/usr/bin/ld: skipping incompatible /usr/lib32/libm.a when searching for -lm
collect2: error: ld returned 1 exit status
configure:18610: $? = 1
configure:18595: re-using the existing conftest.o
configure:18601: g++ -o conftest -g -O2 -std=c++14 -pipe     -L/usr/lib64 conftest.o -lboost_filesystem-d-1_62  -lboost_system >&5
/usr/bin/ld: cannot find -lboost_filesystem-d-1_62
collect2: error: ld returned 1 exit status
configure:18610: $? = 1
configure:18595: re-using the existing conftest.o
configure:18601: g++ -o conftest -g -O2 -std=c++14 -pipe     conftest.o -lboost_filesystem-d-1_62  -lboost_system >&5
/usr/bin/ld: cannot find -lboost_filesystem-d-1_62
collect2: error: ld returned 1 exit status
configure:18610: $? = 1
configure:18595: re-using the existing conftest.o
configure:18601: g++ -o conftest -g -O2 -std=c++14 -pipe     -L/lib conftest.o -lboost_filesystem-d-1_62  -lboost_system >&5
/usr/bin/ld: cannot find -lboost_filesystem-d-1_62
collect2: error: ld returned 1 exit status
configure:18610: $? = 1
configure:18595: re-using the existing conftest.o
configure:18601: g++ -o conftest -g -O2 -std=c++14 -pipe     -L/lib64 conftest.o -lboost_filesystem-d-1_62  -lboost_system >&5
/usr/bin/ld: cannot find -lboost_filesystem-d-1_62
collect2: error: ld returned 1 exit status
configure:18610: $? = 1
configure:18595: re-using the existing conftest.o
configure:18601: g++ -o conftest -g -O2 -std=c++14 -pipe     conftest.o -lboost_filesystem-mt  -lboost_system >&5
/usr/bin/ld: cannot find -lboost_filesystem-mt
collect2: error: ld returned 1 exit status
configure:18610: $? = 1
configure:18595: re-using the existing conftest.o
configure:18601: g++ -o conftest -g -O2 -std=c++14 -pipe     -L/usr/local/lib conftest.o -lboost_filesystem-mt  -lboost_system >&5
/usr/bin/ld: cannot find -lboost_filesystem-mt
collect2: error: ld returned 1 exit status
configure:18610: $? = 1
configure:18595: re-using the existing conftest.o
configure:18601: g++ -o conftest -g -O2 -std=c++14 -pipe     -L/usr/lib conftest.o -lboost_filesystem-mt  -lboost_system >&5
/usr/bin/ld: cannot find -lboost_filesystem-mt
collect2: error: ld returned 1 exit status
configure:18610: $? = 1
configure:18595: re-using the existing conftest.o
configure:18601: g++ -o conftest -g -O2 -std=c++14 -pipe     -L/usr/lib32 conftest.o -lboost_filesystem-mt  -lboost_system >&5
/usr/bin/ld: cannot find -lboost_filesystem-mt
/usr/bin/ld: skipping incompatible /usr/lib32/libstdc++.so when searching for -lstdc++
/usr/bin/ld: skipping incompatible /usr/lib32/libstdc++.a when searching for -lstdc++
/usr/bin/ld: skipping incompatible /usr/lib32/libm.so when searching for -lm
/usr/bin/ld: skipping incompatible /usr/lib32/libm.a when searching for -lm
collect2: error: ld returned 1 exit status
configure:18610: $? = 1
configure:18595: re-using the existing conftest.o
configure:18601: g++ -o conftest -g -O2 -std=c++14 -pipe     -L/usr/lib64 conftest.o -lboost_filesystem-mt  -lboost_system >&5
/usr/bin/ld: cannot find -lboost_filesystem-mt
collect2: error: ld returned 1 exit status
configure:18610: $? = 1
configure:18595: re-using the existing conftest.o
configure:18601: g++ -o conftest -g -O2 -std=c++14 -pipe     conftest.o -lboost_filesystem-mt  -lboost_system >&5
/usr/bin/ld: cannot find -lboost_filesystem-mt
collect2: error: ld returned 1 exit status
configure:18610: $? = 1
configure:18595: re-using the existing conftest.o
configure:18601: g++ -o conftest -g -O2 -std=c++14 -pipe     -L/lib conftest.o -lboost_filesystem-mt  -lboost_system >&5
/usr/bin/ld: cannot find -lboost_filesystem-mt
collect2: error: ld returned 1 exit status
configure:18610: $? = 1
configure:18595: re-using the existing conftest.o
configure:18601: g++ -o conftest -g -O2 -std=c++14 -pipe     -L/lib64 conftest.o -lboost_filesystem-mt  -lboost_system >&5
/usr/bin/ld: cannot find -lboost_filesystem-mt
collect2: error: ld returned 1 exit status
configure:18610: $? = 1
configure:18595: re-using the existing conftest.o
configure:18601: g++ -o conftest -g -O2 -std=c++14 -pipe     conftest.o -lboost_filesystem  -lboost_system >&5
configure:18610: $? = 0
configure:18721: result: yes
configure:18769: checking boost/graph/adjacency_list.hpp usability
configure:18769: g++ -c -g -O2 -std=c++14 -pipe   conftest.cpp >&5
configure:18769: $? = 0
configure:18769: result: yes
configure:18769: checking boost/graph/adjacency_list.hpp presence
configure:18769: g++ -E   conftest.cpp
configure:18769: $? = 0
configure:18769: result: yes
configure:18769: checking for boost/graph/adjacency_list.hpp
configure:18769: result: yes
configure:18789: checking for the Boost graph library
configure:18831: g++ -c -g -O2 -std=c++14 -pipe   conftest.cpp >&5
configure:18831: $? = 0
configure:18886: re-using the existing conftest.o
configure:18892: g++ -o conftest -g -O2 -std=c++14 -pipe    conftest.o -lboost_graph--mt-1_62  >&5
/usr/bin/ld: cannot find -lboost_graph--mt-1_62
collect2: error: ld returned 1 exit status
configure:18901: $? = 1
configure:18886: re-using the existing conftest.o
configure:18892: g++ -o conftest -g -O2 -std=c++14 -pipe    -L/usr/local/lib conftest.o -lboost_graph--mt-1_62  >&5
/usr/bin/ld: cannot find -lboost_graph--mt-1_62
collect2: error: ld returned 1 exit status
configure:18901: $? = 1
configure:18886: re-using the existing conftest.o
configure:18892: g++ -o conftest -g -O2 -std=c++14 -pipe    -L/usr/lib conftest.o -lboost_graph--mt-1_62  >&5
/usr/bin/ld: cannot find -lboost_graph--mt-1_62
collect2: error: ld returned 1 exit status
configure:18901: $? = 1
configure:18886: re-using the existing conftest.o
configure:18892: g++ -o conftest -g -O2 -std=c++14 -pipe    -L/usr/lib32 conftest.o -lboost_graph--mt-1_62  >&5
/usr/bin/ld: cannot find -lboost_graph--mt-1_62
/usr/bin/ld: skipping incompatible /usr/lib32/libstdc++.so when searching for -lstdc++
/usr/bin/ld: skipping incompatible /usr/lib32/libstdc++.a when searching for -lstdc++
/usr/bin/ld: skipping incompatible /usr/lib32/libm.so when searching for -lm
/usr/bin/ld: skipping incompatible /usr/lib32/libm.a when searching for -lm
collect2: error: ld returned 1 exit status
configure:18901: $? = 1
configure:18886: re-using the existing conftest.o
configure:18892: g++ -o conftest -g -O2 -std=c++14 -pipe    -L/usr/lib64 conftest.o -lboost_graph--mt-1_62  >&5
/usr/bin/ld: cannot find -lboost_graph--mt-1_62
collect2: error: ld returned 1 exit status
configure:18901: $? = 1
configure:18886: re-using the existing conftest.o
configure:18892: g++ -o conftest -g -O2 -std=c++14 -pipe    conftest.o -lboost_graph--mt-1_62  >&5
/usr/bin/ld: cannot find -lboost_graph--mt-1_62
collect2: error: ld returned 1 exit status
configure:18901: $? = 1
configure:18886: re-using the existing conftest.o
configure:18892: g++ -o conftest -g -O2 -std=c++14 -pipe    -L/lib conftest.o -lboost_graph--mt-1_62  >&5
/usr/bin/ld: cannot find -lboost_graph--mt-1_62
collect2: error: ld returned 1 exit status
configure:18901: $? = 1
configure:18886: re-using the existing conftest.o
configure:18892: g++ -o conftest -g -O2 -std=c++14 -pipe    -L/lib64 conftest.o -lboost_graph--mt-1_62  >&5
/usr/bin/ld: cannot find -lboost_graph--mt-1_62
collect2: error: ld returned 1 exit status
configure:18901: $? = 1
configure:18886: re-using the existing conftest.o
configure:18892: g++ -o conftest -g -O2 -std=c++14 -pipe    conftest.o -lboost_graph--1_62  >&5
/usr/bin/ld: cannot find -lboost_graph--1_62
collect2: error: ld returned 1 exit status
configure:18901: $? = 1
configure:18886: re-using the existing conftest.o
configure:18892: g++ -o conftest -g -O2 -std=c++14 -pipe    -L/usr/local/lib conftest.o -lboost_graph--1_62  >&5
/usr/bin/ld: cannot find -lboost_graph--1_62
collect2: error: ld returned 1 exit status
configure:18901: $? = 1
configure:18886: re-using the existing conftest.o
configure:18892: g++ -o conftest -g -O2 -std=c++14 -pipe    -L/usr/lib conftest.o -lboost_graph--1_62  >&5
/usr/bin/ld: cannot find -lboost_graph--1_62
collect2: error: ld returned 1 exit status
configure:18901: $? = 1
configure:18886: re-using the existing conftest.o
configure:18892: g++ -o conftest -g -O2 -std=c++14 -pipe    -L/usr/lib32 conftest.o -lboost_graph--1_62  >&5
/usr/bin/ld: cannot find -lboost_graph--1_62
/usr/bin/ld: skipping incompatible /usr/lib32/libstdc++.so when searching for -lstdc++
/usr/bin/ld: skipping incompatible /usr/lib32/libstdc++.a when searching for -lstdc++
/usr/bin/ld: skipping incompatible /usr/lib32/libm.so when searching for -lm
/usr/bin/ld: skipping incompatible /usr/lib32/libm.a when searching for -lm
collect2: error: ld returned 1 exit status
configure:18901: $? = 1
configure:18886: re-using the existing conftest.o
configure:18892: g++ -o conftest -g -O2 -std=c++14 -pipe    -L/usr/lib64 conftest.o -lboost_graph--1_62  >&5
/usr/bin/ld: cannot find -lboost_graph--1_62
collect2: error: ld returned 1 exit status
configure:18901: $? = 1
configure:18886: re-using the existing conftest.o
configure:18892: g++ -o conftest -g -O2 -std=c++14 -pipe    conftest.o -lboost_graph--1_62  >&5
/usr/bin/ld: cannot find -lboost_graph--1_62
collect2: error: ld returned 1 exit status
configure:18901: $? = 1
configure:18886: re-using the existing conftest.o
configure:18892: g++ -o conftest -g -O2 -std=c++14 -pipe    -L/lib conftest.o -lboost_graph--1_62  >&5
/usr/bin/ld: cannot find -lboost_graph--1_62
collect2: error: ld returned 1 exit status
configure:18901: $? = 1
configure:18886: re-using the existing conftest.o
configure:18892: g++ -o conftest -g -O2 -std=c++14 -pipe    -L/lib64 conftest.o -lboost_graph--1_62  >&5
/usr/bin/ld: cannot find -lboost_graph--1_62
collect2: error: ld returned 1 exit status
configure:18901: $? = 1
configure:18886: re-using the existing conftest.o
configure:18892: g++ -o conftest -g -O2 -std=c++14 -pipe    conftest.o -lboost_graph--mt-d-1_62  >&5
/usr/bin/ld: cannot find -lboost_graph--mt-d-1_62
collect2: error: ld returned 1 exit status
configure:18901: $? = 1
configure:18886: re-using the existing conftest.o
configure:18892: g++ -o conftest -g -O2 -std=c++14 -pipe    -L/usr/local/lib conftest.o -lboost_graph--mt-d-1_62  >&5
/usr/bin/ld: cannot find -lboost_graph--mt-d-1_62
collect2: error: ld returned 1 exit status
configure:18901: $? = 1
configure:18886: re-using the existing conftest.o
configure:18892: g++ -o conftest -g -O2 -std=c++14 -pipe    -L/usr/lib conftest.o -lboost_graph--mt-d-1_62  >&5
/usr/bin/ld: cannot find -lboost_graph--mt-d-1_62
collect2: error: ld returned 1 exit status
configure:18901: $? = 1
configure:18886: re-using the existing conftest.o
configure:18892: g++ -o conftest -g -O2 -std=c++14 -pipe    -L/usr/lib32 conftest.o -lboost_graph--mt-d-1_62  >&5
/usr/bin/ld: cannot find -lboost_graph--mt-d-1_62
/usr/bin/ld: skipping incompatible /usr/lib32/libstdc++.so when searching for -lstdc++
/usr/bin/ld: skipping incompatible /usr/lib32/libstdc++.a when searching for -lstdc++
/usr/bin/ld: skipping incompatible /usr/lib32/libm.so when searching for -lm
/usr/bin/ld: skipping incompatible /usr/lib32/libm.a when searching for -lm
collect2: error: ld returned 1 exit status
configure:18901: $? = 1
configure:18886: re-using the existing conftest.o
configure:18892: g++ -o conftest -g -O2 -std=c++14 -pipe    -L/usr/lib64 conftest.o -lboost_graph--mt-d-1_62  >&5
/usr/bin/ld: cannot find -lboost_graph--mt-d-1_62
collect2: error: ld returned 1 exit status
configure:18901: $? = 1
configure:18886: re-using the existing conftest.o
configure:18892: g++ -o conftest -g -O2 -std=c++14 -pipe    conftest.o -lboost_graph--mt-d-1_62  >&5
/usr/bin/ld: cannot find -lboost_graph--mt-d-1_62
collect2: error: ld returned 1 exit status
configure:18901: $? = 1
configure:18886: re-using the existing conftest.o
configure:18892: g++ -o conftest -g -O2 -std=c++14 -pipe    -L/lib conftest.o -lboost_graph--mt-d-1_62  >&5
/usr/bin/ld: cannot find -lboost_graph--mt-d-1_62
collect2: error: ld returned 1 exit status
configure:18901: $? = 1
configure:18886: re-using the existing conftest.o
configure:18892: g++ -o conftest -g -O2 -std=c++14 -pipe    -L/lib64 conftest.o -lboost_graph--mt-d-1_62  >&5
/usr/bin/ld: cannot find -lboost_graph--mt-d-1_62
collect2: error: ld returned 1 exit status
configure:18901: $? = 1
configure:18886: re-using the existing conftest.o
configure:18892: g++ -o conftest -g -O2 -std=c++14 -pipe    conftest.o -lboost_graph--d-1_62  >&5
/usr/bin/ld: cannot find -lboost_graph--d-1_62
collect2: error: ld returned 1 exit status
configure:18901: $? = 1
configure:18886: re-using the existing conftest.o
configure:18892: g++ -o conftest -g -O2 -std=c++14 -pipe    -L/usr/local/lib conftest.o -lboost_graph--d-1_62  >&5
/usr/bin/ld: cannot find -lboost_graph--d-1_62
collect2: error: ld returned 1 exit status
configure:18901: $? = 1
configure:18886: re-using the existing conftest.o
configure:18892: g++ -o conftest -g -O2 -std=c++14 -pipe    -L/usr/lib conftest.o -lboost_graph--d-1_62  >&5
/usr/bin/ld: cannot find -lboost_graph--d-1_62
collect2: error: ld returned 1 exit status
configure:18901: $? = 1
configure:18886: re-using the existing conftest.o
configure:18892: g++ -o conftest -g -O2 -std=c++14 -pipe    -L/usr/lib32 conftest.o -lboost_graph--d-1_62  >&5
/usr/bin/ld: cannot find -lboost_graph--d-1_62
/usr/bin/ld: skipping incompatible /usr/lib32/libstdc++.so when searching for -lstdc++
/usr/bin/ld: skipping incompatible /usr/lib32/libstdc++.a when searching for -lstdc++
/usr/bin/ld: skipping incompatible /usr/lib32/libm.so when searching for -lm
/usr/bin/ld: skipping incompatible /usr/lib32/libm.a when searching for -lm
collect2: error: ld returned 1 exit status
configure:18901: $? = 1
configure:18886: re-using the existing conftest.o
configure:18892: g++ -o conftest -g -O2 -std=c++14 -pipe    -L/usr/lib64 conftest.o -lboost_graph--d-1_62  >&5
/usr/bin/ld: cannot find -lboost_graph--d-1_62
collect2: error: ld returned 1 exit status
configure:18901: $? = 1
configure:18886: re-using the existing conftest.o
configure:18892: g++ -o conftest -g -O2 -std=c++14 -pipe    conftest.o -lboost_graph--d-1_62  >&5
/usr/bin/ld: cannot find -lboost_graph--d-1_62
collect2: error: ld returned 1 exit status
configure:18901: $? = 1
configure:18886: re-using the existing conftest.o
configure:18892: g++ -o conftest -g -O2 -std=c++14 -pipe    -L/lib conftest.o -lboost_graph--d-1_62  >&5
/usr/bin/ld: cannot find -lboost_graph--d-1_62
collect2: error: ld returned 1 exit status
configure:18901: $? = 1
configure:18886: re-using the existing conftest.o
configure:18892: g++ -o conftest -g -O2 -std=c++14 -pipe    -L/lib64 conftest.o -lboost_graph--d-1_62  >&5
/usr/bin/ld: cannot find -lboost_graph--d-1_62
collect2: error: ld returned 1 exit status
configure:18901: $? = 1
configure:18886: re-using the existing conftest.o
configure:18892: g++ -o conftest -g -O2 -std=c++14 -pipe    conftest.o -lboost_graph--mt  >&5
/usr/bin/ld: cannot find -lboost_graph--mt
collect2: error: ld returned 1 exit status
configure:18901: $? = 1
configure:18886: re-using the existing conftest.o
configure:18892: g++ -o conftest -g -O2 -std=c++14 -pipe    -L/usr/local/lib conftest.o -lboost_graph--mt  >&5
/usr/bin/ld: cannot find -lboost_graph--mt
collect2: error: ld returned 1 exit status
configure:18901: $? = 1
configure:18886: re-using the existing conftest.o
configure:18892: g++ -o conftest -g -O2 -std=c++14 -pipe    -L/usr/lib conftest.o -lboost_graph--mt  >&5
/usr/bin/ld: cannot find -lboost_graph--mt
collect2: error: ld returned 1 exit status
configure:18901: $? = 1
configure:18886: re-using the existing conftest.o
configure:18892: g++ -o conftest -g -O2 -std=c++14 -pipe    -L/usr/lib32 conftest.o -lboost_graph--mt  >&5
/usr/bin/ld: cannot find -lboost_graph--mt
/usr/bin/ld: skipping incompatible /usr/lib32/libstdc++.so when searching for -lstdc++
/usr/bin/ld: skipping incompatible /usr/lib32/libstdc++.a when searching for -lstdc++
/usr/bin/ld: skipping incompatible /usr/lib32/libm.so when searching for -lm
/usr/bin/ld: skipping incompatible /usr/lib32/libm.a when searching for -lm
collect2: error: ld returned 1 exit status
configure:18901: $? = 1
configure:18886: re-using the existing conftest.o
configure:18892: g++ -o conftest -g -O2 -std=c++14 -pipe    -L/usr/lib64 conftest.o -lboost_graph--mt  >&5
/usr/bin/ld: cannot find -lboost_graph--mt
collect2: error: ld returned 1 exit status
configure:18901: $? = 1
configure:18886: re-using the existing conftest.o
configure:18892: g++ -o conftest -g -O2 -std=c++14 -pipe    conftest.o -lboost_graph--mt  >&5
/usr/bin/ld: cannot find -lboost_graph--mt
collect2: error: ld returned 1 exit status
configure:18901: $? = 1
configure:18886: re-using the existing conftest.o
configure:18892: g++ -o conftest -g -O2 -std=c++14 -pipe    -L/lib conftest.o -lboost_graph--mt  >&5
/usr/bin/ld: cannot find -lboost_graph--mt
collect2: error: ld returned 1 exit status
configure:18901: $? = 1
configure:18886: re-using the existing conftest.o
configure:18892: g++ -o conftest -g -O2 -std=c++14 -pipe    -L/lib64 conftest.o -lboost_graph--mt  >&5
/usr/bin/ld: cannot find -lboost_graph--mt
collect2: error: ld returned 1 exit status
configure:18901: $? = 1
configure:18886: re-using the existing conftest.o
configure:18892: g++ -o conftest -g -O2 -std=c++14 -pipe    conftest.o -lboost_graph-  >&5
/usr/bin/ld: cannot find -lboost_graph-
collect2: error: ld returned 1 exit status
configure:18901: $? = 1
configure:18886: re-using the existing conftest.o
configure:18892: g++ -o conftest -g -O2 -std=c++14 -pipe    -L/usr/local/lib conftest.o -lboost_graph-  >&5
/usr/bin/ld: cannot find -lboost_graph-
collect2: error: ld returned 1 exit status
configure:18901: $? = 1
configure:18886: re-using the existing conftest.o
configure:18892: g++ -o conftest -g -O2 -std=c++14 -pipe    -L/usr/lib conftest.o -lboost_graph-  >&5
/usr/bin/ld: cannot find -lboost_graph-
collect2: error: ld returned 1 exit status
configure:18901: $? = 1
configure:18886: re-using the existing conftest.o
configure:18892: g++ -o conftest -g -O2 -std=c++14 -pipe    -L/usr/lib32 conftest.o -lboost_graph-  >&5
/usr/bin/ld: cannot find -lboost_graph-
/usr/bin/ld: skipping incompatible /usr/lib32/libstdc++.so when searching for -lstdc++
/usr/bin/ld: skipping incompatible /usr/lib32/libstdc++.a when searching for -lstdc++
/usr/bin/ld: skipping incompatible /usr/lib32/libm.so when searching for -lm
/usr/bin/ld: skipping incompatible /usr/lib32/libm.a when searching for -lm
collect2: error: ld returned 1 exit status
configure:18901: $? = 1
configure:18886: re-using the existing conftest.o
configure:18892: g++ -o conftest -g -O2 -std=c++14 -pipe    -L/usr/lib64 conftest.o -lboost_graph-  >&5
/usr/bin/ld: cannot find -lboost_graph-
collect2: error: ld returned 1 exit status
configure:18901: $? = 1
configure:18886: re-using the existing conftest.o
configure:18892: g++ -o conftest -g -O2 -std=c++14 -pipe    conftest.o -lboost_graph-  >&5
/usr/bin/ld: cannot find -lboost_graph-
collect2: error: ld returned 1 exit status
configure:18901: $? = 1
configure:18886: re-using the existing conftest.o
configure:18892: g++ -o conftest -g -O2 -std=c++14 -pipe    -L/lib conftest.o -lboost_graph-  >&5
/usr/bin/ld: cannot find -lboost_graph-
collect2: error: ld returned 1 exit status
configure:18901: $? = 1
configure:18886: re-using the existing conftest.o
configure:18892: g++ -o conftest -g -O2 -std=c++14 -pipe    -L/lib64 conftest.o -lboost_graph-  >&5
/usr/bin/ld: cannot find -lboost_graph-
collect2: error: ld returned 1 exit status
configure:18901: $? = 1
configure:18886: re-using the existing conftest.o
configure:18892: g++ -o conftest -g -O2 -std=c++14 -pipe    conftest.o -lboost_graph--mt-d  >&5
/usr/bin/ld: cannot find -lboost_graph--mt-d
collect2: error: ld returned 1 exit status
configure:18901: $? = 1
configure:18886: re-using the existing conftest.o
configure:18892: g++ -o conftest -g -O2 -std=c++14 -pipe    -L/usr/local/lib conftest.o -lboost_graph--mt-d  >&5
/usr/bin/ld: cannot find -lboost_graph--mt-d
collect2: error: ld returned 1 exit status
configure:18901: $? = 1
configure:18886: re-using the existing conftest.o
configure:18892: g++ -o conftest -g -O2 -std=c++14 -pipe    -L/usr/lib conftest.o -lboost_graph--mt-d  >&5
/usr/bin/ld: cannot find -lboost_graph--mt-d
collect2: error: ld returned 1 exit status
configure:18901: $? = 1
configure:18886: re-using the existing conftest.o
configure:18892: g++ -o conftest -g -O2 -std=c++14 -pipe    -L/usr/lib32 conftest.o -lboost_graph--mt-d  >&5
/usr/bin/ld: cannot find -lboost_graph--mt-d
/usr/bin/ld: skipping incompatible /usr/lib32/libstdc++.so when searching for -lstdc++
/usr/bin/ld: skipping incompatible /usr/lib32/libstdc++.a when searching for -lstdc++
/usr/bin/ld: skipping incompatible /usr/lib32/libm.so when searching for -lm
/usr/bin/ld: skipping incompatible /usr/lib32/libm.a when searching for -lm
collect2: error: ld returned 1 exit status
configure:18901: $? = 1
configure:18886: re-using the existing conftest.o
configure:18892: g++ -o conftest -g -O2 -std=c++14 -pipe    -L/usr/lib64 conftest.o -lboost_graph--mt-d  >&5
/usr/bin/ld: cannot find -lboost_graph--mt-d
collect2: error: ld returned 1 exit status
configure:18901: $? = 1
configure:18886: re-using the existing conftest.o
configure:18892: g++ -o conftest -g -O2 -std=c++14 -pipe    conftest.o -lboost_graph--mt-d  >&5
/usr/bin/ld: cannot find -lboost_graph--mt-d
collect2: error: ld returned 1 exit status
configure:18901: $? = 1
configure:18886: re-using the existing conftest.o
configure:18892: g++ -o conftest -g -O2 -std=c++14 -pipe    -L/lib conftest.o -lboost_graph--mt-d  >&5
/usr/bin/ld: cannot find -lboost_graph--mt-d
collect2: error: ld returned 1 exit status
configure:18901: $? = 1
configure:18886: re-using the existing conftest.o
configure:18892: g++ -o conftest -g -O2 -std=c++14 -pipe    -L/lib64 conftest.o -lboost_graph--mt-d  >&5
/usr/bin/ld: cannot find -lboost_graph--mt-d
collect2: error: ld returned 1 exit status
configure:18901: $? = 1
configure:18886: re-using the existing conftest.o
configure:18892: g++ -o conftest -g -O2 -std=c++14 -pipe    conftest.o -lboost_graph--d  >&5
/usr/bin/ld: cannot find -lboost_graph--d
collect2: error: ld returned 1 exit status
configure:18901: $? = 1
configure:18886: re-using the existing conftest.o
configure:18892: g++ -o conftest -g -O2 -std=c++14 -pipe    -L/usr/local/lib conftest.o -lboost_graph--d  >&5
/usr/bin/ld: cannot find -lboost_graph--d
collect2: error: ld returned 1 exit status
configure:18901: $? = 1
configure:18886: re-using the existing conftest.o
configure:18892: g++ -o conftest -g -O2 -std=c++14 -pipe    -L/usr/lib conftest.o -lboost_graph--d  >&5
/usr/bin/ld: cannot find -lboost_graph--d
collect2: error: ld returned 1 exit status
configure:18901: $? = 1
configure:18886: re-using the existing conftest.o
configure:18892: g++ -o conftest -g -O2 -std=c++14 -pipe    -L/usr/lib32 conftest.o -lboost_graph--d  >&5
/usr/bin/ld: cannot find -lboost_graph--d
/usr/bin/ld: skipping incompatible /usr/lib32/libstdc++.so when searching for -lstdc++
/usr/bin/ld: skipping incompatible /usr/lib32/libstdc++.a when searching for -lstdc++
/usr/bin/ld: skipping incompatible /usr/lib32/libm.so when searching for -lm
/usr/bin/ld: skipping incompatible /usr/lib32/libm.a when searching for -lm
collect2: error: ld returned 1 exit status
configure:18901: $? = 1
configure:18886: re-using the existing conftest.o
configure:18892: g++ -o conftest -g -O2 -std=c++14 -pipe    -L/usr/lib64 conftest.o -lboost_graph--d  >&5
/usr/bin/ld: cannot find -lboost_graph--d
collect2: error: ld returned 1 exit status
configure:18901: $? = 1
configure:18886: re-using the existing conftest.o
configure:18892: g++ -o conftest -g -O2 -std=c++14 -pipe    conftest.o -lboost_graph--d  >&5
/usr/bin/ld: cannot find -lboost_graph--d
collect2: error: ld returned 1 exit status
configure:18901: $? = 1
configure:18886: re-using the existing conftest.o
configure:18892: g++ -o conftest -g -O2 -std=c++14 -pipe    -L/lib conftest.o -lboost_graph--d  >&5
/usr/bin/ld: cannot find -lboost_graph--d
collect2: error: ld returned 1 exit status
configure:18901: $? = 1
configure:18886: re-using the existing conftest.o
configure:18892: g++ -o conftest -g -O2 -std=c++14 -pipe    -L/lib64 conftest.o -lboost_graph--d  >&5
/usr/bin/ld: cannot find -lboost_graph--d
collect2: error: ld returned 1 exit status
configure:18901: $? = 1
configure:18886: re-using the existing conftest.o
configure:18892: g++ -o conftest -g -O2 -std=c++14 -pipe    conftest.o -lboost_graph-mt-1_62  >&5
/usr/bin/ld: cannot find -lboost_graph-mt-1_62
collect2: error: ld returned 1 exit status
configure:18901: $? = 1
configure:18886: re-using the existing conftest.o
configure:18892: g++ -o conftest -g -O2 -std=c++14 -pipe    -L/usr/local/lib conftest.o -lboost_graph-mt-1_62  >&5
/usr/bin/ld: cannot find -lboost_graph-mt-1_62
collect2: error: ld returned 1 exit status
configure:18901: $? = 1
configure:18886: re-using the existing conftest.o
configure:18892: g++ -o conftest -g -O2 -std=c++14 -pipe    -L/usr/lib conftest.o -lboost_graph-mt-1_62  >&5
/usr/bin/ld: cannot find -lboost_graph-mt-1_62
collect2: error: ld returned 1 exit status
configure:18901: $? = 1
configure:18886: re-using the existing conftest.o
configure:18892: g++ -o conftest -g -O2 -std=c++14 -pipe    -L/usr/lib32 conftest.o -lboost_graph-mt-1_62  >&5
/usr/bin/ld: cannot find -lboost_graph-mt-1_62
/usr/bin/ld: skipping incompatible /usr/lib32/libstdc++.so when searching for -lstdc++
/usr/bin/ld: skipping incompatible /usr/lib32/libstdc++.a when searching for -lstdc++
/usr/bin/ld: skipping incompatible /usr/lib32/libm.so when searching for -lm
/usr/bin/ld: skipping incompatible /usr/lib32/libm.a when searching for -lm
collect2: error: ld returned 1 exit status
configure:18901: $? = 1
configure:18886: re-using the existing conftest.o
configure:18892: g++ -o conftest -g -O2 -std=c++14 -pipe    -L/usr/lib64 conftest.o -lboost_graph-mt-1_62  >&5
/usr/bin/ld: cannot find -lboost_graph-mt-1_62
collect2: error: ld returned 1 exit status
configure:18901: $? = 1
configure:18886: re-using the existing conftest.o
configure:18892: g++ -o conftest -g -O2 -std=c++14 -pipe    conftest.o -lboost_graph-mt-1_62  >&5
/usr/bin/ld: cannot find -lboost_graph-mt-1_62
collect2: error: ld returned 1 exit status
configure:18901: $? = 1
configure:18886: re-using the existing conftest.o
configure:18892: g++ -o conftest -g -O2 -std=c++14 -pipe    -L/lib conftest.o -lboost_graph-mt-1_62  >&5
/usr/bin/ld: cannot find -lboost_graph-mt-1_62
collect2: error: ld returned 1 exit status
configure:18901: $? = 1
configure:18886: re-using the existing conftest.o
configure:18892: g++ -o conftest -g -O2 -std=c++14 -pipe    -L/lib64 conftest.o -lboost_graph-mt-1_62  >&5
/usr/bin/ld: cannot find -lboost_graph-mt-1_62
collect2: error: ld returned 1 exit status
configure:18901: $? = 1
configure:18886: re-using the existing conftest.o
configure:18892: g++ -o conftest -g -O2 -std=c++14 -pipe    conftest.o -lboost_graph-1_62  >&5
/usr/bin/ld: cannot find -lboost_graph-1_62
collect2: error: ld returned 1 exit status
configure:18901: $? = 1
configure:18886: re-using the existing conftest.o
configure:18892: g++ -o conftest -g -O2 -std=c++14 -pipe    -L/usr/local/lib conftest.o -lboost_graph-1_62  >&5
/usr/bin/ld: cannot find -lboost_graph-1_62
collect2: error: ld returned 1 exit status
configure:18901: $? = 1
configure:18886: re-using the existing conftest.o
configure:18892: g++ -o conftest -g -O2 -std=c++14 -pipe    -L/usr/lib conftest.o -lboost_graph-1_62  >&5
/usr/bin/ld: cannot find -lboost_graph-1_62
collect2: error: ld returned 1 exit status
configure:18901: $? = 1
configure:18886: re-using the existing conftest.o
configure:18892: g++ -o conftest -g -O2 -std=c++14 -pipe    -L/usr/lib32 conftest.o -lboost_graph-1_62  >&5
/usr/bin/ld: cannot find -lboost_graph-1_62
/usr/bin/ld: skipping incompatible /usr/lib32/libstdc++.so when searching for -lstdc++
/usr/bin/ld: skipping incompatible /usr/lib32/libstdc++.a when searching for -lstdc++
/usr/bin/ld: skipping incompatible /usr/lib32/libm.so when searching for -lm
/usr/bin/ld: skipping incompatible /usr/lib32/libm.a when searching for -lm
collect2: error: ld returned 1 exit status
configure:18901: $? = 1
configure:18886: re-using the existing conftest.o
configure:18892: g++ -o conftest -g -O2 -std=c++14 -pipe    -L/usr/lib64 conftest.o -lboost_graph-1_62  >&5
/usr/bin/ld: cannot find -lboost_graph-1_62
collect2: error: ld returned 1 exit status
configure:18901: $? = 1
configure:18886: re-using the existing conftest.o
configure:18892: g++ -o conftest -g -O2 -std=c++14 -pipe    conftest.o -lboost_graph-1_62  >&5
/usr/bin/ld: cannot find -lboost_graph-1_62
collect2: error: ld returned 1 exit status
configure:18901: $? = 1
configure:18886: re-using the existing conftest.o
configure:18892: g++ -o conftest -g -O2 -std=c++14 -pipe    -L/lib conftest.o -lboost_graph-1_62  >&5
/usr/bin/ld: cannot find -lboost_graph-1_62
collect2: error: ld returned 1 exit status
configure:18901: $? = 1
configure:18886: re-using the existing conftest.o
configure:18892: g++ -o conftest -g -O2 -std=c++14 -pipe    -L/lib64 conftest.o -lboost_graph-1_62  >&5
/usr/bin/ld: cannot find -lboost_graph-1_62
collect2: error: ld returned 1 exit status
configure:18901: $? = 1
configure:18886: re-using the existing conftest.o
configure:18892: g++ -o conftest -g -O2 -std=c++14 -pipe    conftest.o -lboost_graph-mt-d-1_62  >&5
/usr/bin/ld: cannot find -lboost_graph-mt-d-1_62
collect2: error: ld returned 1 exit status
configure:18901: $? = 1
configure:18886: re-using the existing conftest.o
configure:18892: g++ -o conftest -g -O2 -std=c++14 -pipe    -L/usr/local/lib conftest.o -lboost_graph-mt-d-1_62  >&5
/usr/bin/ld: cannot find -lboost_graph-mt-d-1_62
collect2: error: ld returned 1 exit status
configure:18901: $? = 1
configure:18886: re-using the existing conftest.o
configure:18892: g++ -o conftest -g -O2 -std=c++14 -pipe    -L/usr/lib conftest.o -lboost_graph-mt-d-1_62  >&5
/usr/bin/ld: cannot find -lboost_graph-mt-d-1_62
collect2: error: ld returned 1 exit status
configure:18901: $? = 1
configure:18886: re-using the existing conftest.o
configure:18892: g++ -o conftest -g -O2 -std=c++14 -pipe    -L/usr/lib32 conftest.o -lboost_graph-mt-d-1_62  >&5
/usr/bin/ld: cannot find -lboost_graph-mt-d-1_62
/usr/bin/ld: skipping incompatible /usr/lib32/libstdc++.so when searching for -lstdc++
/usr/bin/ld: skipping incompatible /usr/lib32/libstdc++.a when searching for -lstdc++
/usr/bin/ld: skipping incompatible /usr/lib32/libm.so when searching for -lm
/usr/bin/ld: skipping incompatible /usr/lib32/libm.a when searching for -lm
collect2: error: ld returned 1 exit status
configure:18901: $? = 1
configure:18886: re-using the existing conftest.o
configure:18892: g++ -o conftest -g -O2 -std=c++14 -pipe    -L/usr/lib64 conftest.o -lboost_graph-mt-d-1_62  >&5
/usr/bin/ld: cannot find -lboost_graph-mt-d-1_62
collect2: error: ld returned 1 exit status
configure:18901: $? = 1
configure:18886: re-using the existing conftest.o
configure:18892: g++ -o conftest -g -O2 -std=c++14 -pipe    conftest.o -lboost_graph-mt-d-1_62  >&5
/usr/bin/ld: cannot find -lboost_graph-mt-d-1_62
collect2: error: ld returned 1 exit status
configure:18901: $? = 1
configure:18886: re-using the existing conftest.o
configure:18892: g++ -o conftest -g -O2 -std=c++14 -pipe    -L/lib conftest.o -lboost_graph-mt-d-1_62  >&5
/usr/bin/ld: cannot find -lboost_graph-mt-d-1_62
collect2: error: ld returned 1 exit status
configure:18901: $? = 1
configure:18886: re-using the existing conftest.o
configure:18892: g++ -o conftest -g -O2 -std=c++14 -pipe    -L/lib64 conftest.o -lboost_graph-mt-d-1_62  >&5
/usr/bin/ld: cannot find -lboost_graph-mt-d-1_62
collect2: error: ld returned 1 exit status
configure:18901: $? = 1
configure:18886: re-using the existing conftest.o
configure:18892: g++ -o conftest -g -O2 -std=c++14 -pipe    conftest.o -lboost_graph-d-1_62  >&5
/usr/bin/ld: cannot find -lboost_graph-d-1_62
collect2: error: ld returned 1 exit status
configure:18901: $? = 1
configure:18886: re-using the existing conftest.o
configure:18892: g++ -o conftest -g -O2 -std=c++14 -pipe    -L/usr/local/lib conftest.o -lboost_graph-d-1_62  >&5
/usr/bin/ld: cannot find -lboost_graph-d-1_62
collect2: error: ld returned 1 exit status
configure:18901: $? = 1
configure:18886: re-using the existing conftest.o
configure:18892: g++ -o conftest -g -O2 -std=c++14 -pipe    -L/usr/lib conftest.o -lboost_graph-d-1_62  >&5
/usr/bin/ld: cannot find -lboost_graph-d-1_62
collect2: error: ld returned 1 exit status
configure:18901: $? = 1
configure:18886: re-using the existing conftest.o
configure:18892: g++ -o conftest -g -O2 -std=c++14 -pipe    -L/usr/lib32 conftest.o -lboost_graph-d-1_62  >&5
/usr/bin/ld: cannot find -lboost_graph-d-1_62
/usr/bin/ld: skipping incompatible /usr/lib32/libstdc++.so when searching for -lstdc++
/usr/bin/ld: skipping incompatible /usr/lib32/libstdc++.a when searching for -lstdc++
/usr/bin/ld: skipping incompatible /usr/lib32/libm.so when searching for -lm
/usr/bin/ld: skipping incompatible /usr/lib32/libm.a when searching for -lm
collect2: error: ld returned 1 exit status
configure:18901: $? = 1
configure:18886: re-using the existing conftest.o
configure:18892: g++ -o conftest -g -O2 -std=c++14 -pipe    -L/usr/lib64 conftest.o -lboost_graph-d-1_62  >&5
/usr/bin/ld: cannot find -lboost_graph-d-1_62
collect2: error: ld returned 1 exit status
configure:18901: $? = 1
configure:18886: re-using the existing conftest.o
configure:18892: g++ -o conftest -g -O2 -std=c++14 -pipe    conftest.o -lboost_graph-d-1_62  >&5
/usr/bin/ld: cannot find -lboost_graph-d-1_62
collect2: error: ld returned 1 exit status
configure:18901: $? = 1
configure:18886: re-using the existing conftest.o
configure:18892: g++ -o conftest -g -O2 -std=c++14 -pipe    -L/lib conftest.o -lboost_graph-d-1_62  >&5
/usr/bin/ld: cannot find -lboost_graph-d-1_62
collect2: error: ld returned 1 exit status
configure:18901: $? = 1
configure:18886: re-using the existing conftest.o
configure:18892: g++ -o conftest -g -O2 -std=c++14 -pipe    -L/lib64 conftest.o -lboost_graph-d-1_62  >&5
/usr/bin/ld: cannot find -lboost_graph-d-1_62
collect2: error: ld returned 1 exit status
configure:18901: $? = 1
configure:18886: re-using the existing conftest.o
configure:18892: g++ -o conftest -g -O2 -std=c++14 -pipe    conftest.o -lboost_graph-mt  >&5
/usr/bin/ld: cannot find -lboost_graph-mt
collect2: error: ld returned 1 exit status
configure:18901: $? = 1
configure:18886: re-using the existing conftest.o
configure:18892: g++ -o conftest -g -O2 -std=c++14 -pipe    -L/usr/local/lib conftest.o -lboost_graph-mt  >&5
/usr/bin/ld: cannot find -lboost_graph-mt
collect2: error: ld returned 1 exit status
configure:18901: $? = 1
configure:18886: re-using the existing conftest.o
configure:18892: g++ -o conftest -g -O2 -std=c++14 -pipe    -L/usr/lib conftest.o -lboost_graph-mt  >&5
/usr/bin/ld: cannot find -lboost_graph-mt
collect2: error: ld returned 1 exit status
configure:18901: $? = 1
configure:18886: re-using the existing conftest.o
configure:18892: g++ -o conftest -g -O2 -std=c++14 -pipe    -L/usr/lib32 conftest.o -lboost_graph-mt  >&5
/usr/bin/ld: cannot find -lboost_graph-mt
/usr/bin/ld: skipping incompatible /usr/lib32/libstdc++.so when searching for -lstdc++
/usr/bin/ld: skipping incompatible /usr/lib32/libstdc++.a when searching for -lstdc++
/usr/bin/ld: skipping incompatible /usr/lib32/libm.so when searching for -lm
/usr/bin/ld: skipping incompatible /usr/lib32/libm.a when searching for -lm
collect2: error: ld returned 1 exit status
configure:18901: $? = 1
configure:18886: re-using the existing conftest.o
configure:18892: g++ -o conftest -g -O2 -std=c++14 -pipe    -L/usr/lib64 conftest.o -lboost_graph-mt  >&5
/usr/bin/ld: cannot find -lboost_graph-mt
collect2: error: ld returned 1 exit status
configure:18901: $? = 1
configure:18886: re-using the existing conftest.o
configure:18892: g++ -o conftest -g -O2 -std=c++14 -pipe    conftest.o -lboost_graph-mt  >&5
/usr/bin/ld: cannot find -lboost_graph-mt
collect2: error: ld returned 1 exit status
configure:18901: $? = 1
configure:18886: re-using the existing conftest.o
configure:18892: g++ -o conftest -g -O2 -std=c++14 -pipe    -L/lib conftest.o -lboost_graph-mt  >&5
/usr/bin/ld: cannot find -lboost_graph-mt
collect2: error: ld returned 1 exit status
configure:18901: $? = 1
configure:18886: re-using the existing conftest.o
configure:18892: g++ -o conftest -g -O2 -std=c++14 -pipe    -L/lib64 conftest.o -lboost_graph-mt  >&5
/usr/bin/ld: cannot find -lboost_graph-mt
collect2: error: ld returned 1 exit status
configure:18901: $? = 1
configure:18886: re-using the existing conftest.o
configure:18892: g++ -o conftest -g -O2 -std=c++14 -pipe    conftest.o -lboost_graph  >&5
configure:18901: $? = 0
configure:19012: result: yes
configure:19046: checking boost/preprocessor/repeat.hpp usability
configure:19046: g++ -c -g -O2 -std=c++14 -pipe   conftest.cpp >&5
configure:19046: $? = 0
configure:19046: result: yes
configure:19046: checking boost/preprocessor/repeat.hpp presence
configure:19046: g++ -E   conftest.cpp
configure:19046: $? = 0
configure:19046: result: yes
configure:19046: checking for boost/preprocessor/repeat.hpp
configure:19046: result: yes
configure:19085: checking boost/program_options.hpp usability
configure:19085: g++ -c -g -O2 -std=c++14 -pipe   conftest.cpp >&5
configure:19085: $? = 0
configure:19085: result: yes
configure:19085: checking boost/program_options.hpp presence
configure:19085: g++ -E   conftest.cpp
configure:19085: $? = 0
configure:19085: result: yes
configure:19085: checking for boost/program_options.hpp
configure:19085: result: yes
configure:19105: checking for the Boost program_options library
configure:19147: g++ -c -g -O2 -std=c++14 -pipe   conftest.cpp >&5
configure:19147: $? = 0
configure:19202: re-using the existing conftest.o
configure:19208: g++ -o conftest -g -O2 -std=c++14 -pipe    conftest.o -lboost_program_options--mt-1_62  >&5
/usr/bin/ld: cannot find -lboost_program_options--mt-1_62
collect2: error: ld returned 1 exit status
configure:19217: $? = 1
configure:19202: re-using the existing conftest.o
configure:19208: g++ -o conftest -g -O2 -std=c++14 -pipe    -L/usr/local/lib conftest.o -lboost_program_options--mt-1_62  >&5
/usr/bin/ld: cannot find -lboost_program_options--mt-1_62
collect2: error: ld returned 1 exit status
configure:19217: $? = 1
configure:19202: re-using the existing conftest.o
configure:19208: g++ -o conftest -g -O2 -std=c++14 -pipe    -L/usr/lib conftest.o -lboost_program_options--mt-1_62  >&5
/usr/bin/ld: cannot find -lboost_program_options--mt-1_62
collect2: error: ld returned 1 exit status
configure:19217: $? = 1
configure:19202: re-using the existing conftest.o
configure:19208: g++ -o conftest -g -O2 -std=c++14 -pipe    -L/usr/lib32 conftest.o -lboost_program_options--mt-1_62  >&5
/usr/bin/ld: cannot find -lboost_program_options--mt-1_62
/usr/bin/ld: skipping incompatible /usr/lib32/libstdc++.so when searching for -lstdc++
/usr/bin/ld: skipping incompatible /usr/lib32/libstdc++.a when searching for -lstdc++
/usr/bin/ld: skipping incompatible /usr/lib32/libm.so when searching for -lm
/usr/bin/ld: skipping incompatible /usr/lib32/libm.a when searching for -lm
collect2: error: ld returned 1 exit status
configure:19217: $? = 1
configure:19202: re-using the existing conftest.o
configure:19208: g++ -o conftest -g -O2 -std=c++14 -pipe    -L/usr/lib64 conftest.o -lboost_program_options--mt-1_62  >&5
/usr/bin/ld: cannot find -lboost_program_options--mt-1_62
collect2: error: ld returned 1 exit status
configure:19217: $? = 1
configure:19202: re-using the existing conftest.o
configure:19208: g++ -o conftest -g -O2 -std=c++14 -pipe    conftest.o -lboost_program_options--mt-1_62  >&5
/usr/bin/ld: cannot find -lboost_program_options--mt-1_62
collect2: error: ld returned 1 exit status
configure:19217: $? = 1
configure:19202: re-using the existing conftest.o
configure:19208: g++ -o conftest -g -O2 -std=c++14 -pipe    -L/lib conftest.o -lboost_program_options--mt-1_62  >&5
/usr/bin/ld: cannot find -lboost_program_options--mt-1_62
collect2: error: ld returned 1 exit status
configure:19217: $? = 1
configure:19202: re-using the existing conftest.o
configure:19208: g++ -o conftest -g -O2 -std=c++14 -pipe    -L/lib64 conftest.o -lboost_program_options--mt-1_62  >&5
/usr/bin/ld: cannot find -lboost_program_options--mt-1_62
collect2: error: ld returned 1 exit status
configure:19217: $? = 1
configure:19202: re-using the existing conftest.o
configure:19208: g++ -o conftest -g -O2 -std=c++14 -pipe    conftest.o -lboost_program_options--1_62  >&5
/usr/bin/ld: cannot find -lboost_program_options--1_62
collect2: error: ld returned 1 exit status
configure:19217: $? = 1
configure:19202: re-using the existing conftest.o
configure:19208: g++ -o conftest -g -O2 -std=c++14 -pipe    -L/usr/local/lib conftest.o -lboost_program_options--1_62  >&5
/usr/bin/ld: cannot find -lboost_program_options--1_62
collect2: error: ld returned 1 exit status
configure:19217: $? = 1
configure:19202: re-using the existing conftest.o
configure:19208: g++ -o conftest -g -O2 -std=c++14 -pipe    -L/usr/lib conftest.o -lboost_program_options--1_62  >&5
/usr/bin/ld: cannot find -lboost_program_options--1_62
collect2: error: ld returned 1 exit status
configure:19217: $? = 1
configure:19202: re-using the existing conftest.o
configure:19208: g++ -o conftest -g -O2 -std=c++14 -pipe    -L/usr/lib32 conftest.o -lboost_program_options--1_62  >&5
/usr/bin/ld: cannot find -lboost_program_options--1_62
/usr/bin/ld: skipping incompatible /usr/lib32/libstdc++.so when searching for -lstdc++
/usr/bin/ld: skipping incompatible /usr/lib32/libstdc++.a when searching for -lstdc++
/usr/bin/ld: skipping incompatible /usr/lib32/libm.so when searching for -lm
/usr/bin/ld: skipping incompatible /usr/lib32/libm.a when searching for -lm
collect2: error: ld returned 1 exit status
configure:19217: $? = 1
configure:19202: re-using the existing conftest.o
configure:19208: g++ -o conftest -g -O2 -std=c++14 -pipe    -L/usr/lib64 conftest.o -lboost_program_options--1_62  >&5
/usr/bin/ld: cannot find -lboost_program_options--1_62
collect2: error: ld returned 1 exit status
configure:19217: $? = 1
configure:19202: re-using the existing conftest.o
configure:19208: g++ -o conftest -g -O2 -std=c++14 -pipe    conftest.o -lboost_program_options--1_62  >&5
/usr/bin/ld: cannot find -lboost_program_options--1_62
collect2: error: ld returned 1 exit status
configure:19217: $? = 1
configure:19202: re-using the existing conftest.o
configure:19208: g++ -o conftest -g -O2 -std=c++14 -pipe    -L/lib conftest.o -lboost_program_options--1_62  >&5
/usr/bin/ld: cannot find -lboost_program_options--1_62
collect2: error: ld returned 1 exit status
configure:19217: $? = 1
configure:19202: re-using the existing conftest.o
configure:19208: g++ -o conftest -g -O2 -std=c++14 -pipe    -L/lib64 conftest.o -lboost_program_options--1_62  >&5
/usr/bin/ld: cannot find -lboost_program_options--1_62
collect2: error: ld returned 1 exit status
configure:19217: $? = 1
configure:19202: re-using the existing conftest.o
configure:19208: g++ -o conftest -g -O2 -std=c++14 -pipe    conftest.o -lboost_program_options--mt-d-1_62  >&5
/usr/bin/ld: cannot find -lboost_program_options--mt-d-1_62
collect2: error: ld returned 1 exit status
configure:19217: $? = 1
configure:19202: re-using the existing conftest.o
configure:19208: g++ -o conftest -g -O2 -std=c++14 -pipe    -L/usr/local/lib conftest.o -lboost_program_options--mt-d-1_62  >&5
/usr/bin/ld: cannot find -lboost_program_options--mt-d-1_62
collect2: error: ld returned 1 exit status
configure:19217: $? = 1
configure:19202: re-using the existing conftest.o
configure:19208: g++ -o conftest -g -O2 -std=c++14 -pipe    -L/usr/lib conftest.o -lboost_program_options--mt-d-1_62  >&5
/usr/bin/ld: cannot find -lboost_program_options--mt-d-1_62
collect2: error: ld returned 1 exit status
configure:19217: $? = 1
configure:19202: re-using the existing conftest.o
configure:19208: g++ -o conftest -g -O2 -std=c++14 -pipe    -L/usr/lib32 conftest.o -lboost_program_options--mt-d-1_62  >&5
/usr/bin/ld: cannot find -lboost_program_options--mt-d-1_62
/usr/bin/ld: skipping incompatible /usr/lib32/libstdc++.so when searching for -lstdc++
/usr/bin/ld: skipping incompatible /usr/lib32/libstdc++.a when searching for -lstdc++
/usr/bin/ld: skipping incompatible /usr/lib32/libm.so when searching for -lm
/usr/bin/ld: skipping incompatible /usr/lib32/libm.a when searching for -lm
collect2: error: ld returned 1 exit status
configure:19217: $? = 1
configure:19202: re-using the existing conftest.o
configure:19208: g++ -o conftest -g -O2 -std=c++14 -pipe    -L/usr/lib64 conftest.o -lboost_program_options--mt-d-1_62  >&5
/usr/bin/ld: cannot find -lboost_program_options--mt-d-1_62
collect2: error: ld returned 1 exit status
configure:19217: $? = 1
configure:19202: re-using the existing conftest.o
configure:19208: g++ -o conftest -g -O2 -std=c++14 -pipe    conftest.o -lboost_program_options--mt-d-1_62  >&5
/usr/bin/ld: cannot find -lboost_program_options--mt-d-1_62
collect2: error: ld returned 1 exit status
configure:19217: $? = 1
configure:19202: re-using the existing conftest.o
configure:19208: g++ -o conftest -g -O2 -std=c++14 -pipe    -L/lib conftest.o -lboost_program_options--mt-d-1_62  >&5
/usr/bin/ld: cannot find -lboost_program_options--mt-d-1_62
collect2: error: ld returned 1 exit status
configure:19217: $? = 1
configure:19202: re-using the existing conftest.o
configure:19208: g++ -o conftest -g -O2 -std=c++14 -pipe    -L/lib64 conftest.o -lboost_program_options--mt-d-1_62  >&5
/usr/bin/ld: cannot find -lboost_program_options--mt-d-1_62
collect2: error: ld returned 1 exit status
configure:19217: $? = 1
configure:19202: re-using the existing conftest.o
configure:19208: g++ -o conftest -g -O2 -std=c++14 -pipe    conftest.o -lboost_program_options--d-1_62  >&5
/usr/bin/ld: cannot find -lboost_program_options--d-1_62
collect2: error: ld returned 1 exit status
configure:19217: $? = 1
configure:19202: re-using the existing conftest.o
configure:19208: g++ -o conftest -g -O2 -std=c++14 -pipe    -L/usr/local/lib conftest.o -lboost_program_options--d-1_62  >&5
/usr/bin/ld: cannot find -lboost_program_options--d-1_62
collect2: error: ld returned 1 exit status
configure:19217: $? = 1
configure:19202: re-using the existing conftest.o
configure:19208: g++ -o conftest -g -O2 -std=c++14 -pipe    -L/usr/lib conftest.o -lboost_program_options--d-1_62  >&5
/usr/bin/ld: cannot find -lboost_program_options--d-1_62
collect2: error: ld returned 1 exit status
configure:19217: $? = 1
configure:19202: re-using the existing conftest.o
configure:19208: g++ -o conftest -g -O2 -std=c++14 -pipe    -L/usr/lib32 conftest.o -lboost_program_options--d-1_62  >&5
/usr/bin/ld: cannot find -lboost_program_options--d-1_62
/usr/bin/ld: skipping incompatible /usr/lib32/libstdc++.so when searching for -lstdc++
/usr/bin/ld: skipping incompatible /usr/lib32/libstdc++.a when searching for -lstdc++
/usr/bin/ld: skipping incompatible /usr/lib32/libm.so when searching for -lm
/usr/bin/ld: skipping incompatible /usr/lib32/libm.a when searching for -lm
collect2: error: ld returned 1 exit status
configure:19217: $? = 1
configure:19202: re-using the existing conftest.o
configure:19208: g++ -o conftest -g -O2 -std=c++14 -pipe    -L/usr/lib64 conftest.o -lboost_program_options--d-1_62  >&5
/usr/bin/ld: cannot find -lboost_program_options--d-1_62
collect2: error: ld returned 1 exit status
configure:19217: $? = 1
configure:19202: re-using the existing conftest.o
configure:19208: g++ -o conftest -g -O2 -std=c++14 -pipe    conftest.o -lboost_program_options--d-1_62  >&5
/usr/bin/ld: cannot find -lboost_program_options--d-1_62
collect2: error: ld returned 1 exit status
configure:19217: $? = 1
configure:19202: re-using the existing conftest.o
configure:19208: g++ -o conftest -g -O2 -std=c++14 -pipe    -L/lib conftest.o -lboost_program_options--d-1_62  >&5
/usr/bin/ld: cannot find -lboost_program_options--d-1_62
collect2: error: ld returned 1 exit status
configure:19217: $? = 1
configure:19202: re-using the existing conftest.o
configure:19208: g++ -o conftest -g -O2 -std=c++14 -pipe    -L/lib64 conftest.o -lboost_program_options--d-1_62  >&5
/usr/bin/ld: cannot find -lboost_program_options--d-1_62
collect2: error: ld returned 1 exit status
configure:19217: $? = 1
configure:19202: re-using the existing conftest.o
configure:19208: g++ -o conftest -g -O2 -std=c++14 -pipe    conftest.o -lboost_program_options--mt  >&5
/usr/bin/ld: cannot find -lboost_program_options--mt
collect2: error: ld returned 1 exit status
configure:19217: $? = 1
configure:19202: re-using the existing conftest.o
configure:19208: g++ -o conftest -g -O2 -std=c++14 -pipe    -L/usr/local/lib conftest.o -lboost_program_options--mt  >&5
/usr/bin/ld: cannot find -lboost_program_options--mt
collect2: error: ld returned 1 exit status
configure:19217: $? = 1
configure:19202: re-using the existing conftest.o
configure:19208: g++ -o conftest -g -O2 -std=c++14 -pipe    -L/usr/lib conftest.o -lboost_program_options--mt  >&5
/usr/bin/ld: cannot find -lboost_program_options--mt
collect2: error: ld returned 1 exit status
configure:19217: $? = 1
configure:19202: re-using the existing conftest.o
configure:19208: g++ -o conftest -g -O2 -std=c++14 -pipe    -L/usr/lib32 conftest.o -lboost_program_options--mt  >&5
/usr/bin/ld: cannot find -lboost_program_options--mt
/usr/bin/ld: skipping incompatible /usr/lib32/libstdc++.so when searching for -lstdc++
/usr/bin/ld: skipping incompatible /usr/lib32/libstdc++.a when searching for -lstdc++
/usr/bin/ld: skipping incompatible /usr/lib32/libm.so when searching for -lm
/usr/bin/ld: skipping incompatible /usr/lib32/libm.a when searching for -lm
collect2: error: ld returned 1 exit status
configure:19217: $? = 1
configure:19202: re-using the existing conftest.o
configure:19208: g++ -o conftest -g -O2 -std=c++14 -pipe    -L/usr/lib64 conftest.o -lboost_program_options--mt  >&5
/usr/bin/ld: cannot find -lboost_program_options--mt
collect2: error: ld returned 1 exit status
configure:19217: $? = 1
configure:19202: re-using the existing conftest.o
configure:19208: g++ -o conftest -g -O2 -std=c++14 -pipe    conftest.o -lboost_program_options--mt  >&5
/usr/bin/ld: cannot find -lboost_program_options--mt
collect2: error: ld returned 1 exit status
configure:19217: $? = 1
configure:19202: re-using the existing conftest.o
configure:19208: g++ -o conftest -g -O2 -std=c++14 -pipe    -L/lib conftest.o -lboost_program_options--mt  >&5
/usr/bin/ld: cannot find -lboost_program_options--mt
collect2: error: ld returned 1 exit status
configure:19217: $? = 1
configure:19202: re-using the existing conftest.o
configure:19208: g++ -o conftest -g -O2 -std=c++14 -pipe    -L/lib64 conftest.o -lboost_program_options--mt  >&5
/usr/bin/ld: cannot find -lboost_program_options--mt
collect2: error: ld returned 1 exit status
configure:19217: $? = 1
configure:19202: re-using the existing conftest.o
configure:19208: g++ -o conftest -g -O2 -std=c++14 -pipe    conftest.o -lboost_program_options-  >&5
/usr/bin/ld: cannot find -lboost_program_options-
collect2: error: ld returned 1 exit status
configure:19217: $? = 1
configure:19202: re-using the existing conftest.o
configure:19208: g++ -o conftest -g -O2 -std=c++14 -pipe    -L/usr/local/lib conftest.o -lboost_program_options-  >&5
/usr/bin/ld: cannot find -lboost_program_options-
collect2: error: ld returned 1 exit status
configure:19217: $? = 1
configure:19202: re-using the existing conftest.o
configure:19208: g++ -o conftest -g -O2 -std=c++14 -pipe    -L/usr/lib conftest.o -lboost_program_options-  >&5
/usr/bin/ld: cannot find -lboost_program_options-
collect2: error: ld returned 1 exit status
configure:19217: $? = 1
configure:19202: re-using the existing conftest.o
configure:19208: g++ -o conftest -g -O2 -std=c++14 -pipe    -L/usr/lib32 conftest.o -lboost_program_options-  >&5
/usr/bin/ld: cannot find -lboost_program_options-
/usr/bin/ld: skipping incompatible /usr/lib32/libstdc++.so when searching for -lstdc++
/usr/bin/ld: skipping incompatible /usr/lib32/libstdc++.a when searching for -lstdc++
/usr/bin/ld: skipping incompatible /usr/lib32/libm.so when searching for -lm
/usr/bin/ld: skipping incompatible /usr/lib32/libm.a when searching for -lm
collect2: error: ld returned 1 exit status
configure:19217: $? = 1
configure:19202: re-using the existing conftest.o
configure:19208: g++ -o conftest -g -O2 -std=c++14 -pipe    -L/usr/lib64 conftest.o -lboost_program_options-  >&5
/usr/bin/ld: cannot find -lboost_program_options-
collect2: error: ld returned 1 exit status
configure:19217: $? = 1
configure:19202: re-using the existing conftest.o
configure:19208: g++ -o conftest -g -O2 -std=c++14 -pipe    conftest.o -lboost_program_options-  >&5
/usr/bin/ld: cannot find -lboost_program_options-
collect2: error: ld returned 1 exit status
configure:19217: $? = 1
configure:19202: re-using the existing conftest.o
configure:19208: g++ -o conftest -g -O2 -std=c++14 -pipe    -L/lib conftest.o -lboost_program_options-  >&5
/usr/bin/ld: cannot find -lboost_program_options-
collect2: error: ld returned 1 exit status
configure:19217: $? = 1
configure:19202: re-using the existing conftest.o
configure:19208: g++ -o conftest -g -O2 -std=c++14 -pipe    -L/lib64 conftest.o -lboost_program_options-  >&5
/usr/bin/ld: cannot find -lboost_program_options-
collect2: error: ld returned 1 exit status
configure:19217: $? = 1
configure:19202: re-using the existing conftest.o
configure:19208: g++ -o conftest -g -O2 -std=c++14 -pipe    conftest.o -lboost_program_options--mt-d  >&5
/usr/bin/ld: cannot find -lboost_program_options--mt-d
collect2: error: ld returned 1 exit status
configure:19217: $? = 1
configure:19202: re-using the existing conftest.o
configure:19208: g++ -o conftest -g -O2 -std=c++14 -pipe    -L/usr/local/lib conftest.o -lboost_program_options--mt-d  >&5
/usr/bin/ld: cannot find -lboost_program_options--mt-d
collect2: error: ld returned 1 exit status
configure:19217: $? = 1
configure:19202: re-using the existing conftest.o
configure:19208: g++ -o conftest -g -O2 -std=c++14 -pipe    -L/usr/lib conftest.o -lboost_program_options--mt-d  >&5
/usr/bin/ld: cannot find -lboost_program_options--mt-d
collect2: error: ld returned 1 exit status
configure:19217: $? = 1
configure:19202: re-using the existing conftest.o
configure:19208: g++ -o conftest -g -O2 -std=c++14 -pipe    -L/usr/lib32 conftest.o -lboost_program_options--mt-d  >&5
/usr/bin/ld: cannot find -lboost_program_options--mt-d
/usr/bin/ld: skipping incompatible /usr/lib32/libstdc++.so when searching for -lstdc++
/usr/bin/ld: skipping incompatible /usr/lib32/libstdc++.a when searching for -lstdc++
/usr/bin/ld: skipping incompatible /usr/lib32/libm.so when searching for -lm
/usr/bin/ld: skipping incompatible /usr/lib32/libm.a when searching for -lm
collect2: error: ld returned 1 exit status
configure:19217: $? = 1
configure:19202: re-using the existing conftest.o
configure:19208: g++ -o conftest -g -O2 -std=c++14 -pipe    -L/usr/lib64 conftest.o -lboost_program_options--mt-d  >&5
/usr/bin/ld: cannot find -lboost_program_options--mt-d
collect2: error: ld returned 1 exit status
configure:19217: $? = 1
configure:19202: re-using the existing conftest.o
configure:19208: g++ -o conftest -g -O2 -std=c++14 -pipe    conftest.o -lboost_program_options--mt-d  >&5
/usr/bin/ld: cannot find -lboost_program_options--mt-d
collect2: error: ld returned 1 exit status
configure:19217: $? = 1
configure:19202: re-using the existing conftest.o
configure:19208: g++ -o conftest -g -O2 -std=c++14 -pipe    -L/lib conftest.o -lboost_program_options--mt-d  >&5
/usr/bin/ld: cannot find -lboost_program_options--mt-d
collect2: error: ld returned 1 exit status
configure:19217: $? = 1
configure:19202: re-using the existing conftest.o
configure:19208: g++ -o conftest -g -O2 -std=c++14 -pipe    -L/lib64 conftest.o -lboost_program_options--mt-d  >&5
/usr/bin/ld: cannot find -lboost_program_options--mt-d
collect2: error: ld returned 1 exit status
configure:19217: $? = 1
configure:19202: re-using the existing conftest.o
configure:19208: g++ -o conftest -g -O2 -std=c++14 -pipe    conftest.o -lboost_program_options--d  >&5
/usr/bin/ld: cannot find -lboost_program_options--d
collect2: error: ld returned 1 exit status
configure:19217: $? = 1
configure:19202: re-using the existing conftest.o
configure:19208: g++ -o conftest -g -O2 -std=c++14 -pipe    -L/usr/local/lib conftest.o -lboost_program_options--d  >&5
/usr/bin/ld: cannot find -lboost_program_options--d
collect2: error: ld returned 1 exit status
configure:19217: $? = 1
configure:19202: re-using the existing conftest.o
configure:19208: g++ -o conftest -g -O2 -std=c++14 -pipe    -L/usr/lib conftest.o -lboost_program_options--d  >&5
/usr/bin/ld: cannot find -lboost_program_options--d
collect2: error: ld returned 1 exit status
configure:19217: $? = 1
configure:19202: re-using the existing conftest.o
configure:19208: g++ -o conftest -g -O2 -std=c++14 -pipe    -L/usr/lib32 conftest.o -lboost_program_options--d  >&5
/usr/bin/ld: cannot find -lboost_program_options--d
/usr/bin/ld: skipping incompatible /usr/lib32/libstdc++.so when searching for -lstdc++
/usr/bin/ld: skipping incompatible /usr/lib32/libstdc++.a when searching for -lstdc++
/usr/bin/ld: skipping incompatible /usr/lib32/libm.so when searching for -lm
/usr/bin/ld: skipping incompatible /usr/lib32/libm.a when searching for -lm
collect2: error: ld returned 1 exit status
configure:19217: $? = 1
configure:19202: re-using the existing conftest.o
configure:19208: g++ -o conftest -g -O2 -std=c++14 -pipe    -L/usr/lib64 conftest.o -lboost_program_options--d  >&5
/usr/bin/ld: cannot find -lboost_program_options--d
collect2: error: ld returned 1 exit status
configure:19217: $? = 1
configure:19202: re-using the existing conftest.o
configure:19208: g++ -o conftest -g -O2 -std=c++14 -pipe    conftest.o -lboost_program_options--d  >&5
/usr/bin/ld: cannot find -lboost_program_options--d
collect2: error: ld returned 1 exit status
configure:19217: $? = 1
configure:19202: re-using the existing conftest.o
configure:19208: g++ -o conftest -g -O2 -std=c++14 -pipe    -L/lib conftest.o -lboost_program_options--d  >&5
/usr/bin/ld: cannot find -lboost_program_options--d
collect2: error: ld returned 1 exit status
configure:19217: $? = 1
configure:19202: re-using the existing conftest.o
configure:19208: g++ -o conftest -g -O2 -std=c++14 -pipe    -L/lib64 conftest.o -lboost_program_options--d  >&5
/usr/bin/ld: cannot find -lboost_program_options--d
collect2: error: ld returned 1 exit status
configure:19217: $? = 1
configure:19202: re-using the existing conftest.o
configure:19208: g++ -o conftest -g -O2 -std=c++14 -pipe    conftest.o -lboost_program_options-mt-1_62  >&5
/usr/bin/ld: cannot find -lboost_program_options-mt-1_62
collect2: error: ld returned 1 exit status
configure:19217: $? = 1
configure:19202: re-using the existing conftest.o
configure:19208: g++ -o conftest -g -O2 -std=c++14 -pipe    -L/usr/local/lib conftest.o -lboost_program_options-mt-1_62  >&5
/usr/bin/ld: cannot find -lboost_program_options-mt-1_62
collect2: error: ld returned 1 exit status
configure:19217: $? = 1
configure:19202: re-using the existing conftest.o
configure:19208: g++ -o conftest -g -O2 -std=c++14 -pipe    -L/usr/lib conftest.o -lboost_program_options-mt-1_62  >&5
/usr/bin/ld: cannot find -lboost_program_options-mt-1_62
collect2: error: ld returned 1 exit status
configure:19217: $? = 1
configure:19202: re-using the existing conftest.o
configure:19208: g++ -o conftest -g -O2 -std=c++14 -pipe    -L/usr/lib32 conftest.o -lboost_program_options-mt-1_62  >&5
/usr/bin/ld: cannot find -lboost_program_options-mt-1_62
/usr/bin/ld: skipping incompatible /usr/lib32/libstdc++.so when searching for -lstdc++
/usr/bin/ld: skipping incompatible /usr/lib32/libstdc++.a when searching for -lstdc++
/usr/bin/ld: skipping incompatible /usr/lib32/libm.so when searching for -lm
/usr/bin/ld: skipping incompatible /usr/lib32/libm.a when searching for -lm
collect2: error: ld returned 1 exit status
configure:19217: $? = 1
configure:19202: re-using the existing conftest.o
configure:19208: g++ -o conftest -g -O2 -std=c++14 -pipe    -L/usr/lib64 conftest.o -lboost_program_options-mt-1_62  >&5
/usr/bin/ld: cannot find -lboost_program_options-mt-1_62
collect2: error: ld returned 1 exit status
configure:19217: $? = 1
configure:19202: re-using the existing conftest.o
configure:19208: g++ -o conftest -g -O2 -std=c++14 -pipe    conftest.o -lboost_program_options-mt-1_62  >&5
/usr/bin/ld: cannot find -lboost_program_options-mt-1_62
collect2: error: ld returned 1 exit status
configure:19217: $? = 1
configure:19202: re-using the existing conftest.o
configure:19208: g++ -o conftest -g -O2 -std=c++14 -pipe    -L/lib conftest.o -lboost_program_options-mt-1_62  >&5
/usr/bin/ld: cannot find -lboost_program_options-mt-1_62
collect2: error: ld returned 1 exit status
configure:19217: $? = 1
configure:19202: re-using the existing conftest.o
configure:19208: g++ -o conftest -g -O2 -std=c++14 -pipe    -L/lib64 conftest.o -lboost_program_options-mt-1_62  >&5
/usr/bin/ld: cannot find -lboost_program_options-mt-1_62
collect2: error: ld returned 1 exit status
configure:19217: $? = 1
configure:19202: re-using the existing conftest.o
configure:19208: g++ -o conftest -g -O2 -std=c++14 -pipe    conftest.o -lboost_program_options-1_62  >&5
/usr/bin/ld: cannot find -lboost_program_options-1_62
collect2: error: ld returned 1 exit status
configure:19217: $? = 1
configure:19202: re-using the existing conftest.o
configure:19208: g++ -o conftest -g -O2 -std=c++14 -pipe    -L/usr/local/lib conftest.o -lboost_program_options-1_62  >&5
/usr/bin/ld: cannot find -lboost_program_options-1_62
collect2: error: ld returned 1 exit status
configure:19217: $? = 1
configure:19202: re-using the existing conftest.o
configure:19208: g++ -o conftest -g -O2 -std=c++14 -pipe    -L/usr/lib conftest.o -lboost_program_options-1_62  >&5
/usr/bin/ld: cannot find -lboost_program_options-1_62
collect2: error: ld returned 1 exit status
configure:19217: $? = 1
configure:19202: re-using the existing conftest.o
configure:19208: g++ -o conftest -g -O2 -std=c++14 -pipe    -L/usr/lib32 conftest.o -lboost_program_options-1_62  >&5
/usr/bin/ld: cannot find -lboost_program_options-1_62
/usr/bin/ld: skipping incompatible /usr/lib32/libstdc++.so when searching for -lstdc++
/usr/bin/ld: skipping incompatible /usr/lib32/libstdc++.a when searching for -lstdc++
/usr/bin/ld: skipping incompatible /usr/lib32/libm.so when searching for -lm
/usr/bin/ld: skipping incompatible /usr/lib32/libm.a when searching for -lm
collect2: error: ld returned 1 exit status
configure:19217: $? = 1
configure:19202: re-using the existing conftest.o
configure:19208: g++ -o conftest -g -O2 -std=c++14 -pipe    -L/usr/lib64 conftest.o -lboost_program_options-1_62  >&5
/usr/bin/ld: cannot find -lboost_program_options-1_62
collect2: error: ld returned 1 exit status
configure:19217: $? = 1
configure:19202: re-using the existing conftest.o
configure:19208: g++ -o conftest -g -O2 -std=c++14 -pipe    conftest.o -lboost_program_options-1_62  >&5
/usr/bin/ld: cannot find -lboost_program_options-1_62
collect2: error: ld returned 1 exit status
configure:19217: $? = 1
configure:19202: re-using the existing conftest.o
configure:19208: g++ -o conftest -g -O2 -std=c++14 -pipe    -L/lib conftest.o -lboost_program_options-1_62  >&5
/usr/bin/ld: cannot find -lboost_program_options-1_62
collect2: error: ld returned 1 exit status
configure:19217: $? = 1
configure:19202: re-using the existing conftest.o
configure:19208: g++ -o conftest -g -O2 -std=c++14 -pipe    -L/lib64 conftest.o -lboost_program_options-1_62  >&5
/usr/bin/ld: cannot find -lboost_program_options-1_62
collect2: error: ld returned 1 exit status
configure:19217: $? = 1
configure:19202: re-using the existing conftest.o
configure:19208: g++ -o conftest -g -O2 -std=c++14 -pipe    conftest.o -lboost_program_options-mt-d-1_62  >&5
/usr/bin/ld: cannot find -lboost_program_options-mt-d-1_62
collect2: error: ld returned 1 exit status
configure:19217: $? = 1
configure:19202: re-using the existing conftest.o
configure:19208: g++ -o conftest -g -O2 -std=c++14 -pipe    -L/usr/local/lib conftest.o -lboost_program_options-mt-d-1_62  >&5
/usr/bin/ld: cannot find -lboost_program_options-mt-d-1_62
collect2: error: ld returned 1 exit status
configure:19217: $? = 1
configure:19202: re-using the existing conftest.o
configure:19208: g++ -o conftest -g -O2 -std=c++14 -pipe    -L/usr/lib conftest.o -lboost_program_options-mt-d-1_62  >&5
/usr/bin/ld: cannot find -lboost_program_options-mt-d-1_62
collect2: error: ld returned 1 exit status
configure:19217: $? = 1
configure:19202: re-using the existing conftest.o
configure:19208: g++ -o conftest -g -O2 -std=c++14 -pipe    -L/usr/lib32 conftest.o -lboost_program_options-mt-d-1_62  >&5
/usr/bin/ld: cannot find -lboost_program_options-mt-d-1_62
/usr/bin/ld: skipping incompatible /usr/lib32/libstdc++.so when searching for -lstdc++
/usr/bin/ld: skipping incompatible /usr/lib32/libstdc++.a when searching for -lstdc++
/usr/bin/ld: skipping incompatible /usr/lib32/libm.so when searching for -lm
/usr/bin/ld: skipping incompatible /usr/lib32/libm.a when searching for -lm
collect2: error: ld returned 1 exit status
configure:19217: $? = 1
configure:19202: re-using the existing conftest.o
configure:19208: g++ -o conftest -g -O2 -std=c++14 -pipe    -L/usr/lib64 conftest.o -lboost_program_options-mt-d-1_62  >&5
/usr/bin/ld: cannot find -lboost_program_options-mt-d-1_62
collect2: error: ld returned 1 exit status
configure:19217: $? = 1
configure:19202: re-using the existing conftest.o
configure:19208: g++ -o conftest -g -O2 -std=c++14 -pipe    conftest.o -lboost_program_options-mt-d-1_62  >&5
/usr/bin/ld: cannot find -lboost_program_options-mt-d-1_62
collect2: error: ld returned 1 exit status
configure:19217: $? = 1
configure:19202: re-using the existing conftest.o
configure:19208: g++ -o conftest -g -O2 -std=c++14 -pipe    -L/lib conftest.o -lboost_program_options-mt-d-1_62  >&5
/usr/bin/ld: cannot find -lboost_program_options-mt-d-1_62
collect2: error: ld returned 1 exit status
configure:19217: $? = 1
configure:19202: re-using the existing conftest.o
configure:19208: g++ -o conftest -g -O2 -std=c++14 -pipe    -L/lib64 conftest.o -lboost_program_options-mt-d-1_62  >&5
/usr/bin/ld: cannot find -lboost_program_options-mt-d-1_62
collect2: error: ld returned 1 exit status
configure:19217: $? = 1
configure:19202: re-using the existing conftest.o
configure:19208: g++ -o conftest -g -O2 -std=c++14 -pipe    conftest.o -lboost_program_options-d-1_62  >&5
/usr/bin/ld: cannot find -lboost_program_options-d-1_62
collect2: error: ld returned 1 exit status
configure:19217: $? = 1
configure:19202: re-using the existing conftest.o
configure:19208: g++ -o conftest -g -O2 -std=c++14 -pipe    -L/usr/local/lib conftest.o -lboost_program_options-d-1_62  >&5
/usr/bin/ld: cannot find -lboost_program_options-d-1_62
collect2: error: ld returned 1 exit status
configure:19217: $? = 1
configure:19202: re-using the existing conftest.o
configure:19208: g++ -o conftest -g -O2 -std=c++14 -pipe    -L/usr/lib conftest.o -lboost_program_options-d-1_62  >&5
/usr/bin/ld: cannot find -lboost_program_options-d-1_62
collect2: error: ld returned 1 exit status
configure:19217: $? = 1
configure:19202: re-using the existing conftest.o
configure:19208: g++ -o conftest -g -O2 -std=c++14 -pipe    -L/usr/lib32 conftest.o -lboost_program_options-d-1_62  >&5
/usr/bin/ld: cannot find -lboost_program_options-d-1_62
/usr/bin/ld: skipping incompatible /usr/lib32/libstdc++.so when searching for -lstdc++
/usr/bin/ld: skipping incompatible /usr/lib32/libstdc++.a when searching for -lstdc++
/usr/bin/ld: skipping incompatible /usr/lib32/libm.so when searching for -lm
/usr/bin/ld: skipping incompatible /usr/lib32/libm.a when searching for -lm
collect2: error: ld returned 1 exit status
configure:19217: $? = 1
configure:19202: re-using the existing conftest.o
configure:19208: g++ -o conftest -g -O2 -std=c++14 -pipe    -L/usr/lib64 conftest.o -lboost_program_options-d-1_62  >&5
/usr/bin/ld: cannot find -lboost_program_options-d-1_62
collect2: error: ld returned 1 exit status
configure:19217: $? = 1
configure:19202: re-using the existing conftest.o
configure:19208: g++ -o conftest -g -O2 -std=c++14 -pipe    conftest.o -lboost_program_options-d-1_62  >&5
/usr/bin/ld: cannot find -lboost_program_options-d-1_62
collect2: error: ld returned 1 exit status
configure:19217: $? = 1
configure:19202: re-using the existing conftest.o
configure:19208: g++ -o conftest -g -O2 -std=c++14 -pipe    -L/lib conftest.o -lboost_program_options-d-1_62  >&5
/usr/bin/ld: cannot find -lboost_program_options-d-1_62
collect2: error: ld returned 1 exit status
configure:19217: $? = 1
configure:19202: re-using the existing conftest.o
configure:19208: g++ -o conftest -g -O2 -std=c++14 -pipe    -L/lib64 conftest.o -lboost_program_options-d-1_62  >&5
/usr/bin/ld: cannot find -lboost_program_options-d-1_62
collect2: error: ld returned 1 exit status
configure:19217: $? = 1
configure:19202: re-using the existing conftest.o
configure:19208: g++ -o conftest -g -O2 -std=c++14 -pipe    conftest.o -lboost_program_options-mt  >&5
/usr/bin/ld: cannot find -lboost_program_options-mt
collect2: error: ld returned 1 exit status
configure:19217: $? = 1
configure:19202: re-using the existing conftest.o
configure:19208: g++ -o conftest -g -O2 -std=c++14 -pipe    -L/usr/local/lib conftest.o -lboost_program_options-mt  >&5
/usr/bin/ld: cannot find -lboost_program_options-mt
collect2: error: ld returned 1 exit status
configure:19217: $? = 1
configure:19202: re-using the existing conftest.o
configure:19208: g++ -o conftest -g -O2 -std=c++14 -pipe    -L/usr/lib conftest.o -lboost_program_options-mt  >&5
/usr/bin/ld: cannot find -lboost_program_options-mt
collect2: error: ld returned 1 exit status
configure:19217: $? = 1
configure:19202: re-using the existing conftest.o
configure:19208: g++ -o conftest -g -O2 -std=c++14 -pipe    -L/usr/lib32 conftest.o -lboost_program_options-mt  >&5
/usr/bin/ld: cannot find -lboost_program_options-mt
/usr/bin/ld: skipping incompatible /usr/lib32/libstdc++.so when searching for -lstdc++
/usr/bin/ld: skipping incompatible /usr/lib32/libstdc++.a when searching for -lstdc++
/usr/bin/ld: skipping incompatible /usr/lib32/libm.so when searching for -lm
/usr/bin/ld: skipping incompatible /usr/lib32/libm.a when searching for -lm
collect2: error: ld returned 1 exit status
configure:19217: $? = 1
configure:19202: re-using the existing conftest.o
configure:19208: g++ -o conftest -g -O2 -std=c++14 -pipe    -L/usr/lib64 conftest.o -lboost_program_options-mt  >&5
/usr/bin/ld: cannot find -lboost_program_options-mt
collect2: error: ld returned 1 exit status
configure:19217: $? = 1
configure:19202: re-using the existing conftest.o
configure:19208: g++ -o conftest -g -O2 -std=c++14 -pipe    conftest.o -lboost_program_options-mt  >&5
/usr/bin/ld: cannot find -lboost_program_options-mt
collect2: error: ld returned 1 exit status
configure:19217: $? = 1
configure:19202: re-using the existing conftest.o
configure:19208: g++ -o conftest -g -O2 -std=c++14 -pipe    -L/lib conftest.o -lboost_program_options-mt  >&5
/usr/bin/ld: cannot find -lboost_program_options-mt
collect2: error: ld returned 1 exit status
configure:19217: $? = 1
configure:19202: re-using the existing conftest.o
configure:19208: g++ -o conftest -g -O2 -std=c++14 -pipe    -L/lib64 conftest.o -lboost_program_options-mt  >&5
/usr/bin/ld: cannot find -lboost_program_options-mt
collect2: error: ld returned 1 exit status
configure:19217: $? = 1
configure:19202: re-using the existing conftest.o
configure:19208: g++ -o conftest -g -O2 -std=c++14 -pipe    conftest.o -lboost_program_options  >&5
configure:19217: $? = 0
configure:19328: result: yes
configure:19362: checking boost/algorithm/string.hpp usability
configure:19362: g++ -c -g -O2 -std=c++14 -pipe   conftest.cpp >&5
configure:19362: $? = 0
configure:19362: result: yes
configure:19362: checking boost/algorithm/string.hpp presence
configure:19362: g++ -E   conftest.cpp
configure:19362: $? = 0
configure:19362: result: yes
configure:19362: checking for boost/algorithm/string.hpp
configure:19362: result: yes
configure:19402: checking for boost/system/error_code.hpp
configure:19402: result: yes
configure:19422: checking for the Boost system library
configure:19645: result: yes
configure:19679: checking boost/logic/tribool_fwd.hpp usability
configure:19679: g++ -c -g -O2 -std=c++14 -pipe   conftest.cpp >&5
configure:19679: $? = 0
configure:19679: result: yes
configure:19679: checking boost/logic/tribool_fwd.hpp presence
configure:19679: g++ -E   conftest.cpp
configure:19679: $? = 0
configure:19679: result: yes
configure:19679: checking for boost/logic/tribool_fwd.hpp
configure:19679: result: yes
configure:19708: checking boost/logic/tribool.hpp usability
configure:19708: g++ -c -g -O2 -std=c++14 -pipe   conftest.cpp >&5
configure:19708: $? = 0
configure:19708: result: yes
configure:19708: checking boost/logic/tribool.hpp presence
configure:19708: g++ -E   conftest.cpp
configure:19708: $? = 0
configure:19708: result: yes
configure:19708: checking for boost/logic/tribool.hpp
configure:19708: result: yes
configure:19739: checking boost/variant/variant_fwd.hpp usability
configure:19739: g++ -c -g -O2 -std=c++14 -pipe   conftest.cpp >&5
configure:19739: $? = 0
configure:19739: result: yes
configure:19739: checking boost/variant/variant_fwd.hpp presence
configure:19739: g++ -E   conftest.cpp
configure:19739: $? = 0
configure:19739: result: yes
configure:19739: checking for boost/variant/variant_fwd.hpp
configure:19739: result: yes
configure:19768: checking boost/variant.hpp usability
configure:19768: g++ -c -g -O2 -std=c++14 -pipe   conftest.cpp >&5
configure:19768: $? = 0
configure:19768: result: yes
configure:19768: checking boost/variant.hpp presence
configure:19768: g++ -E   conftest.cpp
configure:19768: $? = 0
configure:19768: result: yes
configure:19768: checking for boost/variant.hpp
configure:19768: result: yes
configure:19802: checking whether building tcsh
configure:19818: SWIG use disabled: dynamic libraries disabled
configure:20605: result: no
configure:20761: checking that generated files are newer than configure
configure:20767: result: done
configure:20814: creating ./config.status

## ---------------- ##
## Cache variables. ##
## ---------------- ##

ac_cv_BISON_actual_version=3.0.4
ac_cv_BISON_version=yes
ac_cv_FLEX_actual_version=2.6.1
ac_cv_FLEX_version=yes
ac_cv_build=x86_64-unknown-linux-gnu
ac_cv_c_compiler_gnu=yes
ac_cv_cxx_compiler_gnu=yes
ac_cv_cxx_supports_=yes
ac_cv_cxx_supports__W=yes
ac_cv_cxx_supports__Wall=yes
ac_cv_cxx_supports__Wbad_function_cast=no
ac_cv_cxx_supports__Wcast_align=yes
ac_cv_cxx_supports__Wcast_qual=yes
ac_cv_cxx_supports__Wformat=yes
ac_cv_cxx_supports__Wmissing_declarations=yes
ac_cv_cxx_supports__Wmissing_prototypes=no
ac_cv_cxx_supports__Wnested_externs=no
ac_cv_cxx_supports__Wno_shadow=yes
ac_cv_cxx_supports__Wno_strict_aliasing=yes
ac_cv_cxx_supports__Woverloaded_virtual=yes
ac_cv_cxx_supports__Wstrict_prototypes=no
ac_cv_cxx_supports__Wunused_function=yes
ac_cv_cxx_supports__Wunused_parameter=yes
ac_cv_cxx_supports__Wwrite_strings=yes
ac_cv_cxx_supports__wd111_193_279_383_444_522_654_810_981_1418=no
ac_cv_env_BISON_set=
ac_cv_env_BISON_value=
ac_cv_env_BOOST_ROOT_set=
ac_cv_env_BOOST_ROOT_value=
ac_cv_env_CCC_set=
ac_cv_env_CCC_value=
ac_cv_env_CC_set=
ac_cv_env_CC_value=
ac_cv_env_CFLAGS_set=
ac_cv_env_CFLAGS_value=
ac_cv_env_CPPFLAGS_set=
ac_cv_env_CPPFLAGS_value=
ac_cv_env_CPP_set=
ac_cv_env_CPP_value=
ac_cv_env_CXXCPP_set=
ac_cv_env_CXXCPP_value=
ac_cv_env_CXXFLAGS_set=
ac_cv_env_CXXFLAGS_value=
ac_cv_env_CXX_set=
ac_cv_env_CXX_value=
ac_cv_env_EMACSLOADPATH_set=
ac_cv_env_EMACSLOADPATH_value=
ac_cv_env_EMACS_set=
ac_cv_env_EMACS_value=
ac_cv_env_FLEX_set=
ac_cv_env_FLEX_value=
ac_cv_env_LDFLAGS_set=
ac_cv_env_LDFLAGS_value=
ac_cv_env_LIBS_set=
ac_cv_env_LIBS_value=
ac_cv_env_LT_SYS_LIBRARY_PATH_set=
ac_cv_env_LT_SYS_LIBRARY_PATH_value=
ac_cv_env_PYTHON_set=
ac_cv_env_PYTHON_value=
ac_cv_env_RUBY_CPPFLAGS_set=
ac_cv_env_RUBY_CPPFLAGS_value=
ac_cv_env_build_alias_set=
ac_cv_env_build_alias_value=
ac_cv_env_host_alias_set=
ac_cv_env_host_alias_value=
ac_cv_env_target_alias_set=
ac_cv_env_target_alias_value=
ac_cv_header_boost_algorithm_string_hpp=yes
ac_cv_header_boost_cast_hpp=yes
ac_cv_header_boost_filesystem_path_hpp=yes
ac_cv_header_boost_graph_adjacency_list_hpp=yes
ac_cv_header_boost_lexical_cast_hpp=yes
ac_cv_header_boost_logic_tribool_fwd_hpp=yes
ac_cv_header_boost_logic_tribool_hpp=yes
ac_cv_header_boost_preprocessor_repeat_hpp=yes
ac_cv_header_boost_program_options_hpp=yes
ac_cv_header_boost_system_error_code_hpp=yes
ac_cv_header_boost_variant_hpp=yes
ac_cv_header_boost_variant_variant_fwd_hpp=yes
ac_cv_header_dlfcn_h=yes
ac_cv_header_inttypes_h=yes
ac_cv_header_memory_h=yes
ac_cv_header_stdc=yes
ac_cv_header_stdint_h=yes
ac_cv_header_stdlib_h=yes
ac_cv_header_string_h=yes
ac_cv_header_strings_h=yes
ac_cv_header_sys_stat_h=yes
ac_cv_header_sys_types_h=yes
ac_cv_header_unistd_h=yes
ac_cv_host=x86_64-unknown-linux-gnu
ac_cv_objext=o
ac_cv_path_EGREP='/usr/bin/grep -E'
ac_cv_path_FGREP='/usr/bin/grep -F'
ac_cv_path_GREP=/usr/bin/grep
ac_cv_path_SED=/usr/bin/sed
ac_cv_path_install='/usr/bin/install -c'
ac_cv_path_lt_DD=/usr/bin/dd
ac_cv_path_mkdir=/usr/bin/mkdir
ac_cv_prog_AWK=gawk
ac_cv_prog_BISON=bison
ac_cv_prog_CPP='gcc -E'
ac_cv_prog_CXXCPP='g++ -E'
ac_cv_prog_FLEX=flex
ac_cv_prog_ac_ct_AR=ar
ac_cv_prog_ac_ct_CC=gcc
ac_cv_prog_ac_ct_CXX=g++
ac_cv_prog_ac_ct_OBJDUMP=objdump
ac_cv_prog_ac_ct_RANLIB=ranlib
ac_cv_prog_ac_ct_STRIP=strip
ac_cv_prog_cc_c89=
ac_cv_prog_cc_g=yes
ac_cv_prog_cxx_g=yes
ac_cv_prog_make_make_set=yes
am_cv_CC_dependencies_compiler_type=gcc3
am_cv_CXX_dependencies_compiler_type=gcc3
am_cv_ar_interface=ar
am_cv_lispdir='${datadir}/emacs/site-lisp'
am_cv_make_support_nested_variables=yes
am_cv_prog_cc_c_o=yes
ax_cv_check_cxxflags___pipe=yes
ax_cv_check_cxxflags___std_cpp14=yes
boost_cv_inc_path=yes
boost_cv_lib_filesystem=yes
boost_cv_lib_filesystem_LDPATH=
boost_cv_lib_filesystem_LIBS=-lboost_filesystem
boost_cv_lib_graph=yes
boost_cv_lib_graph_LDPATH=
boost_cv_lib_graph_LIBS=-lboost_graph
boost_cv_lib_program_options=yes
boost_cv_lib_program_options_LDPATH=
boost_cv_lib_program_options_LIBS=-lboost_program_options
boost_cv_lib_system=yes
boost_cv_lib_system_LDPATH=
boost_cv_lib_system_LIBS=-lboost_system
boost_cv_lib_tag=
boost_cv_lib_version=1_62
boost_cv_rpath_link_ldflag=
lt_cv_ar_at_file=@
lt_cv_deplibs_check_method=pass_all
lt_cv_file_magic_cmd='$MAGIC_CMD'
lt_cv_file_magic_test_file=
lt_cv_ld_reload_flag=-r
lt_cv_nm_interface='BSD nm'
lt_cv_objdir=.libs
lt_cv_path_LD=/usr/bin/ld
lt_cv_path_LDCXX='/usr/bin/ld -m elf_x86_64'
lt_cv_path_NM='/usr/bin/nm -B'
lt_cv_path_mainfest_tool=no
lt_cv_prog_compiler_c_o=yes
lt_cv_prog_compiler_c_o_CXX=yes
lt_cv_prog_compiler_pic='-fPIC -DPIC'
lt_cv_prog_compiler_pic_CXX='-fPIC -DPIC'
lt_cv_prog_compiler_pic_works=yes
lt_cv_prog_compiler_pic_works_CXX=yes
lt_cv_prog_compiler_rtti_exceptions=no
lt_cv_prog_compiler_static_works=yes
lt_cv_prog_compiler_static_works_CXX=yes
lt_cv_prog_gnu_ld=yes
lt_cv_prog_gnu_ldcxx=yes
lt_cv_sharedlib_from_linklib_cmd='printf %s\n'
lt_cv_shlibpath_overrides_runpath=no
lt_cv_sys_global_symbol_pipe='sed -n -e '\''s/^.*[	 ]\([ABCDGIRSTW][ABCDGIRSTW]*\)[	 ][	 ]*\([_A-Za-z][_A-Za-z0-9]*\)$/\1 \2 \2/p'\'' | sed '\''/ __gnu_lto/d'\'''
lt_cv_sys_global_symbol_to_c_name_address='sed -n -e '\''s/^: \(.*\) .*$/  {"\1", (void *) 0},/p'\'' -e '\''s/^[ABCDGIRSTW][ABCDGIRSTW]* .* \(.*\)$/  {"\1", (void *) \&\1},/p'\'''
lt_cv_sys_global_symbol_to_c_name_address_lib_prefix='sed -n -e '\''s/^: \(.*\) .*$/  {"\1", (void *) 0},/p'\'' -e '\''s/^[ABCDGIRSTW][ABCDGIRSTW]* .* \(lib.*\)$/  {"\1", (void *) \&\1},/p'\'' -e '\''s/^[ABCDGIRSTW][ABCDGIRSTW]* .* \(.*\)$/  {"lib\1", (void *) \&\1},/p'\'''
lt_cv_sys_global_symbol_to_cdecl='sed -n -e '\''s/^T .* \(.*\)$/extern int \1();/p'\'' -e '\''s/^[ABCDGIRSTW][ABCDGIRSTW]* .* \(.*\)$/extern char \1;/p'\'''
lt_cv_sys_global_symbol_to_import=
lt_cv_sys_max_cmd_len=1572864
lt_cv_to_host_file_cmd=func_convert_file_noop
lt_cv_to_tool_file_cmd=func_convert_file_noop
lt_cv_truncate_bin='/usr/bin/dd bs=4096 count=1'
tc_cv_with_tcsh=no

## ----------------- ##
## Output variables. ##
## ----------------- ##

ACLOCAL='${SHELL} /home/henri/TigerCompiler/build-aux/missing aclocal-1.15'
AMDEPBACKSLASH='\'
AMDEP_FALSE='#'
AMDEP_TRUE=''
AMTAR='$${TAR-tar}'
AM_BACKSLASH='\'
AM_DEFAULT_V='$(AM_DEFAULT_VERBOSITY)'
AM_DEFAULT_VERBOSITY='0'
AM_V='$(V)'
AR='ar'
AUTOCONF='${SHELL} /home/henri/TigerCompiler/build-aux/missing autoconf'
AUTOHEADER='${SHELL} /home/henri/TigerCompiler/build-aux/missing autoheader'
AUTOMAKE='${SHELL} /home/henri/TigerCompiler/build-aux/missing automake-1.15'
AWK='gawk'
BISON='bison'
BOOST_CPPFLAGS=''
BOOST_FILESYSTEM_LDFLAGS=''
BOOST_FILESYSTEM_LDPATH=''
BOOST_FILESYSTEM_LIBS='-lboost_filesystem'
BOOST_GRAPH_LDFLAGS=''
BOOST_GRAPH_LDPATH=''
BOOST_GRAPH_LIBS='-lboost_graph'
BOOST_LDPATH=''
BOOST_PROGRAM_OPTIONS_LDFLAGS=''
BOOST_PROGRAM_OPTIONS_LDPATH=''
BOOST_PROGRAM_OPTIONS_LIBS='-lboost_program_options'
BOOST_ROOT=''
BOOST_SYSTEM_LDFLAGS=''
BOOST_SYSTEM_LDPATH=''
BOOST_SYSTEM_LIBS='-lboost_system'
CC='gcc'
CCDEPMODE='depmode=gcc3'
CFLAGS='-g -O2'
CPP='gcc -E'
CPPFLAGS=''
CXX='g++'
CXXCPP='g++ -E'
CXXDEPMODE='depmode=gcc3'
CXXFLAGS='-g -O2 -std=c++14 -pipe'
CYGPATH_W='echo'
DARWIN_FALSE=''
DARWIN_TRUE='#'
DEFS='-DHAVE_CONFIG_H'
DEPDIR='.deps'
DISTCHECK_CONFIGURE_FLAGS=' '\''--with-boost='\'''
DLLTOOL='false'
DSYMUTIL=''
DUMPBIN=''
ECHO_C=''
ECHO_N='-n'
ECHO_T=''
EGREP='/usr/bin/grep -E'
EMACS='no'
EMACSLOADPATH=''
ENABLE_TCSH_FALSE=''
ENABLE_TCSH_TRUE='#'
EXEEXT=''
FGREP='/usr/bin/grep -F'
FLEX='flex'
GREP='/usr/bin/grep'
IA32_FREEBSD_FALSE=''
IA32_FREEBSD_TRUE='#'
IA32_GNU_LINUX_FALSE='#'
IA32_GNU_LINUX_TRUE=''
INSTALL_DATA='${INSTALL} -m 644'
INSTALL_PROGRAM='${INSTALL}'
INSTALL_SCRIPT='${INSTALL}'
INSTALL_STRIP_PROGRAM='$(install_sh) -c -s'
LD='/usr/bin/ld -m elf_x86_64'
LDFLAGS=''
LIBOBJS=''
LIBS=''
LIBTOOL='$(SHELL) $(top_builddir)/libtool'
LIPO=''
LN_S='ln -s'
LTLIBOBJS=''
LT_SYS_LIBRARY_PATH=''
MAKEINFO='${SHELL} /home/henri/TigerCompiler/build-aux/missing makeinfo'
MANIFEST_TOOL=':'
MKDIR_P='/usr/bin/mkdir -p'
NM='/usr/bin/nm -B'
NMEDIT=''
NO_STRICT_ALIASING_CXXFLAGS=' -Wno-strict-aliasing'
OBJDUMP='objdump'
OBJEXT='o'
OTOOL64=''
OTOOL=''
PACKAGE='fauche_r-tc'
PACKAGE_BUGREPORT='tiger@lrde.epita.fr'
PACKAGE_NAME='LRDE Tiger Compiler'
PACKAGE_STRING='LRDE Tiger Compiler 1.55'
PACKAGE_TARNAME='fauche_r-tc'
PACKAGE_URL='http://tiger.lrde.epita.fr'
PACKAGE_VERSION='1.55'
PATH_SEPARATOR=':'
PYTHON=''
PYTHONINC=''
PYTHON_EXEC_PREFIX=''
PYTHON_PLATFORM=''
PYTHON_PREFIX=''
PYTHON_VERSION=''
RANLIB='ranlib'
RUBY=''
RUBY_CPPFLAGS=''
SED='/usr/bin/sed'
SET_MAKE=''
SHELL='/bin/sh'
STRIP='strip'
SUPPORTED_IA32_FALSE='#'
SUPPORTED_IA32_TRUE=''
SWIG=''
SWIG_LIB=''
VERSION='1.55'
WARNING_CXXFLAGS=' -Wall -W -Wcast-align -Wcast-qual -Wformat -Wwrite-strings -Wmissing-declarations -Wunused-parameter -Wunused-function -Woverloaded-virtual  -Wno-shadow'
ac_ct_AR='ar'
ac_ct_CC='gcc'
ac_ct_CXX='g++'
ac_ct_DUMPBIN=''
am__EXEEXT_FALSE=''
am__EXEEXT_TRUE='#'
am__fastdepCC_FALSE='#'
am__fastdepCC_TRUE=''
am__fastdepCXX_FALSE='#'
am__fastdepCXX_TRUE=''
am__include='-include'
am__isrc=''
am__leading_dot='.'
am__nodep='_no'
am__quote=''
am__tar='$${TAR-tar} chof - "$$tardir"'
am__untar='$${TAR-tar} xf -'
bindir='${exec_prefix}/bin'
build='x86_64-unknown-linux-gnu'
build_alias=''
build_cpu='x86_64'
build_os='linux-gnu'
build_vendor='unknown'
datadir='${datarootdir}'
datarootdir='${prefix}/share'
docdir='${datarootdir}/doc/${PACKAGE_TARNAME}'
dvidir='${docdir}'
exec_prefix='${prefix}'
host='x86_64-unknown-linux-gnu'
host_alias=''
host_cpu='x86_64'
host_os='linux-gnu'
host_vendor='unknown'
htmldir='${docdir}'
includedir='${prefix}/include'
infodir='${datarootdir}/info'
install_sh='${SHELL} /home/henri/TigerCompiler/build-aux/install-sh'
libdir='${exec_prefix}/lib'
libexecdir='${exec_prefix}/libexec'
lispdir='${datadir}/emacs/site-lisp'
localedir='${datarootdir}/locale'
localstatedir='${prefix}/var'
mandir='${datarootdir}/man'
mkdir_p='$(MKDIR_P)'
oldincludedir='/usr/include'
pdfdir='${docdir}'
pkgpyexecdir=''
pkgpythondir=''
prefix='/usr/local'
program_transform_name='s,x,x,'
psdir='${docdir}'
pyexecdir=''
pythondir=''
sbindir='${exec_prefix}/sbin'
sharedstatedir='${prefix}/com'
sysconfdir='${prefix}/etc'
target_alias=''

## ----------- ##
## confdefs.h. ##
## ----------- ##

/* confdefs.h */
#define PACKAGE_NAME "LRDE Tiger Compiler"
#define PACKAGE_TARNAME "fauche_r-tc"
#define PACKAGE_VERSION "1.55"
#define PACKAGE_STRING "LRDE Tiger Compiler 1.55"
#define PACKAGE_BUGREPORT "tiger@lrde.epita.fr"
#define PACKAGE_URL "http://tiger.lrde.epita.fr"
#define PACKAGE "fauche_r-tc"
#define VERSION "1.55"
#define FLEX_MAJOR_VERSION 2
#define FLEX_MINOR_VERSION 6
#define FLEX_SUBMINOR_VERSION 1
#define STDC_HEADERS 1
#define HAVE_SYS_TYPES_H 1
#define HAVE_SYS_STAT_H 1
#define HAVE_STDLIB_H 1
#define HAVE_STRING_H 1
#define HAVE_MEMORY_H 1
#define HAVE_STRINGS_H 1
#define HAVE_INTTYPES_H 1
#define HAVE_STDINT_H 1
#define HAVE_UNISTD_H 1
#define HAVE_DLFCN_H 1
#define LT_OBJDIR ".libs/"
#define HAVE_BOOST 1
#define HAVE_BOOST_CAST_HPP 1
#define HAVE_BOOST_LEXICAL_CAST_HPP 1
#define HAVE_BOOST_SYSTEM_ERROR_CODE_HPP 1
#define HAVE_BOOST_FILESYSTEM_PATH_HPP 1
#define HAVE_BOOST_GRAPH_ADJACENCY_LIST_HPP 1
#define HAVE_BOOST_PREPROCESSOR_REPEAT_HPP 1
#define HAVE_BOOST_PROGRAM_OPTIONS_HPP 1
#define HAVE_BOOST_ALGORITHM_STRING_HPP 1
#define HAVE_BOOST_SYSTEM_ERROR_CODE_HPP 1
#define HAVE_BOOST_LOGIC_TRIBOOL_FWD_HPP 1
#define HAVE_BOOST_LOGIC_TRIBOOL_HPP 1
#define HAVE_BOOST_VARIANT_VARIANT_FWD_HPP 1
#define HAVE_BOOST_VARIANT_HPP 1

configure: exit 0

## ---------------------- ##
## Running config.status. ##
## ---------------------- ##

This file was extended by LRDE Tiger Compiler config.status 1.55, which was
generated by GNU Autoconf 2.69.  Invocation command line was

  CONFIG_FILES    = 
  CONFIG_HEADERS  = 
  CONFIG_LINKS    = 
  CONFIG_COMMANDS = 
  $ ./config.status 

on henri-pc

config.status:1223: creating build-aux/bin/flex++
config.status:1223: creating build-aux/bin/bison++
config.status:1223: creating tcsh/Makefile
config.status:1223: creating tcsh/python/Makefile
config.status:1223: creating tcsh/ruby/Makefile
config.status:1223: creating doc/Doxyfile
config.status:1223: creating tcsh/run
config.status:1223: creating tests/Makefile
config.status:1223: creating Makefile
config.status:1223: creating config.h
config.status:1404: config.h is unchanged
config.status:1452: executing depfiles commands
config.status:1452: executing libtool commands

## ---------------------- ##
## Running config.status. ##
## ---------------------- ##

This file was extended by LRDE Tiger Compiler config.status 1.55, which was
generated by GNU Autoconf 2.69.  Invocation command line was

  CONFIG_FILES    = 
  CONFIG_HEADERS  = 
  CONFIG_LINKS    = 
  CONFIG_COMMANDS = 
  $ ./config.status config.h

on henri-pc

config.status:1223: creating config.h
config.status:1404: config.h is unchanged
